{"/Users/kevinvelasco/Desktop/programacion/locha-mesh-chat/App.js": {"path":"/Users/kevinvelasco/Desktop/programacion/locha-mesh-chat/App.js","statementMap":{"0":{"start":{"line":15,"column":21},"end":{"line":22,"column":1}},"1":{"start":{"line":16,"column":2},"end":{"line":21,"column":4}},"2":{"start":{"line":18,"column":6},"end":{"line":18,"column":50}},"3":{"start":{"line":23,"column":34},"end":{"line":26,"column":16}},"4":{"start":{"line":28,"column":24},"end":{"line":28,"column":38}},"5":{"start":{"line":29,"column":23},"end":{"line":29,"column":36}},"6":{"start":{"line":30,"column":27},"end":{"line":30,"column":44}},"7":{"start":{"line":31,"column":28},"end":{"line":31,"column":46}},"8":{"start":{"line":36,"column":4},"end":{"line":36,"column":62}},"9":{"start":{"line":40,"column":4},"end":{"line":40,"column":44}},"10":{"start":{"line":42,"column":4},"end":{"line":48,"column":6}}},"fnMap":{"0":{"name":"(anonymous_0)","decl":{"start":{"line":15,"column":21},"end":{"line":15,"column":22}},"loc":{"start":{"line":16,"column":2},"end":{"line":21,"column":4}},"line":16},"1":{"name":"(anonymous_1)","decl":{"start":{"line":17,"column":9},"end":{"line":17,"column":10}},"loc":{"start":{"line":17,"column":18},"end":{"line":19,"column":5}},"line":17},"2":{"name":"(anonymous_2)","decl":{"start":{"line":35,"column":2},"end":{"line":35,"column":3}},"loc":{"start":{"line":35,"column":22},"end":{"line":37,"column":3}},"line":35},"3":{"name":"(anonymous_3)","decl":{"start":{"line":39,"column":2},"end":{"line":39,"column":3}},"loc":{"start":{"line":39,"column":11},"end":{"line":49,"column":3}},"line":39}},"branchMap":{},"s":{"0":10,"1":0,"2":0,"3":10,"4":10,"5":10,"6":10,"7":10,"8":0,"9":0,"10":0},"f":{"0":0,"1":0,"2":0,"3":0},"b":{},"_coverageSchema":"1a1c01bbd47fc00a2c39e90264f33305004495a9","hash":"e44d2d9622171ac83b6c60313e0c6e49f0fa5e25"}
,"/Users/kevinvelasco/Desktop/programacion/locha-mesh-chat/assetsTransformer.js": {"path":"/Users/kevinvelasco/Desktop/programacion/locha-mesh-chat/assetsTransformer.js","statementMap":{"0":{"start":{"line":2,"column":13},"end":{"line":2,"column":28}},"1":{"start":{"line":4,"column":0},"end":{"line":8,"column":2}},"2":{"start":{"line":6,"column":4},"end":{"line":6,"column":74}}},"fnMap":{"0":{"name":"(anonymous_0)","decl":{"start":{"line":5,"column":2},"end":{"line":5,"column":3}},"loc":{"start":{"line":5,"column":42},"end":{"line":7,"column":3}},"line":5}},"branchMap":{},"s":{"0":10,"1":10,"2":0},"f":{"0":0},"b":{},"_coverageSchema":"1a1c01bbd47fc00a2c39e90264f33305004495a9","hash":"0c76bccf15979eeb2dbe723b27a56c38afbf45bf"}
,"/Users/kevinvelasco/Desktop/programacion/locha-mesh-chat/__Mocks__/dataMock.js": {"path":"/Users/kevinvelasco/Desktop/programacion/locha-mesh-chat/__Mocks__/dataMock.js","statementMap":{"0":{"start":{"line":2,"column":21},"end":{"line":8,"column":1}},"1":{"start":{"line":10,"column":21},"end":{"line":16,"column":1}},"2":{"start":{"line":18,"column":21},"end":{"line":23,"column":1}},"3":{"start":{"line":26,"column":21},"end":{"line":31,"column":1}},"4":{"start":{"line":33,"column":17},"end":{"line":45,"column":1}},"5":{"start":{"line":48,"column":23},"end":{"line":57,"column":1}},"6":{"start":{"line":60,"column":24},"end":{"line":69,"column":1}},"7":{"start":{"line":71,"column":24},"end":{"line":80,"column":1}},"8":{"start":{"line":83,"column":24},"end":{"line":92,"column":1}},"9":{"start":{"line":94,"column":20},"end":{"line":99,"column":1}},"10":{"start":{"line":102,"column":21},"end":{"line":106,"column":1}},"11":{"start":{"line":109,"column":22},"end":{"line":113,"column":1}},"12":{"start":{"line":116,"column":22},"end":{"line":125,"column":1}}},"fnMap":{},"branchMap":{},"s":{"0":2,"1":2,"2":2,"3":2,"4":2,"5":2,"6":2,"7":2,"8":2,"9":2,"10":2,"11":2,"12":2},"f":{},"b":{},"_coverageSchema":"1a1c01bbd47fc00a2c39e90264f33305004495a9","hash":"71959254d45ea4e776ee4789637028139e2094ef"}
,"/Users/kevinvelasco/Desktop/programacion/locha-mesh-chat/__Mocks__/index.js": {"path":"/Users/kevinvelasco/Desktop/programacion/locha-mesh-chat/__Mocks__/index.js","statementMap":{"0":{"start":{"line":11,"column":0},"end":{"line":55,"column":4}},"1":{"start":{"line":11,"column":36},"end":{"line":55,"column":1}},"2":{"start":{"line":20,"column":24},"end":{"line":22,"column":4}},"3":{"start":{"line":21,"column":4},"end":{"line":21,"column":18}},"4":{"start":{"line":58,"column":0},"end":{"line":60,"column":3}},"5":{"start":{"line":63,"column":0},"end":{"line":65,"column":3}},"6":{"start":{"line":67,"column":0},"end":{"line":79,"column":3}},"7":{"start":{"line":67,"column":38},"end":{"line":79,"column":1}},"8":{"start":{"line":69,"column":4},"end":{"line":69,"column":21}},"9":{"start":{"line":70,"column":4},"end":{"line":70,"column":27}},"10":{"start":{"line":71,"column":4},"end":{"line":71,"column":20}},"11":{"start":{"line":74,"column":16},"end":{"line":74,"column":24}},"12":{"start":{"line":74,"column":22},"end":{"line":74,"column":24}},"13":{"start":{"line":76,"column":10},"end":{"line":78,"column":3}},"14":{"start":{"line":77,"column":4},"end":{"line":77,"column":14}},"15":{"start":{"line":82,"column":0},"end":{"line":84,"column":3}},"16":{"start":{"line":86,"column":0},"end":{"line":88,"column":3}},"17":{"start":{"line":91,"column":0},"end":{"line":93,"column":3}},"18":{"start":{"line":95,"column":0},"end":{"line":95,"column":50}},"19":{"start":{"line":95,"column":44},"end":{"line":95,"column":48}},"20":{"start":{"line":97,"column":0},"end":{"line":100,"column":3}},"21":{"start":{"line":98,"column":15},"end":{"line":98,"column":25}},"22":{"start":{"line":98,"column":21},"end":{"line":98,"column":25}},"23":{"start":{"line":99,"column":2},"end":{"line":99,"column":14}},"24":{"start":{"line":103,"column":0},"end":{"line":115,"column":4}},"25":{"start":{"line":103,"column":37},"end":{"line":115,"column":1}},"26":{"start":{"line":104,"column":54},"end":{"line":104,"column":58}},"27":{"start":{"line":109,"column":47},"end":{"line":109,"column":80}},"28":{"start":{"line":110,"column":50},"end":{"line":110,"column":86}},"29":{"start":{"line":113,"column":50},"end":{"line":113,"column":51}},"30":{"start":{"line":117,"column":0},"end":{"line":119,"column":3}},"31":{"start":{"line":121,"column":0},"end":{"line":125,"column":4}},"32":{"start":{"line":121,"column":34},"end":{"line":125,"column":1}},"33":{"start":{"line":123,"column":4},"end":{"line":123,"column":51}},"34":{"start":{"line":123,"column":36},"end":{"line":123,"column":49}},"35":{"start":{"line":136,"column":0},"end":{"line":138,"column":2}},"36":{"start":{"line":149,"column":0},"end":{"line":149,"column":110}},"37":{"start":{"line":149,"column":51},"end":{"line":149,"column":108}},"38":{"start":{"line":152,"column":0},"end":{"line":155,"column":4}},"39":{"start":{"line":152,"column":62},"end":{"line":155,"column":1}},"40":{"start":{"line":154,"column":32},"end":{"line":154,"column":44}},"41":{"start":{"line":157,"column":0},"end":{"line":180,"column":5}},"42":{"start":{"line":159,"column":2},"end":{"line":180,"column":3}},"43":{"start":{"line":171,"column":23},"end":{"line":171,"column":25}},"44":{"start":{"line":172,"column":24},"end":{"line":172,"column":26}},"45":{"start":{"line":176,"column":38},"end":{"line":176,"column":50}}},"fnMap":{"0":{"name":"(anonymous_0)","decl":{"start":{"line":11,"column":29},"end":{"line":11,"column":30}},"loc":{"start":{"line":11,"column":36},"end":{"line":55,"column":1}},"line":11},"1":{"name":"(anonymous_1)","decl":{"start":{"line":20,"column":18},"end":{"line":20,"column":19}},"loc":{"start":{"line":20,"column":24},"end":{"line":22,"column":4}},"line":20},"2":{"name":"(anonymous_2)","decl":{"start":{"line":20,"column":36},"end":{"line":20,"column":37}},"loc":{"start":{"line":20,"column":49},"end":{"line":22,"column":3}},"line":20},"3":{"name":"(anonymous_3)","decl":{"start":{"line":58,"column":51},"end":{"line":58,"column":52}},"loc":{"start":{"line":58,"column":57},"end":{"line":60,"column":1}},"line":58},"4":{"name":"(anonymous_4)","decl":{"start":{"line":63,"column":32},"end":{"line":63,"column":33}},"loc":{"start":{"line":63,"column":38},"end":{"line":65,"column":1}},"line":63},"5":{"name":"(anonymous_5)","decl":{"start":{"line":67,"column":32},"end":{"line":67,"column":33}},"loc":{"start":{"line":67,"column":38},"end":{"line":79,"column":1}},"line":67},"6":{"name":"(anonymous_6)","decl":{"start":{"line":68,"column":2},"end":{"line":68,"column":3}},"loc":{"start":{"line":68,"column":39},"end":{"line":72,"column":3}},"line":68},"7":{"name":"(anonymous_7)","decl":{"start":{"line":74,"column":16},"end":{"line":74,"column":17}},"loc":{"start":{"line":74,"column":22},"end":{"line":74,"column":24}},"line":74},"8":{"name":"(anonymous_8)","decl":{"start":{"line":76,"column":10},"end":{"line":76,"column":11}},"loc":{"start":{"line":76,"column":16},"end":{"line":78,"column":3}},"line":76},"9":{"name":"(anonymous_9)","decl":{"start":{"line":82,"column":42},"end":{"line":82,"column":43}},"loc":{"start":{"line":82,"column":48},"end":{"line":84,"column":1}},"line":82},"10":{"name":"(anonymous_10)","decl":{"start":{"line":86,"column":36},"end":{"line":86,"column":37}},"loc":{"start":{"line":86,"column":42},"end":{"line":88,"column":1}},"line":86},"11":{"name":"(anonymous_11)","decl":{"start":{"line":91,"column":32},"end":{"line":91,"column":33}},"loc":{"start":{"line":91,"column":38},"end":{"line":93,"column":1}},"line":91},"12":{"name":"(anonymous_12)","decl":{"start":{"line":95,"column":38},"end":{"line":95,"column":39}},"loc":{"start":{"line":95,"column":44},"end":{"line":95,"column":48}},"line":95},"13":{"name":"(anonymous_13)","decl":{"start":{"line":97,"column":44},"end":{"line":97,"column":45}},"loc":{"start":{"line":97,"column":50},"end":{"line":100,"column":1}},"line":97},"14":{"name":"(anonymous_14)","decl":{"start":{"line":98,"column":15},"end":{"line":98,"column":16}},"loc":{"start":{"line":98,"column":21},"end":{"line":98,"column":25}},"line":98},"15":{"name":"(anonymous_15)","decl":{"start":{"line":103,"column":30},"end":{"line":103,"column":31}},"loc":{"start":{"line":103,"column":37},"end":{"line":115,"column":1}},"line":103},"16":{"name":"(anonymous_16)","decl":{"start":{"line":104,"column":48},"end":{"line":104,"column":49}},"loc":{"start":{"line":104,"column":54},"end":{"line":104,"column":58}},"line":104},"17":{"name":"(anonymous_17)","decl":{"start":{"line":109,"column":39},"end":{"line":109,"column":40}},"loc":{"start":{"line":109,"column":47},"end":{"line":109,"column":80}},"line":109},"18":{"name":"(anonymous_18)","decl":{"start":{"line":110,"column":42},"end":{"line":110,"column":43}},"loc":{"start":{"line":110,"column":50},"end":{"line":110,"column":86}},"line":110},"19":{"name":"(anonymous_19)","decl":{"start":{"line":113,"column":43},"end":{"line":113,"column":44}},"loc":{"start":{"line":113,"column":50},"end":{"line":113,"column":51}},"line":113},"20":{"name":"(anonymous_20)","decl":{"start":{"line":117,"column":43},"end":{"line":117,"column":44}},"loc":{"start":{"line":117,"column":49},"end":{"line":119,"column":1}},"line":117},"21":{"name":"(anonymous_21)","decl":{"start":{"line":121,"column":27},"end":{"line":121,"column":28}},"loc":{"start":{"line":121,"column":34},"end":{"line":125,"column":1}},"line":121},"22":{"name":"(anonymous_22)","decl":{"start":{"line":122,"column":36},"end":{"line":122,"column":37}},"loc":{"start":{"line":122,"column":42},"end":{"line":124,"column":3}},"line":122},"23":{"name":"(anonymous_23)","decl":{"start":{"line":123,"column":30},"end":{"line":123,"column":31}},"loc":{"start":{"line":123,"column":36},"end":{"line":123,"column":49}},"line":123},"24":{"name":"(anonymous_24)","decl":{"start":{"line":149,"column":45},"end":{"line":149,"column":46}},"loc":{"start":{"line":149,"column":51},"end":{"line":149,"column":108}},"line":149},"25":{"name":"(anonymous_25)","decl":{"start":{"line":152,"column":55},"end":{"line":152,"column":56}},"loc":{"start":{"line":152,"column":62},"end":{"line":155,"column":1}},"line":152},"26":{"name":"(anonymous_26)","decl":{"start":{"line":154,"column":18},"end":{"line":154,"column":19}},"loc":{"start":{"line":154,"column":32},"end":{"line":154,"column":44}},"line":154},"27":{"name":"(anonymous_27)","decl":{"start":{"line":157,"column":28},"end":{"line":157,"column":29}},"loc":{"start":{"line":159,"column":2},"end":{"line":180,"column":3}},"line":159},"28":{"name":"(anonymous_28)","decl":{"start":{"line":171,"column":16},"end":{"line":171,"column":17}},"loc":{"start":{"line":171,"column":23},"end":{"line":171,"column":25}},"line":171},"29":{"name":"(anonymous_29)","decl":{"start":{"line":172,"column":17},"end":{"line":172,"column":18}},"loc":{"start":{"line":172,"column":24},"end":{"line":172,"column":26}},"line":172},"30":{"name":"(anonymous_30)","decl":{"start":{"line":176,"column":24},"end":{"line":176,"column":25}},"loc":{"start":{"line":176,"column":38},"end":{"line":176,"column":50}},"line":176}},"branchMap":{},"s":{"0":21,"1":11,"2":3,"3":3,"4":21,"5":21,"6":21,"7":11,"8":3,"9":3,"10":3,"11":3,"12":1,"13":3,"14":1,"15":21,"16":21,"17":21,"18":21,"19":0,"20":21,"21":11,"22":1,"23":11,"24":21,"25":10,"26":0,"27":0,"28":0,"29":0,"30":21,"31":21,"32":10,"33":0,"34":0,"35":21,"36":21,"37":17,"38":21,"39":39,"40":8,"41":21,"42":38,"43":441,"44":3237,"45":798},"f":{"0":11,"1":3,"2":3,"3":42,"4":10,"5":11,"6":3,"7":1,"8":1,"9":10,"10":0,"11":10,"12":0,"13":11,"14":1,"15":10,"16":0,"17":0,"18":0,"19":0,"20":10,"21":10,"22":0,"23":0,"24":17,"25":39,"26":8,"27":38,"28":441,"29":3237,"30":798},"b":{},"_coverageSchema":"1a1c01bbd47fc00a2c39e90264f33305004495a9","hash":"987708ece70a51a705eee2c62dd6e8e20ef0f08b"}
,"/Users/kevinvelasco/Desktop/programacion/locha-mesh-chat/src/index.js": {"path":"/Users/kevinvelasco/Desktop/programacion/locha-mesh-chat/src/index.js","statementMap":{"0":{"start":{"line":20,"column":29},"end":{"line":22,"column":3}},"1":{"start":{"line":25,"column":17},"end":{"line":25,"column":58}},"2":{"start":{"line":26,"column":4},"end":{"line":44,"column":6}},"3":{"start":{"line":49,"column":24},"end":{"line":58,"column":2}},"4":{"start":{"line":49,"column":36},"end":{"line":58,"column":1}},"5":{"start":{"line":62,"column":15},"end":{"line":67,"column":2}}},"fnMap":{"0":{"name":"(anonymous_0)","decl":{"start":{"line":24,"column":2},"end":{"line":24,"column":3}},"loc":{"start":{"line":24,"column":11},"end":{"line":45,"column":3}},"line":24},"1":{"name":"(anonymous_1)","decl":{"start":{"line":49,"column":24},"end":{"line":49,"column":25}},"loc":{"start":{"line":49,"column":36},"end":{"line":58,"column":1}},"line":49}},"branchMap":{"0":{"loc":{"start":{"line":25,"column":20},"end":{"line":25,"column":57}},"type":"binary-expr","locations":[{"start":{"line":25,"column":20},"end":{"line":25,"column":36}},{"start":{"line":25,"column":40},"end":{"line":25,"column":57}}],"line":25},"1":{"loc":{"start":{"line":28,"column":9},"end":{"line":32,"column":9}},"type":"binary-expr","locations":[{"start":{"line":28,"column":9},"end":{"line":28,"column":24}},{"start":{"line":29,"column":10},"end":{"line":31,"column":17}}],"line":28},"2":{"loc":{"start":{"line":30,"column":13},"end":{"line":30,"column":69}},"type":"binary-expr","locations":[{"start":{"line":30,"column":13},"end":{"line":30,"column":41}},{"start":{"line":30,"column":45},"end":{"line":30,"column":69}}],"line":30},"3":{"loc":{"start":{"line":34,"column":11},"end":{"line":36,"column":11}},"type":"binary-expr","locations":[{"start":{"line":34,"column":11},"end":{"line":34,"column":27}},{"start":{"line":35,"column":12},"end":{"line":35,"column":63}}],"line":34}},"s":{"0":10,"1":0,"2":0,"3":10,"4":0,"5":10},"f":{"0":0,"1":0},"b":{"0":[0,0],"1":[0,0],"2":[0,0],"3":[0,0]},"_coverageSchema":"1a1c01bbd47fc00a2c39e90264f33305004495a9","hash":"87a426104de48269f72c093e63e759627f17b845"}
,"/Users/kevinvelasco/Desktop/programacion/locha-mesh-chat/src/routes.js": {"path":"/Users/kevinvelasco/Desktop/programacion/locha-mesh-chat/src/routes.js","statementMap":{"0":{"start":{"line":14,"column":33},"end":{"line":21,"column":2}},"1":{"start":{"line":23,"column":26},"end":{"line":33,"column":1}}},"fnMap":{},"branchMap":{},"s":{"0":10,"1":10},"f":{},"b":{},"_coverageSchema":"1a1c01bbd47fc00a2c39e90264f33305004495a9","hash":"f5705b4bd761da4e47d4901ae3acae4f4192586e"}
,"/Users/kevinvelasco/Desktop/programacion/locha-mesh-chat/src/components/Draggable.js": {"path":"/Users/kevinvelasco/Desktop/programacion/locha-mesh-chat/src/components/Draggable.js","statementMap":{"0":{"start":{"line":10,"column":4},"end":{"line":10,"column":17}},"1":{"start":{"line":12,"column":4},"end":{"line":19,"column":6}},"2":{"start":{"line":20,"column":4},"end":{"line":20,"column":16}},"3":{"start":{"line":24,"column":4},"end":{"line":24,"column":31}},"4":{"start":{"line":25,"column":4},"end":{"line":25,"column":63}},"5":{"start":{"line":25,"column":43},"end":{"line":25,"column":60}},"6":{"start":{"line":27,"column":4},"end":{"line":69,"column":7}},"7":{"start":{"line":28,"column":42},"end":{"line":28,"column":46}},"8":{"start":{"line":30,"column":8},"end":{"line":33,"column":11}},"9":{"start":{"line":34,"column":8},"end":{"line":34,"column":48}},"10":{"start":{"line":37,"column":49},"end":{"line":37,"column":53}},"11":{"start":{"line":40,"column":8},"end":{"line":40,"column":31}},"12":{"start":{"line":41,"column":8},"end":{"line":44,"column":11}},"13":{"start":{"line":46,"column":8},"end":{"line":46,"column":48}},"14":{"start":{"line":50,"column":24},"end":{"line":50,"column":51}},"15":{"start":{"line":52,"column":8},"end":{"line":58,"column":9}},"16":{"start":{"line":53,"column":10},"end":{"line":53,"column":46}},"17":{"start":{"line":54,"column":10},"end":{"line":54,"column":78}},"18":{"start":{"line":56,"column":10},"end":{"line":56,"column":34}},"19":{"start":{"line":57,"column":10},"end":{"line":57,"column":50}},"20":{"start":{"line":61,"column":46},"end":{"line":61,"column":50}},"21":{"start":{"line":63,"column":8},"end":{"line":63,"column":32}},"22":{"start":{"line":65,"column":8},"end":{"line":67,"column":19}},"23":{"start":{"line":74,"column":4},"end":{"line":74,"column":31}},"24":{"start":{"line":79,"column":4},"end":{"line":81,"column":6}},"25":{"start":{"line":86,"column":21},"end":{"line":88,"column":5}},"26":{"start":{"line":89,"column":4},"end":{"line":95,"column":5}},"27":{"start":{"line":90,"column":6},"end":{"line":94,"column":8}}},"fnMap":{"0":{"name":"(anonymous_0)","decl":{"start":{"line":9,"column":2},"end":{"line":9,"column":3}},"loc":{"start":{"line":9,"column":21},"end":{"line":21,"column":3}},"line":9},"1":{"name":"(anonymous_1)","decl":{"start":{"line":23,"column":2},"end":{"line":23,"column":3}},"loc":{"start":{"line":23,"column":9},"end":{"line":70,"column":3}},"line":23},"2":{"name":"(anonymous_2)","decl":{"start":{"line":25,"column":31},"end":{"line":25,"column":32}},"loc":{"start":{"line":25,"column":43},"end":{"line":25,"column":60}},"line":25},"3":{"name":"(anonymous_3)","decl":{"start":{"line":28,"column":36},"end":{"line":28,"column":37}},"loc":{"start":{"line":28,"column":42},"end":{"line":28,"column":46}},"line":28},"4":{"name":"(anonymous_4)","decl":{"start":{"line":29,"column":27},"end":{"line":29,"column":28}},"loc":{"start":{"line":29,"column":33},"end":{"line":35,"column":7}},"line":29},"5":{"name":"(anonymous_5)","decl":{"start":{"line":37,"column":43},"end":{"line":37,"column":44}},"loc":{"start":{"line":37,"column":49},"end":{"line":37,"column":53}},"line":37},"6":{"name":"(anonymous_6)","decl":{"start":{"line":39,"column":27},"end":{"line":39,"column":28}},"loc":{"start":{"line":39,"column":33},"end":{"line":47,"column":7}},"line":39},"7":{"name":"(anonymous_7)","decl":{"start":{"line":49,"column":26},"end":{"line":49,"column":27}},"loc":{"start":{"line":49,"column":42},"end":{"line":59,"column":7}},"line":49},"8":{"name":"(anonymous_8)","decl":{"start":{"line":61,"column":40},"end":{"line":61,"column":41}},"loc":{"start":{"line":61,"column":46},"end":{"line":61,"column":50}},"line":61},"9":{"name":"(anonymous_9)","decl":{"start":{"line":62,"column":29},"end":{"line":62,"column":30}},"loc":{"start":{"line":62,"column":35},"end":{"line":68,"column":7}},"line":62},"10":{"name":"(anonymous_10)","decl":{"start":{"line":73,"column":2},"end":{"line":73,"column":3}},"loc":{"start":{"line":73,"column":22},"end":{"line":75,"column":3}},"line":73},"11":{"name":"(anonymous_11)","decl":{"start":{"line":78,"column":2},"end":{"line":78,"column":3}},"loc":{"start":{"line":78,"column":11},"end":{"line":82,"column":3}},"line":78},"12":{"name":"(anonymous_12)","decl":{"start":{"line":85,"column":2},"end":{"line":85,"column":3}},"loc":{"start":{"line":85,"column":20},"end":{"line":96,"column":3}},"line":85}},"branchMap":{"0":{"loc":{"start":{"line":52,"column":8},"end":{"line":58,"column":9}},"type":"if","locations":[{"start":{"line":52,"column":8},"end":{"line":58,"column":9}},{"start":{"line":52,"column":8},"end":{"line":58,"column":9}}],"line":52},"1":{"loc":{"start":{"line":89,"column":4},"end":{"line":95,"column":5}},"type":"if","locations":[{"start":{"line":89,"column":4},"end":{"line":95,"column":5}},{"start":{"line":89,"column":4},"end":{"line":95,"column":5}}],"line":89}},"s":{"0":0,"1":0,"2":0,"3":0,"4":0,"5":0,"6":0,"7":0,"8":0,"9":0,"10":0,"11":0,"12":0,"13":0,"14":0,"15":0,"16":0,"17":0,"18":0,"19":0,"20":0,"21":0,"22":0,"23":0,"24":0,"25":0,"26":0,"27":0},"f":{"0":0,"1":0,"2":0,"3":0,"4":0,"5":0,"6":0,"7":0,"8":0,"9":0,"10":0,"11":0,"12":0},"b":{"0":[0,0],"1":[0,0]},"_coverageSchema":"1a1c01bbd47fc00a2c39e90264f33305004495a9","hash":"7c7cf6aaa56bb7b07b393f07474839cb8082ff2e"}
,"/Users/kevinvelasco/Desktop/programacion/locha-mesh-chat/src/components/Drawer.js": {"path":"/Users/kevinvelasco/Desktop/programacion/locha-mesh-chat/src/components/Drawer.js","statementMap":{"0":{"start":{"line":29,"column":4},"end":{"line":29,"column":12}},"1":{"start":{"line":30,"column":4},"end":{"line":32,"column":6}},"2":{"start":{"line":35,"column":22},"end":{"line":37,"column":3}},"3":{"start":{"line":36,"column":4},"end":{"line":36,"column":34}},"4":{"start":{"line":40,"column":17},"end":{"line":42,"column":3}},"5":{"start":{"line":41,"column":4},"end":{"line":41,"column":37}},"6":{"start":{"line":44,"column":19},"end":{"line":55,"column":3}},"7":{"start":{"line":45,"column":18},"end":{"line":45,"column":39}},"8":{"start":{"line":46,"column":4},"end":{"line":48,"column":7}},"9":{"start":{"line":50,"column":4},"end":{"line":54,"column":5}},"10":{"start":{"line":51,"column":6},"end":{"line":53,"column":9}},"11":{"start":{"line":52,"column":8},"end":{"line":52,"column":53}},"12":{"start":{"line":58,"column":28},"end":{"line":58,"column":38}},"13":{"start":{"line":59,"column":4},"end":{"line":145,"column":6}},"14":{"start":{"line":85,"column":47},"end":{"line":85,"column":76}},"15":{"start":{"line":96,"column":47},"end":{"line":96,"column":74}},"16":{"start":{"line":114,"column":53},"end":{"line":114,"column":88}},"17":{"start":{"line":149,"column":24},"end":{"line":154,"column":2}},"18":{"start":{"line":149,"column":36},"end":{"line":154,"column":1}},"19":{"start":{"line":165,"column":15},"end":{"line":189,"column":2}}},"fnMap":{"0":{"name":"(anonymous_0)","decl":{"start":{"line":28,"column":2},"end":{"line":28,"column":3}},"loc":{"start":{"line":28,"column":16},"end":{"line":33,"column":3}},"line":28},"1":{"name":"(anonymous_1)","decl":{"start":{"line":35,"column":22},"end":{"line":35,"column":23}},"loc":{"start":{"line":35,"column":28},"end":{"line":37,"column":3}},"line":35},"2":{"name":"(anonymous_2)","decl":{"start":{"line":40,"column":17},"end":{"line":40,"column":18}},"loc":{"start":{"line":40,"column":27},"end":{"line":42,"column":3}},"line":40},"3":{"name":"(anonymous_3)","decl":{"start":{"line":44,"column":19},"end":{"line":44,"column":20}},"loc":{"start":{"line":44,"column":25},"end":{"line":55,"column":3}},"line":44},"4":{"name":"(anonymous_4)","decl":{"start":{"line":51,"column":41},"end":{"line":51,"column":42}},"loc":{"start":{"line":51,"column":47},"end":{"line":53,"column":7}},"line":51},"5":{"name":"(anonymous_5)","decl":{"start":{"line":57,"column":2},"end":{"line":57,"column":3}},"loc":{"start":{"line":57,"column":11},"end":{"line":146,"column":3}},"line":57},"6":{"name":"(anonymous_6)","decl":{"start":{"line":85,"column":41},"end":{"line":85,"column":42}},"loc":{"start":{"line":85,"column":47},"end":{"line":85,"column":76}},"line":85},"7":{"name":"(anonymous_7)","decl":{"start":{"line":96,"column":41},"end":{"line":96,"column":42}},"loc":{"start":{"line":96,"column":47},"end":{"line":96,"column":74}},"line":96},"8":{"name":"(anonymous_8)","decl":{"start":{"line":114,"column":47},"end":{"line":114,"column":48}},"loc":{"start":{"line":114,"column":53},"end":{"line":114,"column":88}},"line":114},"9":{"name":"(anonymous_9)","decl":{"start":{"line":149,"column":24},"end":{"line":149,"column":25}},"loc":{"start":{"line":149,"column":36},"end":{"line":154,"column":1}},"line":149}},"branchMap":{"0":{"loc":{"start":{"line":50,"column":4},"end":{"line":54,"column":5}},"type":"if","locations":[{"start":{"line":50,"column":4},"end":{"line":54,"column":5}},{"start":{"line":50,"column":4},"end":{"line":54,"column":5}}],"line":50},"1":{"loc":{"start":{"line":67,"column":11},"end":{"line":75,"column":11}},"type":"binary-expr","locations":[{"start":{"line":67,"column":11},"end":{"line":67,"column":32}},{"start":{"line":68,"column":12},"end":{"line":74,"column":14}}],"line":67},"2":{"loc":{"start":{"line":76,"column":11},"end":{"line":78,"column":11}},"type":"binary-expr","locations":[{"start":{"line":76,"column":11},"end":{"line":76,"column":33}},{"start":{"line":77,"column":12},"end":{"line":77,"column":79}}],"line":76},"3":{"loc":{"start":{"line":107,"column":11},"end":{"line":125,"column":13}},"type":"binary-expr","locations":[{"start":{"line":107,"column":11},"end":{"line":107,"column":36}},{"start":{"line":109,"column":14},"end":{"line":124,"column":17}}],"line":107}},"s":{"0":0,"1":0,"2":0,"3":0,"4":0,"5":0,"6":0,"7":0,"8":0,"9":0,"10":0,"11":0,"12":0,"13":0,"14":0,"15":0,"16":0,"17":10,"18":0,"19":10},"f":{"0":0,"1":0,"2":0,"3":0,"4":0,"5":0,"6":0,"7":0,"8":0,"9":0},"b":{"0":[0,0],"1":[0,0],"2":[0,0],"3":[0,0]},"_coverageSchema":"1a1c01bbd47fc00a2c39e90264f33305004495a9","hash":"95bf6c2dd98c82829c18a84ef1849eabbc268de0"}
,"/Users/kevinvelasco/Desktop/programacion/locha-mesh-chat/src/components/FloatButton.js": {"path":"/Users/kevinvelasco/Desktop/programacion/locha-mesh-chat/src/components/FloatButton.js","statementMap":{"0":{"start":{"line":15,"column":4},"end":{"line":15,"column":17}},"1":{"start":{"line":16,"column":4},"end":{"line":16,"column":20}},"2":{"start":{"line":20,"column":4},"end":{"line":30,"column":6}},"3":{"start":{"line":23,"column":25},"end":{"line":23,"column":41}},"4":{"start":{"line":34,"column":15},"end":{"line":61,"column":2}}},"fnMap":{"0":{"name":"(anonymous_0)","decl":{"start":{"line":14,"column":2},"end":{"line":14,"column":3}},"loc":{"start":{"line":14,"column":21},"end":{"line":17,"column":3}},"line":14},"1":{"name":"(anonymous_1)","decl":{"start":{"line":19,"column":2},"end":{"line":19,"column":3}},"loc":{"start":{"line":19,"column":11},"end":{"line":31,"column":3}},"line":19},"2":{"name":"(anonymous_2)","decl":{"start":{"line":23,"column":19},"end":{"line":23,"column":20}},"loc":{"start":{"line":23,"column":25},"end":{"line":23,"column":41}},"line":23}},"branchMap":{"0":{"loc":{"start":{"line":26,"column":11},"end":{"line":26,"column":90}},"type":"binary-expr","locations":[{"start":{"line":26,"column":11},"end":{"line":26,"column":27}},{"start":{"line":26,"column":31},"end":{"line":26,"column":90}}],"line":26},"1":{"loc":{"start":{"line":27,"column":11},"end":{"line":27,"column":45}},"type":"binary-expr","locations":[{"start":{"line":27,"column":11},"end":{"line":27,"column":26}},{"start":{"line":27,"column":30},"end":{"line":27,"column":45}}],"line":27}},"s":{"0":6,"1":6,"2":6,"3":2,"4":11},"f":{"0":6,"1":6,"2":2},"b":{"0":[6,3],"1":[6,3]},"_coverageSchema":"1a1c01bbd47fc00a2c39e90264f33305004495a9","hash":"779bd9a8b247e439c0e738d9ed94bcc3a6c5aa00"}
,"/Users/kevinvelasco/Desktop/programacion/locha-mesh-chat/src/components/Header.js": {"path":"/Users/kevinvelasco/Desktop/programacion/locha-mesh-chat/src/components/Header.js","statementMap":{"0":{"start":{"line":22,"column":4},"end":{"line":22,"column":17}},"1":{"start":{"line":23,"column":4},"end":{"line":26,"column":6}},"2":{"start":{"line":35,"column":19},"end":{"line":40,"column":3}},"3":{"start":{"line":36,"column":4},"end":{"line":38,"column":5}},"4":{"start":{"line":37,"column":6},"end":{"line":37,"column":30}},"5":{"start":{"line":39,"column":4},"end":{"line":39,"column":21}},"6":{"start":{"line":42,"column":9},"end":{"line":44,"column":3}},"7":{"start":{"line":43,"column":4},"end":{"line":43,"column":32}},"8":{"start":{"line":46,"column":13},"end":{"line":49,"column":3}},"9":{"start":{"line":47,"column":4},"end":{"line":47,"column":50}},"10":{"start":{"line":48,"column":4},"end":{"line":48,"column":33}},"11":{"start":{"line":54,"column":8},"end":{"line":54,"column":18}},"12":{"start":{"line":55,"column":19},"end":{"line":55,"column":50}},"13":{"start":{"line":56,"column":21},"end":{"line":58,"column":12}},"14":{"start":{"line":59,"column":4},"end":{"line":208,"column":5}},"15":{"start":{"line":60,"column":6},"end":{"line":207,"column":8}},"16":{"start":{"line":78,"column":35},"end":{"line":78,"column":46}},"17":{"start":{"line":95,"column":20},"end":{"line":95,"column":55}},"18":{"start":{"line":159,"column":33},"end":{"line":159,"column":48}},"19":{"start":{"line":182,"column":35},"end":{"line":182,"column":50}},"20":{"start":{"line":193,"column":42},"end":{"line":193,"column":65}},"21":{"start":{"line":209,"column":4},"end":{"line":282,"column":6}},"22":{"start":{"line":286,"column":24},"end":{"line":290,"column":2}},"23":{"start":{"line":286,"column":36},"end":{"line":290,"column":1}},"24":{"start":{"line":294,"column":15},"end":{"line":323,"column":2}}},"fnMap":{"0":{"name":"(anonymous_0)","decl":{"start":{"line":21,"column":2},"end":{"line":21,"column":3}},"loc":{"start":{"line":21,"column":21},"end":{"line":27,"column":3}},"line":21},"1":{"name":"(anonymous_1)","decl":{"start":{"line":35,"column":19},"end":{"line":35,"column":20}},"loc":{"start":{"line":35,"column":35},"end":{"line":40,"column":3}},"line":35},"2":{"name":"(anonymous_2)","decl":{"start":{"line":42,"column":9},"end":{"line":42,"column":10}},"loc":{"start":{"line":42,"column":15},"end":{"line":44,"column":3}},"line":42},"3":{"name":"(anonymous_3)","decl":{"start":{"line":46,"column":13},"end":{"line":46,"column":14}},"loc":{"start":{"line":46,"column":19},"end":{"line":49,"column":3}},"line":46},"4":{"name":"(anonymous_4)","decl":{"start":{"line":51,"column":2},"end":{"line":51,"column":3}},"loc":{"start":{"line":51,"column":11},"end":{"line":283,"column":3}},"line":51},"5":{"name":"(anonymous_5)","decl":{"start":{"line":78,"column":29},"end":{"line":78,"column":30}},"loc":{"start":{"line":78,"column":35},"end":{"line":78,"column":46}},"line":78},"6":{"name":"(anonymous_6)","decl":{"start":{"line":94,"column":27},"end":{"line":94,"column":28}},"loc":{"start":{"line":94,"column":33},"end":{"line":96,"column":19}},"line":94},"7":{"name":"(anonymous_7)","decl":{"start":{"line":159,"column":27},"end":{"line":159,"column":28}},"loc":{"start":{"line":159,"column":33},"end":{"line":159,"column":48}},"line":159},"8":{"name":"(anonymous_8)","decl":{"start":{"line":182,"column":29},"end":{"line":182,"column":30}},"loc":{"start":{"line":182,"column":35},"end":{"line":182,"column":50}},"line":182},"9":{"name":"(anonymous_9)","decl":{"start":{"line":193,"column":32},"end":{"line":193,"column":33}},"loc":{"start":{"line":193,"column":42},"end":{"line":193,"column":65}},"line":193},"10":{"name":"(anonymous_10)","decl":{"start":{"line":286,"column":24},"end":{"line":286,"column":25}},"loc":{"start":{"line":286,"column":36},"end":{"line":290,"column":1}},"line":286}},"branchMap":{"0":{"loc":{"start":{"line":36,"column":4},"end":{"line":38,"column":5}},"type":"if","locations":[{"start":{"line":36,"column":4},"end":{"line":38,"column":5}},{"start":{"line":36,"column":4},"end":{"line":38,"column":5}}],"line":36},"1":{"loc":{"start":{"line":56,"column":21},"end":{"line":58,"column":12}},"type":"cond-expr","locations":[{"start":{"line":57,"column":8},"end":{"line":57,"column":38}},{"start":{"line":58,"column":8},"end":{"line":58,"column":12}}],"line":56},"2":{"loc":{"start":{"line":59,"column":4},"end":{"line":208,"column":5}},"type":"if","locations":[{"start":{"line":59,"column":4},"end":{"line":208,"column":5}},{"start":{"line":59,"column":4},"end":{"line":208,"column":5}}],"line":59},"3":{"loc":{"start":{"line":65,"column":35},"end":{"line":65,"column":73}},"type":"cond-expr","locations":[{"start":{"line":65,"column":54},"end":{"line":65,"column":61}},{"start":{"line":65,"column":64},"end":{"line":65,"column":73}}],"line":65},"4":{"loc":{"start":{"line":67,"column":13},"end":{"line":83,"column":13}},"type":"binary-expr","locations":[{"start":{"line":67,"column":13},"end":{"line":67,"column":34}},{"start":{"line":68,"column":17},"end":{"line":68,"column":68}},{"start":{"line":69,"column":17},"end":{"line":69,"column":35}},{"start":{"line":70,"column":16},"end":{"line":82,"column":23}}],"line":67},"5":{"loc":{"start":{"line":84,"column":13},"end":{"line":101,"column":13}},"type":"binary-expr","locations":[{"start":{"line":84,"column":13},"end":{"line":84,"column":43}},{"start":{"line":85,"column":14},"end":{"line":100,"column":21}}],"line":84},"6":{"loc":{"start":{"line":102,"column":13},"end":{"line":148,"column":13}},"type":"binary-expr","locations":[{"start":{"line":102,"column":13},"end":{"line":102,"column":31}},{"start":{"line":103,"column":14},"end":{"line":147,"column":21}}],"line":102},"7":{"loc":{"start":{"line":104,"column":17},"end":{"line":106,"column":17}},"type":"binary-expr","locations":[{"start":{"line":104,"column":17},"end":{"line":104,"column":47}},{"start":{"line":105,"column":18},"end":{"line":105,"column":69}}],"line":104},"8":{"loc":{"start":{"line":108,"column":17},"end":{"line":109,"column":79}},"type":"binary-expr","locations":[{"start":{"line":108,"column":17},"end":{"line":108,"column":32}},{"start":{"line":109,"column":21},"end":{"line":109,"column":79}}],"line":108},"9":{"loc":{"start":{"line":111,"column":17},"end":{"line":115,"column":17}},"type":"binary-expr","locations":[{"start":{"line":111,"column":17},"end":{"line":111,"column":48}},{"start":{"line":112,"column":18},"end":{"line":114,"column":26}}],"line":111},"10":{"loc":{"start":{"line":117,"column":17},"end":{"line":121,"column":17}},"type":"binary-expr","locations":[{"start":{"line":117,"column":17},"end":{"line":117,"column":46}},{"start":{"line":118,"column":18},"end":{"line":120,"column":26}}],"line":117},"11":{"loc":{"start":{"line":123,"column":17},"end":{"line":146,"column":17}},"type":"binary-expr","locations":[{"start":{"line":123,"column":17},"end":{"line":123,"column":44}},{"start":{"line":124,"column":18},"end":{"line":145,"column":25}}],"line":123},"12":{"loc":{"start":{"line":125,"column":21},"end":{"line":132,"column":21}},"type":"binary-expr","locations":[{"start":{"line":125,"column":21},"end":{"line":125,"column":34}},{"start":{"line":125,"column":38},"end":{"line":125,"column":60}},{"start":{"line":126,"column":22},"end":{"line":131,"column":24}}],"line":125},"13":{"loc":{"start":{"line":134,"column":21},"end":{"line":141,"column":21}},"type":"binary-expr","locations":[{"start":{"line":134,"column":21},"end":{"line":134,"column":34}},{"start":{"line":134,"column":38},"end":{"line":134,"column":59}},{"start":{"line":135,"column":22},"end":{"line":140,"column":24}}],"line":134},"14":{"loc":{"start":{"line":143,"column":23},"end":{"line":143,"column":71}},"type":"cond-expr","locations":[{"start":{"line":143,"column":39},"end":{"line":143,"column":57}},{"start":{"line":143,"column":60},"end":{"line":143,"column":71}}],"line":143},"15":{"loc":{"start":{"line":150,"column":15},"end":{"line":150,"column":65}},"type":"binary-expr","locations":[{"start":{"line":150,"column":15},"end":{"line":150,"column":30}},{"start":{"line":150,"column":34},"end":{"line":150,"column":65}}],"line":150},"16":{"loc":{"start":{"line":151,"column":15},"end":{"line":163,"column":15}},"type":"binary-expr","locations":[{"start":{"line":151,"column":15},"end":{"line":151,"column":33}},{"start":{"line":151,"column":37},"end":{"line":151,"column":54}},{"start":{"line":152,"column":16},"end":{"line":162,"column":37}}],"line":151},"17":{"loc":{"start":{"line":166,"column":13},"end":{"line":196,"column":13}},"type":"binary-expr","locations":[{"start":{"line":166,"column":13},"end":{"line":166,"column":30}},{"start":{"line":167,"column":14},"end":{"line":195,"column":32}}],"line":166},"18":{"loc":{"start":{"line":174,"column":20},"end":{"line":174,"column":78}},"type":"cond-expr","locations":[{"start":{"line":174,"column":50},"end":{"line":174,"column":62}},{"start":{"line":174,"column":65},"end":{"line":174,"column":78}}],"line":174},"19":{"loc":{"start":{"line":198,"column":11},"end":{"line":205,"column":13}},"type":"binary-expr","locations":[{"start":{"line":198,"column":11},"end":{"line":198,"column":23}},{"start":{"line":199,"column":15},"end":{"line":199,"column":63}},{"start":{"line":200,"column":16},"end":{"line":200,"column":27}},{"start":{"line":200,"column":31},"end":{"line":200,"column":42}},{"start":{"line":202,"column":14},"end":{"line":204,"column":21}}],"line":198},"20":{"loc":{"start":{"line":212,"column":31},"end":{"line":212,"column":69}},"type":"cond-expr","locations":[{"start":{"line":212,"column":50},"end":{"line":212,"column":57}},{"start":{"line":212,"column":60},"end":{"line":212,"column":69}}],"line":212},"21":{"loc":{"start":{"line":228,"column":11},"end":{"line":232,"column":11}},"type":"cond-expr","locations":[{"start":{"line":229,"column":12},"end":{"line":229,"column":56}},{"start":{"line":231,"column":12},"end":{"line":231,"column":55}}],"line":228},"22":{"loc":{"start":{"line":235,"column":11},"end":{"line":251,"column":11}},"type":"binary-expr","locations":[{"start":{"line":235,"column":11},"end":{"line":235,"column":26}},{"start":{"line":236,"column":12},"end":{"line":250,"column":33}}],"line":235},"23":{"loc":{"start":{"line":266,"column":11},"end":{"line":278,"column":11}},"type":"binary-expr","locations":[{"start":{"line":266,"column":11},"end":{"line":266,"column":43}},{"start":{"line":266,"column":47},"end":{"line":266,"column":62}},{"start":{"line":267,"column":12},"end":{"line":277,"column":33}}],"line":266}},"s":{"0":22,"1":22,"2":22,"3":50,"4":50,"5":0,"6":22,"7":0,"8":22,"9":14,"10":14,"11":50,"12":50,"13":50,"14":50,"15":43,"16":0,"17":7,"18":7,"19":7,"20":0,"21":7,"22":10,"23":22,"24":10},"f":{"0":22,"1":50,"2":0,"3":14,"4":50,"5":0,"6":7,"7":7,"8":7,"9":0,"10":22},"b":{"0":[50,0],"1":[8,42],"2":[43,7],"3":[0,43],"4":[43,43,0,0],"5":[43,43],"6":[43,36],"7":[36,36],"8":[36,0],"9":[36,0],"10":[36,0],"11":[36,0],"12":[0,0,0],"13":[0,0,0],"14":[0,0],"15":[43,0],"16":[43,36,22],"17":[43,7],"18":[0,7],"19":[43,43,0,0,0],"20":[0,7],"21":[0,7],"22":[7,0],"23":[7,0,0]},"_coverageSchema":"1a1c01bbd47fc00a2c39e90264f33305004495a9","hash":"a61d1e4323c0803b3c999436a6d5720333d6141f"}
,"/Users/kevinvelasco/Desktop/programacion/locha-mesh-chat/src/components/Menu.js": {"path":"/Users/kevinvelasco/Desktop/programacion/locha-mesh-chat/src/components/Menu.js","statementMap":{"0":{"start":{"line":18,"column":4},"end":{"line":18,"column":17}},"1":{"start":{"line":19,"column":4},"end":{"line":19,"column":23}},"2":{"start":{"line":22,"column":15},"end":{"line":25,"column":3}},"3":{"start":{"line":24,"column":4},"end":{"line":24,"column":21}},"4":{"start":{"line":27,"column":13},"end":{"line":30,"column":3}},"5":{"start":{"line":29,"column":4},"end":{"line":29,"column":22}},"6":{"start":{"line":32,"column":13},"end":{"line":35,"column":3}},"7":{"start":{"line":34,"column":4},"end":{"line":34,"column":22}},"8":{"start":{"line":38,"column":4},"end":{"line":61,"column":6}},"9":{"start":{"line":50,"column":12},"end":{"line":57,"column":23}},"10":{"start":{"line":53,"column":16},"end":{"line":53,"column":43}}},"fnMap":{"0":{"name":"(anonymous_0)","decl":{"start":{"line":17,"column":2},"end":{"line":17,"column":3}},"loc":{"start":{"line":17,"column":21},"end":{"line":20,"column":3}},"line":17},"1":{"name":"(anonymous_1)","decl":{"start":{"line":22,"column":15},"end":{"line":22,"column":16}},"loc":{"start":{"line":22,"column":24},"end":{"line":25,"column":3}},"line":22},"2":{"name":"(anonymous_2)","decl":{"start":{"line":27,"column":13},"end":{"line":27,"column":14}},"loc":{"start":{"line":27,"column":19},"end":{"line":30,"column":3}},"line":27},"3":{"name":"(anonymous_3)","decl":{"start":{"line":32,"column":13},"end":{"line":32,"column":14}},"loc":{"start":{"line":32,"column":19},"end":{"line":35,"column":3}},"line":32},"4":{"name":"(anonymous_4)","decl":{"start":{"line":37,"column":2},"end":{"line":37,"column":3}},"loc":{"start":{"line":37,"column":11},"end":{"line":62,"column":3}},"line":37},"5":{"name":"(anonymous_5)","decl":{"start":{"line":49,"column":31},"end":{"line":49,"column":32}},"loc":{"start":{"line":50,"column":12},"end":{"line":57,"column":23}},"line":50},"6":{"name":"(anonymous_6)","decl":{"start":{"line":52,"column":23},"end":{"line":52,"column":24}},"loc":{"start":{"line":52,"column":29},"end":{"line":54,"column":15}},"line":52}},"branchMap":{"0":{"loc":{"start":{"line":44,"column":15},"end":{"line":44,"column":75}},"type":"binary-expr","locations":[{"start":{"line":44,"column":15},"end":{"line":44,"column":31}},{"start":{"line":44,"column":35},"end":{"line":44,"column":75}}],"line":44},"1":{"loc":{"start":{"line":45,"column":15},"end":{"line":45,"column":49}},"type":"binary-expr","locations":[{"start":{"line":45,"column":15},"end":{"line":45,"column":30}},{"start":{"line":45,"column":34},"end":{"line":45,"column":49}}],"line":45}},"s":{"0":1,"1":1,"2":1,"3":0,"4":1,"5":0,"6":1,"7":0,"8":1,"9":1,"10":0},"f":{"0":1,"1":0,"2":0,"3":0,"4":1,"5":1,"6":0},"b":{"0":[1,1],"1":[1,0]},"_coverageSchema":"1a1c01bbd47fc00a2c39e90264f33305004495a9","hash":"c6d95414d00ee3e704fd1684746bfb627fe9107f"}
,"/Users/kevinvelasco/Desktop/programacion/locha-mesh-chat/src/components/Player .js": {"path":"/Users/kevinvelasco/Desktop/programacion/locha-mesh-chat/src/components/Player .js","statementMap":{"0":{"start":{"line":11,"column":4},"end":{"line":11,"column":17}},"1":{"start":{"line":12,"column":4},"end":{"line":16,"column":6}},"2":{"start":{"line":18,"column":4},"end":{"line":18,"column":22}},"3":{"start":{"line":21,"column":22},"end":{"line":33,"column":3}},"4":{"start":{"line":22,"column":4},"end":{"line":32,"column":7}},"5":{"start":{"line":23,"column":6},"end":{"line":31,"column":9}},"6":{"start":{"line":24,"column":8},"end":{"line":30,"column":9}},"7":{"start":{"line":25,"column":10},"end":{"line":29,"column":11}},"8":{"start":{"line":26,"column":12},"end":{"line":28,"column":15}},"9":{"start":{"line":35,"column":30},"end":{"line":46,"column":3}},"10":{"start":{"line":36,"column":4},"end":{"line":45,"column":7}},"11":{"start":{"line":37,"column":6},"end":{"line":44,"column":7}},"12":{"start":{"line":39,"column":8},"end":{"line":39,"column":55}},"13":{"start":{"line":41,"column":8},"end":{"line":43,"column":11}},"14":{"start":{"line":48,"column":23},"end":{"line":54,"column":3}},"15":{"start":{"line":49,"column":4},"end":{"line":53,"column":5}},"16":{"start":{"line":50,"column":6},"end":{"line":52,"column":9}},"17":{"start":{"line":51,"column":8},"end":{"line":51,"column":47}},"18":{"start":{"line":56,"column":9},"end":{"line":69,"column":3}},"19":{"start":{"line":57,"column":4},"end":{"line":57,"column":34}},"20":{"start":{"line":58,"column":4},"end":{"line":68,"column":7}},"21":{"start":{"line":59,"column":6},"end":{"line":67,"column":7}},"22":{"start":{"line":60,"column":8},"end":{"line":60,"column":39}},"23":{"start":{"line":61,"column":8},"end":{"line":63,"column":14}},"24":{"start":{"line":62,"column":10},"end":{"line":62,"column":43}},"25":{"start":{"line":66,"column":8},"end":{"line":66,"column":68}},"26":{"start":{"line":71,"column":10},"end":{"line":77,"column":3}},"27":{"start":{"line":72,"column":4},"end":{"line":74,"column":5}},"28":{"start":{"line":73,"column":6},"end":{"line":73,"column":25}},"29":{"start":{"line":76,"column":4},"end":{"line":76,"column":35}},"30":{"start":{"line":79,"column":20},"end":{"line":84,"column":3}},"31":{"start":{"line":80,"column":4},"end":{"line":83,"column":5}},"32":{"start":{"line":81,"column":6},"end":{"line":81,"column":39}},"33":{"start":{"line":82,"column":6},"end":{"line":82,"column":43}},"34":{"start":{"line":87,"column":4},"end":{"line":126,"column":6}},"35":{"start":{"line":92,"column":63},"end":{"line":92,"column":74}},"36":{"start":{"line":97,"column":64},"end":{"line":97,"column":76}}},"fnMap":{"0":{"name":"(anonymous_0)","decl":{"start":{"line":10,"column":2},"end":{"line":10,"column":3}},"loc":{"start":{"line":10,"column":21},"end":{"line":19,"column":3}},"line":10},"1":{"name":"(anonymous_1)","decl":{"start":{"line":21,"column":22},"end":{"line":21,"column":23}},"loc":{"start":{"line":21,"column":28},"end":{"line":33,"column":3}},"line":21},"2":{"name":"(anonymous_2)","decl":{"start":{"line":22,"column":38},"end":{"line":22,"column":39}},"loc":{"start":{"line":22,"column":44},"end":{"line":32,"column":5}},"line":22},"3":{"name":"(anonymous_3)","decl":{"start":{"line":23,"column":50},"end":{"line":23,"column":51}},"loc":{"start":{"line":23,"column":61},"end":{"line":31,"column":7}},"line":23},"4":{"name":"(anonymous_4)","decl":{"start":{"line":35,"column":30},"end":{"line":35,"column":31}},"loc":{"start":{"line":35,"column":41},"end":{"line":46,"column":3}},"line":35},"5":{"name":"(anonymous_5)","decl":{"start":{"line":36,"column":43},"end":{"line":36,"column":44}},"loc":{"start":{"line":36,"column":54},"end":{"line":45,"column":5}},"line":36},"6":{"name":"(anonymous_6)","decl":{"start":{"line":48,"column":23},"end":{"line":48,"column":24}},"loc":{"start":{"line":48,"column":29},"end":{"line":54,"column":3}},"line":48},"7":{"name":"(anonymous_7)","decl":{"start":{"line":50,"column":32},"end":{"line":50,"column":33}},"loc":{"start":{"line":50,"column":45},"end":{"line":52,"column":7}},"line":50},"8":{"name":"(anonymous_8)","decl":{"start":{"line":56,"column":9},"end":{"line":56,"column":10}},"loc":{"start":{"line":56,"column":21},"end":{"line":69,"column":3}},"line":56},"9":{"name":"(anonymous_9)","decl":{"start":{"line":58,"column":20},"end":{"line":58,"column":21}},"loc":{"start":{"line":58,"column":33},"end":{"line":68,"column":5}},"line":58},"10":{"name":"(anonymous_10)","decl":{"start":{"line":61,"column":19},"end":{"line":61,"column":20}},"loc":{"start":{"line":61,"column":25},"end":{"line":63,"column":9}},"line":61},"11":{"name":"(anonymous_11)","decl":{"start":{"line":71,"column":10},"end":{"line":71,"column":11}},"loc":{"start":{"line":71,"column":16},"end":{"line":77,"column":3}},"line":71},"12":{"name":"(anonymous_12)","decl":{"start":{"line":79,"column":20},"end":{"line":79,"column":21}},"loc":{"start":{"line":79,"column":31},"end":{"line":84,"column":3}},"line":79},"13":{"name":"(anonymous_13)","decl":{"start":{"line":86,"column":2},"end":{"line":86,"column":3}},"loc":{"start":{"line":86,"column":11},"end":{"line":127,"column":3}},"line":86},"14":{"name":"(anonymous_14)","decl":{"start":{"line":92,"column":57},"end":{"line":92,"column":58}},"loc":{"start":{"line":92,"column":63},"end":{"line":92,"column":74}},"line":92},"15":{"name":"(anonymous_15)","decl":{"start":{"line":97,"column":58},"end":{"line":97,"column":59}},"loc":{"start":{"line":97,"column":64},"end":{"line":97,"column":76}},"line":97}},"branchMap":{"0":{"loc":{"start":{"line":24,"column":8},"end":{"line":30,"column":9}},"type":"if","locations":[{"start":{"line":24,"column":8},"end":{"line":30,"column":9}},{"start":{"line":24,"column":8},"end":{"line":30,"column":9}}],"line":24},"1":{"loc":{"start":{"line":25,"column":10},"end":{"line":29,"column":11}},"type":"if","locations":[{"start":{"line":25,"column":10},"end":{"line":29,"column":11}},{"start":{"line":25,"column":10},"end":{"line":29,"column":11}}],"line":25},"2":{"loc":{"start":{"line":37,"column":6},"end":{"line":44,"column":7}},"type":"if","locations":[{"start":{"line":37,"column":6},"end":{"line":44,"column":7}},{"start":{"line":37,"column":6},"end":{"line":44,"column":7}}],"line":37},"3":{"loc":{"start":{"line":49,"column":4},"end":{"line":53,"column":5}},"type":"if","locations":[{"start":{"line":49,"column":4},"end":{"line":53,"column":5}},{"start":{"line":49,"column":4},"end":{"line":53,"column":5}}],"line":49},"4":{"loc":{"start":{"line":59,"column":6},"end":{"line":67,"column":7}},"type":"if","locations":[{"start":{"line":59,"column":6},"end":{"line":67,"column":7}},{"start":{"line":59,"column":6},"end":{"line":67,"column":7}}],"line":59},"5":{"loc":{"start":{"line":72,"column":4},"end":{"line":74,"column":5}},"type":"if","locations":[{"start":{"line":72,"column":4},"end":{"line":74,"column":5}},{"start":{"line":72,"column":4},"end":{"line":74,"column":5}}],"line":72},"6":{"loc":{"start":{"line":80,"column":4},"end":{"line":83,"column":5}},"type":"if","locations":[{"start":{"line":80,"column":4},"end":{"line":83,"column":5}},{"start":{"line":80,"column":4},"end":{"line":83,"column":5}}],"line":80},"7":{"loc":{"start":{"line":91,"column":9},"end":{"line":95,"column":9}},"type":"binary-expr","locations":[{"start":{"line":91,"column":9},"end":{"line":91,"column":25}},{"start":{"line":92,"column":10},"end":{"line":94,"column":29}}],"line":91},"8":{"loc":{"start":{"line":96,"column":9},"end":{"line":100,"column":9}},"type":"binary-expr","locations":[{"start":{"line":96,"column":9},"end":{"line":96,"column":24}},{"start":{"line":97,"column":10},"end":{"line":99,"column":29}}],"line":96},"9":{"loc":{"start":{"line":112,"column":9},"end":{"line":118,"column":9}},"type":"binary-expr","locations":[{"start":{"line":112,"column":10},"end":{"line":112,"column":25}},{"start":{"line":112,"column":29},"end":{"line":112,"column":54}},{"start":{"line":113,"column":10},"end":{"line":117,"column":17}}],"line":112},"10":{"loc":{"start":{"line":120,"column":9},"end":{"line":124,"column":9}},"type":"binary-expr","locations":[{"start":{"line":120,"column":9},"end":{"line":120,"column":25}},{"start":{"line":120,"column":29},"end":{"line":120,"column":54}},{"start":{"line":121,"column":10},"end":{"line":123,"column":17}}],"line":120}},"s":{"0":2,"1":2,"2":2,"3":2,"4":3,"5":3,"6":3,"7":3,"8":1,"9":2,"10":0,"11":0,"12":0,"13":0,"14":2,"15":3,"16":1,"17":0,"18":2,"19":1,"20":0,"21":0,"22":0,"23":0,"24":0,"25":0,"26":2,"27":1,"28":1,"29":1,"30":2,"31":0,"32":0,"33":0,"34":5,"35":1,"36":1},"f":{"0":2,"1":3,"2":3,"3":3,"4":0,"5":0,"6":3,"7":0,"8":1,"9":0,"10":0,"11":1,"12":0,"13":5,"14":1,"15":1},"b":{"0":[3,0],"1":[1,2],"2":[0,0],"3":[1,2],"4":[0,0],"5":[1,0],"6":[0,0],"7":[5,4],"8":[5,1],"9":[5,4,1],"10":[5,4,4]},"_coverageSchema":"1a1c01bbd47fc00a2c39e90264f33305004495a9","hash":"acbb0299639f069b725fa23ecc61b66c05ee43c8"}
,"/Users/kevinvelasco/Desktop/programacion/locha-mesh-chat/src/components/Spinner.js": {"path":"/Users/kevinvelasco/Desktop/programacion/locha-mesh-chat/src/components/Spinner.js","statementMap":{"0":{"start":{"line":10,"column":16},"end":{"line":21,"column":1}},"1":{"start":{"line":11,"column":2},"end":{"line":20,"column":10}}},"fnMap":{"0":{"name":"(anonymous_0)","decl":{"start":{"line":10,"column":16},"end":{"line":10,"column":17}},"loc":{"start":{"line":11,"column":2},"end":{"line":20,"column":10}},"line":11},"1":{"name":"(anonymous_1)","decl":{"start":{"line":15,"column":20},"end":{"line":15,"column":21}},"loc":{"start":{"line":15,"column":26},"end":{"line":15,"column":28}},"line":15}},"branchMap":{},"s":{"0":11,"1":1},"f":{"0":1,"1":0},"b":{},"_coverageSchema":"1a1c01bbd47fc00a2c39e90264f33305004495a9","hash":"163c3d3f465d4d9a4de10fd2a381a3223b3ac7e8"}
,"/Users/kevinvelasco/Desktop/programacion/locha-mesh-chat/src/database/index.js": {"path":"/Users/kevinvelasco/Desktop/programacion/locha-mesh-chat/src/database/index.js","statementMap":{"0":{"start":{"line":20,"column":0},"end":{"line":26,"column":1}},"1":{"start":{"line":21,"column":2},"end":{"line":21,"column":32}},"2":{"start":{"line":22,"column":2},"end":{"line":22,"column":26}},"3":{"start":{"line":24,"column":2},"end":{"line":24,"column":45}},"4":{"start":{"line":25,"column":2},"end":{"line":25,"column":39}},"5":{"start":{"line":29,"column":16},"end":{"line":35,"column":1}},"6":{"start":{"line":37,"column":24},"end":{"line":48,"column":1}},"7":{"start":{"line":62,"column":18},"end":{"line":62,"column":43}},"8":{"start":{"line":63,"column":4},"end":{"line":65,"column":5}},"9":{"start":{"line":63,"column":17},"end":{"line":63,"column":18}},"10":{"start":{"line":64,"column":6},"end":{"line":64,"column":35}},"11":{"start":{"line":66,"column":4},"end":{"line":66,"column":17}},"12":{"start":{"line":77,"column":13},"end":{"line":90,"column":4}},"13":{"start":{"line":77,"column":28},"end":{"line":90,"column":4}},"14":{"start":{"line":78,"column":4},"end":{"line":78,"column":50}},"15":{"start":{"line":79,"column":4},"end":{"line":79,"column":59}},"16":{"start":{"line":81,"column":4},"end":{"line":89,"column":5}},"17":{"start":{"line":82,"column":6},"end":{"line":82,"column":37}},"18":{"start":{"line":83,"column":6},"end":{"line":83,"column":43}},"19":{"start":{"line":84,"column":6},"end":{"line":84,"column":49}},"20":{"start":{"line":85,"column":6},"end":{"line":85,"column":23}},"21":{"start":{"line":88,"column":6},"end":{"line":88,"column":35}},"22":{"start":{"line":99,"column":19},"end":{"line":112,"column":4}},"23":{"start":{"line":99,"column":28},"end":{"line":112,"column":4}},"24":{"start":{"line":100,"column":4},"end":{"line":100,"column":50}},"25":{"start":{"line":101,"column":4},"end":{"line":111,"column":5}},"26":{"start":{"line":102,"column":6},"end":{"line":102,"column":37}},"27":{"start":{"line":103,"column":21},"end":{"line":103,"column":46}},"28":{"start":{"line":104,"column":6},"end":{"line":104,"column":69}},"29":{"start":{"line":105,"column":6},"end":{"line":105,"column":43}},"30":{"start":{"line":106,"column":6},"end":{"line":106,"column":49}},"31":{"start":{"line":107,"column":23},"end":{"line":107,"column":47}},"32":{"start":{"line":108,"column":6},"end":{"line":108,"column":67}},"33":{"start":{"line":110,"column":6},"end":{"line":110,"column":18}},"34":{"start":{"line":120,"column":16},"end":{"line":135,"column":4}},"35":{"start":{"line":120,"column":29},"end":{"line":135,"column":4}},"36":{"start":{"line":121,"column":4},"end":{"line":121,"column":39}},"37":{"start":{"line":122,"column":4},"end":{"line":134,"column":5}},"38":{"start":{"line":123,"column":6},"end":{"line":130,"column":9}},"39":{"start":{"line":124,"column":8},"end":{"line":127,"column":17}},"40":{"start":{"line":129,"column":8},"end":{"line":129,"column":18}},"41":{"start":{"line":133,"column":6},"end":{"line":133,"column":46}},"42":{"start":{"line":144,"column":22},"end":{"line":150,"column":4}},"43":{"start":{"line":144,"column":39},"end":{"line":150,"column":4}},"44":{"start":{"line":145,"column":4},"end":{"line":149,"column":7}},"45":{"start":{"line":146,"column":6},"end":{"line":148,"column":9}},"46":{"start":{"line":147,"column":8},"end":{"line":147,"column":18}},"47":{"start":{"line":158,"column":14},"end":{"line":167,"column":4}},"48":{"start":{"line":158,"column":23},"end":{"line":167,"column":4}},"49":{"start":{"line":159,"column":4},"end":{"line":166,"column":5}},"50":{"start":{"line":160,"column":6},"end":{"line":160,"column":74}},"51":{"start":{"line":162,"column":6},"end":{"line":162,"column":25}},"52":{"start":{"line":163,"column":6},"end":{"line":163,"column":16}},"53":{"start":{"line":165,"column":6},"end":{"line":165,"column":18}},"54":{"start":{"line":170,"column":4},"end":{"line":172,"column":5}},"55":{"start":{"line":171,"column":6},"end":{"line":171,"column":22}},"56":{"start":{"line":173,"column":4},"end":{"line":175,"column":5}},"57":{"start":{"line":174,"column":6},"end":{"line":174,"column":24}},"58":{"start":{"line":176,"column":4},"end":{"line":178,"column":5}},"59":{"start":{"line":177,"column":6},"end":{"line":177,"column":28}},"60":{"start":{"line":188,"column":20},"end":{"line":211,"column":4}},"61":{"start":{"line":188,"column":35},"end":{"line":211,"column":4}},"62":{"start":{"line":189,"column":4},"end":{"line":210,"column":7}},"63":{"start":{"line":190,"column":20},"end":{"line":190,"column":50}},"64":{"start":{"line":191,"column":23},"end":{"line":191,"column":56}},"65":{"start":{"line":193,"column":6},"end":{"line":196,"column":7}},"66":{"start":{"line":193,"column":23},"end":{"line":193,"column":24}},"67":{"start":{"line":194,"column":8},"end":{"line":194,"column":69}},"68":{"start":{"line":195,"column":8},"end":{"line":195,"column":32}},"69":{"start":{"line":198,"column":6},"end":{"line":209,"column":7}},"70":{"start":{"line":199,"column":8},"end":{"line":199,"column":47}},"71":{"start":{"line":200,"column":8},"end":{"line":204,"column":11}},"72":{"start":{"line":205,"column":8},"end":{"line":205,"column":18}},"73":{"start":{"line":208,"column":8},"end":{"line":208,"column":25}},"74":{"start":{"line":219,"column":18},"end":{"line":229,"column":4}},"75":{"start":{"line":219,"column":31},"end":{"line":229,"column":4}},"76":{"start":{"line":220,"column":4},"end":{"line":228,"column":5}},"77":{"start":{"line":221,"column":6},"end":{"line":221,"column":86}},"78":{"start":{"line":223,"column":6},"end":{"line":223,"column":33}},"79":{"start":{"line":224,"column":25},"end":{"line":224,"column":112}},"80":{"start":{"line":225,"column":6},"end":{"line":225,"column":26}},"81":{"start":{"line":227,"column":6},"end":{"line":227,"column":15}},"82":{"start":{"line":238,"column":11},"end":{"line":245,"column":4}},"83":{"start":{"line":238,"column":28},"end":{"line":245,"column":4}},"84":{"start":{"line":239,"column":4},"end":{"line":244,"column":7}},"85":{"start":{"line":240,"column":6},"end":{"line":243,"column":9}},"86":{"start":{"line":241,"column":25},"end":{"line":241,"column":49}},"87":{"start":{"line":242,"column":8},"end":{"line":242,"column":26}}},"fnMap":{"0":{"name":"(anonymous_0)","decl":{"start":{"line":61,"column":2},"end":{"line":61,"column":3}},"loc":{"start":{"line":61,"column":19},"end":{"line":67,"column":3}},"line":61},"1":{"name":"(anonymous_1)","decl":{"start":{"line":77,"column":13},"end":{"line":77,"column":14}},"loc":{"start":{"line":77,"column":28},"end":{"line":90,"column":4}},"line":77},"2":{"name":"(anonymous_2)","decl":{"start":{"line":77,"column":40},"end":{"line":77,"column":41}},"loc":{"start":{"line":77,"column":53},"end":{"line":90,"column":3}},"line":77},"3":{"name":"(anonymous_3)","decl":{"start":{"line":99,"column":19},"end":{"line":99,"column":20}},"loc":{"start":{"line":99,"column":28},"end":{"line":112,"column":4}},"line":99},"4":{"name":"(anonymous_4)","decl":{"start":{"line":99,"column":40},"end":{"line":99,"column":41}},"loc":{"start":{"line":99,"column":67},"end":{"line":112,"column":3}},"line":99},"5":{"name":"(anonymous_5)","decl":{"start":{"line":120,"column":16},"end":{"line":120,"column":17}},"loc":{"start":{"line":120,"column":29},"end":{"line":135,"column":4}},"line":120},"6":{"name":"(anonymous_6)","decl":{"start":{"line":120,"column":41},"end":{"line":120,"column":42}},"loc":{"start":{"line":120,"column":60},"end":{"line":135,"column":3}},"line":120},"7":{"name":"(anonymous_7)","decl":{"start":{"line":123,"column":22},"end":{"line":123,"column":23}},"loc":{"start":{"line":123,"column":28},"end":{"line":130,"column":7}},"line":123},"8":{"name":"(anonymous_8)","decl":{"start":{"line":144,"column":22},"end":{"line":144,"column":23}},"loc":{"start":{"line":144,"column":39},"end":{"line":150,"column":4}},"line":144},"9":{"name":"(anonymous_9)","decl":{"start":{"line":144,"column":51},"end":{"line":144,"column":52}},"loc":{"start":{"line":144,"column":70},"end":{"line":150,"column":3}},"line":144},"10":{"name":"(anonymous_10)","decl":{"start":{"line":145,"column":80},"end":{"line":145,"column":81}},"loc":{"start":{"line":145,"column":86},"end":{"line":149,"column":5}},"line":145},"11":{"name":"(anonymous_11)","decl":{"start":{"line":146,"column":36},"end":{"line":146,"column":37}},"loc":{"start":{"line":146,"column":42},"end":{"line":148,"column":7}},"line":146},"12":{"name":"(anonymous_12)","decl":{"start":{"line":158,"column":14},"end":{"line":158,"column":15}},"loc":{"start":{"line":158,"column":23},"end":{"line":167,"column":4}},"line":158},"13":{"name":"(anonymous_13)","decl":{"start":{"line":158,"column":35},"end":{"line":158,"column":36}},"loc":{"start":{"line":158,"column":62},"end":{"line":167,"column":3}},"line":158},"14":{"name":"(anonymous_14)","decl":{"start":{"line":169,"column":2},"end":{"line":169,"column":3}},"loc":{"start":{"line":169,"column":12},"end":{"line":179,"column":3}},"line":169},"15":{"name":"(anonymous_15)","decl":{"start":{"line":188,"column":20},"end":{"line":188,"column":21}},"loc":{"start":{"line":188,"column":35},"end":{"line":211,"column":4}},"line":188},"16":{"name":"(anonymous_16)","decl":{"start":{"line":188,"column":47},"end":{"line":188,"column":48}},"loc":{"start":{"line":188,"column":66},"end":{"line":211,"column":3}},"line":188},"17":{"name":"(anonymous_17)","decl":{"start":{"line":189,"column":88},"end":{"line":189,"column":89}},"loc":{"start":{"line":189,"column":100},"end":{"line":210,"column":5}},"line":189},"18":{"name":"(anonymous_18)","decl":{"start":{"line":219,"column":18},"end":{"line":219,"column":19}},"loc":{"start":{"line":219,"column":31},"end":{"line":229,"column":4}},"line":219},"19":{"name":"(anonymous_19)","decl":{"start":{"line":219,"column":43},"end":{"line":219,"column":44}},"loc":{"start":{"line":219,"column":70},"end":{"line":229,"column":3}},"line":219},"20":{"name":"(anonymous_20)","decl":{"start":{"line":238,"column":11},"end":{"line":238,"column":12}},"loc":{"start":{"line":238,"column":28},"end":{"line":245,"column":4}},"line":238},"21":{"name":"(anonymous_21)","decl":{"start":{"line":238,"column":40},"end":{"line":238,"column":41}},"loc":{"start":{"line":238,"column":59},"end":{"line":245,"column":3}},"line":238},"22":{"name":"(anonymous_22)","decl":{"start":{"line":239,"column":80},"end":{"line":239,"column":81}},"loc":{"start":{"line":239,"column":86},"end":{"line":244,"column":5}},"line":239},"23":{"name":"(anonymous_23)","decl":{"start":{"line":240,"column":36},"end":{"line":240,"column":37}},"loc":{"start":{"line":240,"column":48},"end":{"line":243,"column":7}},"line":240}},"branchMap":{"0":{"loc":{"start":{"line":20,"column":0},"end":{"line":26,"column":1}},"type":"if","locations":[{"start":{"line":20,"column":0},"end":{"line":26,"column":1}},{"start":{"line":20,"column":0},"end":{"line":26,"column":1}}],"line":20},"1":{"loc":{"start":{"line":170,"column":4},"end":{"line":172,"column":5}},"type":"if","locations":[{"start":{"line":170,"column":4},"end":{"line":172,"column":5}},{"start":{"line":170,"column":4},"end":{"line":172,"column":5}}],"line":170},"2":{"loc":{"start":{"line":173,"column":4},"end":{"line":175,"column":5}},"type":"if","locations":[{"start":{"line":173,"column":4},"end":{"line":175,"column":5}},{"start":{"line":173,"column":4},"end":{"line":175,"column":5}}],"line":173},"3":{"loc":{"start":{"line":176,"column":4},"end":{"line":178,"column":5}},"type":"if","locations":[{"start":{"line":176,"column":4},"end":{"line":178,"column":5}},{"start":{"line":176,"column":4},"end":{"line":178,"column":5}}],"line":176}},"s":{"0":10,"1":0,"2":0,"3":10,"4":10,"5":10,"6":10,"7":0,"8":0,"9":0,"10":0,"11":0,"12":10,"13":0,"14":0,"15":0,"16":0,"17":0,"18":0,"19":0,"20":0,"21":0,"22":10,"23":0,"24":0,"25":0,"26":0,"27":0,"28":0,"29":0,"30":0,"31":0,"32":0,"33":0,"34":10,"35":0,"36":0,"37":0,"38":0,"39":0,"40":0,"41":0,"42":10,"43":0,"44":0,"45":0,"46":0,"47":10,"48":0,"49":0,"50":0,"51":0,"52":0,"53":0,"54":1,"55":0,"56":1,"57":0,"58":1,"59":0,"60":10,"61":0,"62":0,"63":0,"64":0,"65":0,"66":0,"67":0,"68":0,"69":0,"70":0,"71":0,"72":0,"73":0,"74":10,"75":0,"76":0,"77":0,"78":0,"79":0,"80":0,"81":0,"82":10,"83":0,"84":0,"85":0,"86":0,"87":0},"f":{"0":0,"1":0,"2":0,"3":0,"4":0,"5":0,"6":0,"7":0,"8":0,"9":0,"10":0,"11":0,"12":0,"13":0,"14":1,"15":0,"16":0,"17":0,"18":0,"19":0,"20":0,"21":0,"22":0,"23":0},"b":{"0":[0,10],"1":[0,1],"2":[0,1],"3":[0,1]},"_coverageSchema":"1a1c01bbd47fc00a2c39e90264f33305004495a9","hash":"912854fdafb751f75e091e3c84d480a9efb3952d"}
,"/Users/kevinvelasco/Desktop/programacion/locha-mesh-chat/src/database/realmDatabase.js": {"path":"/Users/kevinvelasco/Desktop/programacion/locha-mesh-chat/src/database/realmDatabase.js","statementMap":{"0":{"start":{"line":8,"column":0},"end":{"line":10,"column":1}},"1":{"start":{"line":9,"column":2},"end":{"line":9,"column":44}},"2":{"start":{"line":14,"column":4},"end":{"line":14,"column":24}},"3":{"start":{"line":17,"column":16},"end":{"line":21,"column":4}},"4":{"start":{"line":17,"column":22},"end":{"line":21,"column":4}},"5":{"start":{"line":18,"column":17},"end":{"line":18,"column":40}},"6":{"start":{"line":20,"column":4},"end":{"line":20,"column":30}},"7":{"start":{"line":23,"column":15},"end":{"line":45,"column":4}},"8":{"start":{"line":23,"column":24},"end":{"line":45,"column":4}},"9":{"start":{"line":24,"column":4},"end":{"line":44,"column":5}},"10":{"start":{"line":25,"column":6},"end":{"line":41,"column":9}},"11":{"start":{"line":26,"column":25},"end":{"line":34,"column":9}},"12":{"start":{"line":35,"column":8},"end":{"line":39,"column":10}},"13":{"start":{"line":40,"column":8},"end":{"line":40,"column":26}},"14":{"start":{"line":43,"column":6},"end":{"line":43,"column":16}},"15":{"start":{"line":52,"column":15},"end":{"line":69,"column":4}},"16":{"start":{"line":52,"column":30},"end":{"line":69,"column":4}},"17":{"start":{"line":53,"column":4},"end":{"line":68,"column":5}},"18":{"start":{"line":54,"column":6},"end":{"line":65,"column":9}},"19":{"start":{"line":55,"column":25},"end":{"line":58,"column":9}},"20":{"start":{"line":59,"column":8},"end":{"line":63,"column":10}},"21":{"start":{"line":64,"column":8},"end":{"line":64,"column":26}},"22":{"start":{"line":67,"column":6},"end":{"line":67,"column":16}},"23":{"start":{"line":71,"column":18},"end":{"line":87,"column":4}},"24":{"start":{"line":71,"column":27},"end":{"line":87,"column":4}},"25":{"start":{"line":72,"column":4},"end":{"line":86,"column":5}},"26":{"start":{"line":73,"column":6},"end":{"line":83,"column":9}},"27":{"start":{"line":74,"column":8},"end":{"line":81,"column":10}},"28":{"start":{"line":82,"column":8},"end":{"line":82,"column":21}},"29":{"start":{"line":85,"column":6},"end":{"line":85,"column":16}},"30":{"start":{"line":90,"column":19},"end":{"line":97,"column":3}},"31":{"start":{"line":91,"column":4},"end":{"line":96,"column":5}},"32":{"start":{"line":92,"column":21},"end":{"line":92,"column":58}},"33":{"start":{"line":93,"column":6},"end":{"line":93,"column":35}},"34":{"start":{"line":95,"column":6},"end":{"line":95,"column":16}},"35":{"start":{"line":100,"column":25},"end":{"line":111,"column":4}},"36":{"start":{"line":100,"column":33},"end":{"line":111,"column":4}},"37":{"start":{"line":101,"column":4},"end":{"line":110,"column":7}},"38":{"start":{"line":102,"column":6},"end":{"line":109,"column":7}},"39":{"start":{"line":103,"column":21},"end":{"line":103,"column":60}},"40":{"start":{"line":104,"column":24},"end":{"line":104,"column":55}},"41":{"start":{"line":105,"column":8},"end":{"line":105,"column":24}},"42":{"start":{"line":106,"column":8},"end":{"line":106,"column":25}},"43":{"start":{"line":108,"column":8},"end":{"line":108,"column":42}},"44":{"start":{"line":114,"column":19},"end":{"line":131,"column":4}},"45":{"start":{"line":114,"column":25},"end":{"line":131,"column":4}},"46":{"start":{"line":115,"column":4},"end":{"line":130,"column":7}},"47":{"start":{"line":116,"column":23},"end":{"line":121,"column":8}},"48":{"start":{"line":117,"column":28},"end":{"line":117,"column":53}},"49":{"start":{"line":118,"column":8},"end":{"line":120,"column":10}},"50":{"start":{"line":123,"column":18},"end":{"line":123,"column":34}},"51":{"start":{"line":124,"column":6},"end":{"line":126,"column":9}},"52":{"start":{"line":125,"column":8},"end":{"line":125,"column":42}},"53":{"start":{"line":127,"column":6},"end":{"line":129,"column":7}},"54":{"start":{"line":128,"column":8},"end":{"line":128,"column":28}},"55":{"start":{"line":133,"column":16},"end":{"line":163,"column":4}},"56":{"start":{"line":133,"column":38},"end":{"line":163,"column":4}},"57":{"start":{"line":134,"column":4},"end":{"line":162,"column":7}},"58":{"start":{"line":135,"column":6},"end":{"line":161,"column":7}},"59":{"start":{"line":136,"column":21},"end":{"line":136,"column":61}},"60":{"start":{"line":137,"column":8},"end":{"line":143,"column":11}},"61":{"start":{"line":145,"column":8},"end":{"line":152,"column":9}},"62":{"start":{"line":146,"column":10},"end":{"line":151,"column":13}},"63":{"start":{"line":153,"column":8},"end":{"line":158,"column":11}},"64":{"start":{"line":160,"column":8},"end":{"line":160,"column":36}},"65":{"start":{"line":165,"column":15},"end":{"line":194,"column":4}},"66":{"start":{"line":165,"column":36},"end":{"line":194,"column":4}},"67":{"start":{"line":166,"column":4},"end":{"line":193,"column":7}},"68":{"start":{"line":167,"column":6},"end":{"line":192,"column":7}},"69":{"start":{"line":168,"column":21},"end":{"line":168,"column":60}},"70":{"start":{"line":169,"column":8},"end":{"line":169,"column":46}},"71":{"start":{"line":171,"column":21},"end":{"line":171,"column":41}},"72":{"start":{"line":172,"column":21},"end":{"line":177,"column":16}},"73":{"start":{"line":178,"column":8},"end":{"line":185,"column":11}},"74":{"start":{"line":186,"column":8},"end":{"line":186,"column":30}},"75":{"start":{"line":187,"column":8},"end":{"line":187,"column":32}},"76":{"start":{"line":190,"column":8},"end":{"line":190,"column":45}},"77":{"start":{"line":196,"column":20},"end":{"line":203,"column":4}},"78":{"start":{"line":196,"column":29},"end":{"line":203,"column":4}},"79":{"start":{"line":197,"column":4},"end":{"line":202,"column":7}},"80":{"start":{"line":198,"column":6},"end":{"line":200,"column":15}},"81":{"start":{"line":201,"column":6},"end":{"line":201,"column":19}},"82":{"start":{"line":205,"column":18},"end":{"line":208,"column":4}},"83":{"start":{"line":205,"column":31},"end":{"line":208,"column":4}},"84":{"start":{"line":206,"column":20},"end":{"line":206,"column":87}},"85":{"start":{"line":206,"column":62},"end":{"line":206,"column":86}},"86":{"start":{"line":207,"column":4},"end":{"line":207,"column":21}},"87":{"start":{"line":210,"column":23},"end":{"line":217,"column":4}},"88":{"start":{"line":210,"column":31},"end":{"line":217,"column":4}},"89":{"start":{"line":211,"column":21},"end":{"line":211,"column":72}},"90":{"start":{"line":212,"column":4},"end":{"line":216,"column":5}},"91":{"start":{"line":213,"column":6},"end":{"line":213,"column":52}},"92":{"start":{"line":215,"column":6},"end":{"line":215,"column":25}},"93":{"start":{"line":219,"column":21},"end":{"line":241,"column":4}},"94":{"start":{"line":219,"column":27},"end":{"line":241,"column":4}},"95":{"start":{"line":220,"column":24},"end":{"line":220,"column":32}},"96":{"start":{"line":221,"column":4},"end":{"line":240,"column":7}},"97":{"start":{"line":222,"column":19},"end":{"line":222,"column":71}},"98":{"start":{"line":223,"column":28},"end":{"line":226,"column":8}},"99":{"start":{"line":224,"column":28},"end":{"line":224,"column":61}},"100":{"start":{"line":225,"column":8},"end":{"line":225,"column":55}},"101":{"start":{"line":227,"column":6},"end":{"line":230,"column":7}},"102":{"start":{"line":228,"column":23},"end":{"line":228,"column":41}},"103":{"start":{"line":229,"column":8},"end":{"line":229,"column":31}},"104":{"start":{"line":232,"column":22},"end":{"line":235,"column":8}},"105":{"start":{"line":233,"column":28},"end":{"line":233,"column":56}},"106":{"start":{"line":234,"column":8},"end":{"line":234,"column":55}},"107":{"start":{"line":237,"column":6},"end":{"line":237,"column":30}},"108":{"start":{"line":238,"column":6},"end":{"line":238,"column":36}},"109":{"start":{"line":239,"column":6},"end":{"line":239,"column":48}},"110":{"start":{"line":244,"column":18},"end":{"line":270,"column":4}},"111":{"start":{"line":244,"column":28},"end":{"line":270,"column":4}},"112":{"start":{"line":245,"column":4},"end":{"line":269,"column":7}},"113":{"start":{"line":247,"column":22},"end":{"line":253,"column":8}},"114":{"start":{"line":248,"column":23},"end":{"line":248,"column":80}},"115":{"start":{"line":248,"column":46},"end":{"line":248,"column":79}},"116":{"start":{"line":250,"column":8},"end":{"line":252,"column":9}},"117":{"start":{"line":251,"column":10},"end":{"line":251,"column":50}},"118":{"start":{"line":255,"column":20},"end":{"line":263,"column":8}},"119":{"start":{"line":256,"column":30},"end":{"line":258,"column":10}},"120":{"start":{"line":257,"column":10},"end":{"line":257,"column":41}},"121":{"start":{"line":260,"column":8},"end":{"line":262,"column":9}},"122":{"start":{"line":261,"column":10},"end":{"line":261,"column":50}},"123":{"start":{"line":266,"column":6},"end":{"line":266,"column":28}},"124":{"start":{"line":267,"column":6},"end":{"line":267,"column":30}},"125":{"start":{"line":268,"column":6},"end":{"line":268,"column":20}},"126":{"start":{"line":272,"column":16},"end":{"line":283,"column":4}},"127":{"start":{"line":272,"column":28},"end":{"line":283,"column":4}},"128":{"start":{"line":273,"column":4},"end":{"line":282,"column":7}},"129":{"start":{"line":274,"column":6},"end":{"line":280,"column":8}},"130":{"start":{"line":281,"column":6},"end":{"line":281,"column":22}},"131":{"start":{"line":285,"column":14},"end":{"line":291,"column":3}},"132":{"start":{"line":286,"column":4},"end":{"line":290,"column":7}},"133":{"start":{"line":287,"column":33},"end":{"line":287,"column":46}},"134":{"start":{"line":288,"column":25},"end":{"line":288,"column":37}},"135":{"start":{"line":289,"column":6},"end":{"line":289,"column":61}},"136":{"start":{"line":293,"column":20},"end":{"line":297,"column":3}},"137":{"start":{"line":294,"column":18},"end":{"line":294,"column":50}},"138":{"start":{"line":296,"column":4},"end":{"line":296,"column":38}},"139":{"start":{"line":299,"column":17},"end":{"line":316,"column":4}},"140":{"start":{"line":299,"column":26},"end":{"line":316,"column":4}},"141":{"start":{"line":300,"column":4},"end":{"line":315,"column":7}},"142":{"start":{"line":302,"column":19},"end":{"line":308,"column":8}},"143":{"start":{"line":303,"column":23},"end":{"line":303,"column":67}},"144":{"start":{"line":303,"column":42},"end":{"line":303,"column":66}},"145":{"start":{"line":305,"column":8},"end":{"line":307,"column":9}},"146":{"start":{"line":306,"column":10},"end":{"line":306,"column":44}},"147":{"start":{"line":310,"column":6},"end":{"line":312,"column":9}},"148":{"start":{"line":311,"column":8},"end":{"line":311,"column":37}},"149":{"start":{"line":314,"column":6},"end":{"line":314,"column":19}},"150":{"start":{"line":319,"column":14},"end":{"line":326,"column":4}},"151":{"start":{"line":319,"column":22},"end":{"line":326,"column":4}},"152":{"start":{"line":320,"column":4},"end":{"line":325,"column":7}},"153":{"start":{"line":321,"column":19},"end":{"line":321,"column":58}},"154":{"start":{"line":323,"column":6},"end":{"line":323,"column":36}},"155":{"start":{"line":324,"column":6},"end":{"line":324,"column":20}},"156":{"start":{"line":329,"column":18},"end":{"line":345,"column":4}},"157":{"start":{"line":329,"column":31},"end":{"line":345,"column":4}},"158":{"start":{"line":330,"column":4},"end":{"line":344,"column":7}},"159":{"start":{"line":331,"column":6},"end":{"line":343,"column":7}},"160":{"start":{"line":332,"column":21},"end":{"line":332,"column":60}},"161":{"start":{"line":333,"column":25},"end":{"line":337,"column":10}},"162":{"start":{"line":334,"column":25},"end":{"line":334,"column":70}},"163":{"start":{"line":334,"column":47},"end":{"line":334,"column":69}},"164":{"start":{"line":336,"column":10},"end":{"line":336,"column":24}},"165":{"start":{"line":339,"column":8},"end":{"line":339,"column":33}},"166":{"start":{"line":340,"column":8},"end":{"line":340,"column":18}},"167":{"start":{"line":348,"column":19},"end":{"line":361,"column":4}},"168":{"start":{"line":348,"column":38},"end":{"line":361,"column":4}},"169":{"start":{"line":349,"column":4},"end":{"line":360,"column":7}},"170":{"start":{"line":350,"column":19},"end":{"line":350,"column":39}},"171":{"start":{"line":351,"column":19},"end":{"line":351,"column":58}},"172":{"start":{"line":352,"column":6},"end":{"line":359,"column":7}},"173":{"start":{"line":353,"column":8},"end":{"line":353,"column":35}},"174":{"start":{"line":354,"column":8},"end":{"line":354,"column":30}},"175":{"start":{"line":355,"column":8},"end":{"line":355,"column":22}},"176":{"start":{"line":358,"column":8},"end":{"line":358,"column":25}},"177":{"start":{"line":363,"column":18},"end":{"line":384,"column":4}},"178":{"start":{"line":363,"column":35},"end":{"line":384,"column":4}},"179":{"start":{"line":364,"column":4},"end":{"line":383,"column":7}},"180":{"start":{"line":365,"column":6},"end":{"line":382,"column":7}},"181":{"start":{"line":366,"column":24},"end":{"line":369,"column":9}},"182":{"start":{"line":370,"column":8},"end":{"line":370,"column":49}},"183":{"start":{"line":372,"column":8},"end":{"line":372,"column":18}},"184":{"start":{"line":374,"column":8},"end":{"line":381,"column":9}},"185":{"start":{"line":376,"column":10},"end":{"line":379,"column":13}},"186":{"start":{"line":377,"column":28},"end":{"line":377,"column":70}},"187":{"start":{"line":378,"column":12},"end":{"line":378,"column":53}},"188":{"start":{"line":380,"column":10},"end":{"line":380,"column":20}},"189":{"start":{"line":386,"column":18},"end":{"line":404,"column":4}},"190":{"start":{"line":386,"column":31},"end":{"line":404,"column":4}},"191":{"start":{"line":387,"column":4},"end":{"line":403,"column":7}},"192":{"start":{"line":388,"column":6},"end":{"line":402,"column":7}},"193":{"start":{"line":389,"column":8},"end":{"line":396,"column":10}},"194":{"start":{"line":397,"column":20},"end":{"line":397,"column":70}},"195":{"start":{"line":398,"column":8},"end":{"line":398,"column":21}},"196":{"start":{"line":401,"column":8},"end":{"line":401,"column":40}},"197":{"start":{"line":406,"column":15},"end":{"line":414,"column":4}},"198":{"start":{"line":406,"column":21},"end":{"line":414,"column":4}},"199":{"start":{"line":407,"column":4},"end":{"line":413,"column":5}},"200":{"start":{"line":408,"column":19},"end":{"line":408,"column":42}},"201":{"start":{"line":409,"column":19},"end":{"line":409,"column":44}},"202":{"start":{"line":410,"column":6},"end":{"line":410,"column":48}},"203":{"start":{"line":412,"column":6},"end":{"line":412,"column":15}},"204":{"start":{"line":416,"column":21},"end":{"line":423,"column":4}},"205":{"start":{"line":416,"column":46},"end":{"line":423,"column":4}},"206":{"start":{"line":417,"column":4},"end":{"line":422,"column":7}},"207":{"start":{"line":418,"column":21},"end":{"line":418,"column":89}},"208":{"start":{"line":418,"column":66},"end":{"line":418,"column":88}},"209":{"start":{"line":419,"column":6},"end":{"line":419,"column":28}},"210":{"start":{"line":420,"column":6},"end":{"line":420,"column":35}},"211":{"start":{"line":421,"column":6},"end":{"line":421,"column":16}}},"fnMap":{"0":{"name":"(anonymous_0)","decl":{"start":{"line":13,"
[...]
":{"start":{"line":49,"column":6},"end":{"line":49,"column":42}},"8":{"start":{"line":50,"column":6},"end":{"line":50,"column":25}},"9":{"start":{"line":60,"column":23},"end":{"line":83,"column":3}},"10":{"start":{"line":61,"column":4},"end":{"line":61,"column":23}},"11":{"start":{"line":62,"column":4},"end":{"line":82,"column":7}},"12":{"start":{"line":68,"column":22},"end":{"line":68,"column":82}},"13":{"start":{"line":70,"column":6},"end":{"line":80,"column":14}},"14":{"start":{"line":71,"column":27},"end":{"line":77,"column":9}},"15":{"start":{"line":78,"column":8},"end":{"line":78,"column":44}},"16":{"start":{"line":79,"column":8},"end":{"line":79,"column":27}},"17":{"start":{"line":87,"column":34},"end":{"line":87,"column":44}},"18":{"start":{"line":88,"column":4},"end":{"line":133,"column":6}},"19":{"start":{"line":97,"column":33},"end":{"line":97,"column":51}},"20":{"start":{"line":115,"column":16},"end":{"line":115,"column":44}},"21":{"start":{"line":124,"column":16},"end":{"line":124,"column":42}}},"fnMap":{"0":{"name":"(anonymous_0)","decl":{"start":{"line":22,"column":2},"end":{"line":22,"column":3}},"loc":{"start":{"line":22,"column":21},"end":{"line":27,"column":3}},"line":22},"1":{"name":"(anonymous_1)","decl":{"start":{"line":35,"column":25},"end":{"line":35,"column":26}},"loc":{"start":{"line":35,"column":31},"end":{"line":52,"column":3}},"line":35},"2":{"name":"(anonymous_2)","decl":{"start":{"line":41,"column":12},"end":{"line":41,"column":13}},"loc":{"start":{"line":41,"column":23},"end":{"line":51,"column":5}},"line":41},"3":{"name":"(anonymous_3)","decl":{"start":{"line":42,"column":20},"end":{"line":42,"column":21}},"loc":{"start":{"line":42,"column":30},"end":{"line":48,"column":7}},"line":42},"4":{"name":"(anonymous_4)","decl":{"start":{"line":60,"column":23},"end":{"line":60,"column":24}},"loc":{"start":{"line":60,"column":29},"end":{"line":83,"column":3}},"line":60},"5":{"name":"(anonymous_5)","decl":{"start":{"line":67,"column":12},"end":{"line":67,"column":13}},"loc":{"start":{"line":67,"column":23},"end":{"line":82,"column":5}},"line":67},"6":{"name":"(anonymous_6)","decl":{"start":{"line":70,"column":17},"end":{"line":70,"column":18}},"loc":{"start":{"line":70,"column":23},"end":{"line":80,"column":7}},"line":70},"7":{"name":"(anonymous_7)","decl":{"start":{"line":86,"column":2},"end":{"line":86,"column":3}},"loc":{"start":{"line":86,"column":11},"end":{"line":134,"column":3}},"line":86},"8":{"name":"(anonymous_8)","decl":{"start":{"line":97,"column":27},"end":{"line":97,"column":28}},"loc":{"start":{"line":97,"column":33},"end":{"line":97,"column":51}},"line":97},"9":{"name":"(anonymous_9)","decl":{"start":{"line":114,"column":23},"end":{"line":114,"column":24}},"loc":{"start":{"line":114,"column":29},"end":{"line":116,"column":15}},"line":114},"10":{"name":"(anonymous_10)","decl":{"start":{"line":123,"column":23},"end":{"line":123,"column":24}},"loc":{"start":{"line":123,"column":29},"end":{"line":125,"column":15}},"line":123}},"branchMap":{},"s":{"0":0,"1":0,"2":0,"3":0,"4":0,"5":0,"6":0,"7":0,"8":0,"9":0,"10":0,"11":0,"12":0,"13":0,"14":0,"15":0,"16":0,"17":0,"18":0,"19":0,"20":0,"21":0},"f":{"0":0,"1":0,"2":0,"3":0,"4":0,"5":0,"6":0,"7":0,"8":0,"9":0,"10":0},"b":{},"_coverageSchema":"1a1c01bbd47fc00a2c39e90264f33305004495a9","hash":"3cb74d5f97d09898eec7708f06fddc3f28fb11f2"}
,"/Users/kevinvelasco/Desktop/programacion/locha-mesh-chat/src/views/home/index.js": {"path":"/Users/kevinvelasco/Desktop/programacion/locha-mesh-chat/src/views/home/index.js","statementMap":{"0":{"start":{"line":44,"column":4},"end":{"line":44,"column":17}},"1":{"start":{"line":45,"column":4},"end":{"line":47,"column":6}},"2":{"start":{"line":51,"column":29},"end":{"line":53,"column":3}},"3":{"start":{"line":55,"column":22},"end":{"line":58,"column":3}},"4":{"start":{"line":56,"column":4},"end":{"line":56,"column":31}},"5":{"start":{"line":60,"column":17},"end":{"line":78,"column":3}},"6":{"start":{"line":61,"column":4},"end":{"line":67,"column":5}},"7":{"start":{"line":62,"column":21},"end":{"line":62,"column":52}},"8":{"start":{"line":63,"column":23},"end":{"line":63,"column":71}},"9":{"start":{"line":64,"column":6},"end":{"line":64,"column":35}},"10":{"start":{"line":65,"column":6},"end":{"line":65,"column":51}},"11":{"start":{"line":66,"column":6},"end":{"line":66,"column":13}},"12":{"start":{"line":69,"column":21},"end":{"line":69,"column":55}},"13":{"start":{"line":71,"column":4},"end":{"line":77,"column":5}},"14":{"start":{"line":72,"column":6},"end":{"line":72,"column":49}},"15":{"start":{"line":74,"column":6},"end":{"line":76,"column":9}},"16":{"start":{"line":80,"column":15},"end":{"line":100,"column":3}},"17":{"start":{"line":81,"column":28},"end":{"line":81,"column":38}},"18":{"start":{"line":82,"column":4},"end":{"line":99,"column":6}},"19":{"start":{"line":88,"column":25},"end":{"line":88,"column":56}},"20":{"start":{"line":93,"column":25},"end":{"line":95,"column":12}},"21":{"start":{"line":94,"column":12},"end":{"line":94,"column":44}},"22":{"start":{"line":102,"column":26},"end":{"line":106,"column":3}},"23":{"start":{"line":103,"column":19},"end":{"line":103,"column":84}},"24":{"start":{"line":103,"column":57},"end":{"line":103,"column":83}},"25":{"start":{"line":105,"column":4},"end":{"line":105,"column":18}},"26":{"start":{"line":108,"column":12},"end":{"line":115,"column":3}},"27":{"start":{"line":109,"column":19},"end":{"line":109,"column":30}},"28":{"start":{"line":110,"column":4},"end":{"line":110,"column":27}},"29":{"start":{"line":112,"column":4},"end":{"line":114,"column":7}},"30":{"start":{"line":117,"column":11},"end":{"line":119,"column":3}},"31":{"start":{"line":118,"column":4},"end":{"line":118,"column":36}},"32":{"start":{"line":128,"column":17},"end":{"line":156,"column":3}},"33":{"start":{"line":129,"column":28},"end":{"line":129,"column":38}},"34":{"start":{"line":130,"column":4},"end":{"line":139,"column":5}},"35":{"start":{"line":131,"column":6},"end":{"line":138,"column":8}},"36":{"start":{"line":139,"column":6},"end":{"line":148,"column":5}},"37":{"start":{"line":140,"column":6},"end":{"line":147,"column":8}},"38":{"start":{"line":149,"column":4},"end":{"line":155,"column":6}},"39":{"start":{"line":158,"column":23},"end":{"line":163,"column":3}},"40":{"start":{"line":159,"column":4},"end":{"line":161,"column":5}},"41":{"start":{"line":160,"column":6},"end":{"line":160,"column":54}},"42":{"start":{"line":162,"column":4},"end":{"line":162,"column":42}},"43":{"start":{"line":165,"column":18},"end":{"line":167,"column":3}},"44":{"start":{"line":166,"column":4},"end":{"line":166,"column":36}},"45":{"start":{"line":169,"column":15},"end":{"line":174,"column":3}},"46":{"start":{"line":170,"column":17},"end":{"line":172,"column":6}},"47":{"start":{"line":171,"column":6},"end":{"line":171,"column":59}},"48":{"start":{"line":173,"column":4},"end":{"line":173,"column":16}},"49":{"start":{"line":177,"column":19},"end":{"line":184,"column":39}},"50":{"start":{"line":179,"column":8},"end":{"line":182,"column":52}},"51":{"start":{"line":185,"column":4},"end":{"line":290,"column":6}},"52":{"start":{"line":196,"column":26},"end":{"line":196,"column":69}},"53":{"start":{"line":198,"column":36},"end":{"line":201,"column":13}},"54":{"start":{"line":202,"column":29},"end":{"line":202,"column":61}},"55":{"start":{"line":203,"column":29},"end":{"line":203,"column":57}},"56":{"start":{"line":204,"column":32},"end":{"line":204,"column":86}},"57":{"start":{"line":206,"column":28},"end":{"line":206,"column":75}},"58":{"start":{"line":207,"column":12},"end":{"line":276,"column":13}},"59":{"start":{"line":208,"column":14},"end":{"line":275,"column":16}},"60":{"start":{"line":214,"column":22},"end":{"line":214,"column":56}},"61":{"start":{"line":216,"column":39},"end":{"line":216,"column":57}},"62":{"start":{"line":280,"column":21},"end":{"line":280,"column":59}},"63":{"start":{"line":294,"column":24},"end":{"line":297,"column":2}},"64":{"start":{"line":294,"column":36},"end":{"line":297,"column":1}}},"fnMap":{"0":{"name":"(anonymous_0)","decl":{"start":{"line":43,"column":2},"end":{"line":43,"column":3}},"loc":{"start":{"line":43,"column":21},"end":{"line":48,"column":3}},"line":43},"1":{"name":"(anonymous_1)","decl":{"start":{"line":55,"column":22},"end":{"line":55,"column":23}},"loc":{"start":{"line":55,"column":28},"end":{"line":58,"column":3}},"line":55},"2":{"name":"(anonymous_2)","decl":{"start":{"line":60,"column":17},"end":{"line":60,"column":18}},"loc":{"start":{"line":60,"column":32},"end":{"line":78,"column":3}},"line":60},"3":{"name":"(anonymous_3)","decl":{"start":{"line":80,"column":15},"end":{"line":80,"column":16}},"loc":{"start":{"line":80,"column":27},"end":{"line":100,"column":3}},"line":80},"4":{"name":"(anonymous_4)","decl":{"start":{"line":88,"column":19},"end":{"line":88,"column":20}},"loc":{"start":{"line":88,"column":25},"end":{"line":88,"column":56}},"line":88},"5":{"name":"(anonymous_5)","decl":{"start":{"line":93,"column":19},"end":{"line":93,"column":20}},"loc":{"start":{"line":93,"column":25},"end":{"line":95,"column":12}},"line":93},"6":{"name":"(anonymous_6)","decl":{"start":{"line":93,"column":68},"end":{"line":93,"column":69}},"loc":{"start":{"line":93,"column":74},"end":{"line":95,"column":11}},"line":93},"7":{"name":"(anonymous_7)","decl":{"start":{"line":102,"column":26},"end":{"line":102,"column":27}},"loc":{"start":{"line":102,"column":36},"end":{"line":106,"column":3}},"line":102},"8":{"name":"(anonymous_8)","decl":{"start":{"line":103,"column":44},"end":{"line":103,"column":45}},"loc":{"start":{"line":103,"column":57},"end":{"line":103,"column":83}},"line":103},"9":{"name":"(anonymous_9)","decl":{"start":{"line":108,"column":12},"end":{"line":108,"column":13}},"loc":{"start":{"line":108,"column":22},"end":{"line":115,"column":3}},"line":108},"10":{"name":"(anonymous_10)","decl":{"start":{"line":117,"column":11},"end":{"line":117,"column":12}},"loc":{"start":{"line":117,"column":21},"end":{"line":119,"column":3}},"line":117},"11":{"name":"(anonymous_11)","decl":{"start":{"line":128,"column":17},"end":{"line":128,"column":18}},"loc":{"start":{"line":128,"column":31},"end":{"line":156,"column":3}},"line":128},"12":{"name":"(anonymous_12)","decl":{"start":{"line":158,"column":23},"end":{"line":158,"column":24}},"loc":{"start":{"line":158,"column":36},"end":{"line":163,"column":3}},"line":158},"13":{"name":"(anonymous_13)","decl":{"start":{"line":165,"column":18},"end":{"line":165,"column":19}},"loc":{"start":{"line":165,"column":24},"end":{"line":167,"column":3}},"line":165},"14":{"name":"(anonymous_14)","decl":{"start":{"line":169,"column":15},"end":{"line":169,"column":16}},"loc":{"start":{"line":169,"column":31},"end":{"line":174,"column":3}},"line":169},"15":{"name":"(anonymous_15)","decl":{"start":{"line":170,"column":33},"end":{"line":170,"column":34}},"loc":{"start":{"line":170,"column":43},"end":{"line":172,"column":5}},"line":170},"16":{"name":"(anonymous_16)","decl":{"start":{"line":176,"column":2},"end":{"line":176,"column":3}},"loc":{"start":{"line":176,"column":11},"end":{"line":291,"column":3}},"line":176},"17":{"name":"(anonymous_17)","decl":{"start":{"line":178,"column":47},"end":{"line":178,"column":48}},"loc":{"start":{"line":179,"column":8},"end":{"line":182,"column":52}},"line":179},"18":{"name":"(anonymous_18)","decl":{"start":{"line":195,"column":39},"end":{"line":195,"column":40}},"loc":{"start":{"line":195,"column":49},"end":{"line":277,"column":11}},"line":195},"19":{"name":"(anonymous_19)","decl":{"start":{"line":213,"column":29},"end":{"line":213,"column":30}},"loc":{"start":{"line":213,"column":35},"end":{"line":215,"column":21}},"line":213},"20":{"name":"(anonymous_20)","decl":{"start":{"line":216,"column":33},"end":{"line":216,"column":34}},"loc":{"start":{"line":216,"column":39},"end":{"line":216,"column":57}},"line":216},"21":{"name":"(anonymous_21)","decl":{"start":{"line":280,"column":15},"end":{"line":280,"column":16}},"loc":{"start":{"line":280,"column":21},"end":{"line":280,"column":59}},"line":280},"22":{"name":"(anonymous_22)","decl":{"start":{"line":294,"column":24},"end":{"line":294,"column":25}},"loc":{"start":{"line":294,"column":36},"end":{"line":297,"column":1}},"line":294}},"branchMap":{"0":{"loc":{"start":{"line":61,"column":4},"end":{"line":67,"column":5}},"type":"if","locations":[{"start":{"line":61,"column":4},"end":{"line":67,"column":5}},{"start":{"line":61,"column":4},"end":{"line":67,"column":5}}],"line":61},"1":{"loc":{"start":{"line":63,"column":23},"end":{"line":63,"column":71}},"type":"cond-expr","locations":[{"start":{"line":63,"column":53},"end":{"line":63,"column":62}},{"start":{"line":63,"column":65},"end":{"line":63,"column":71}}],"line":63},"2":{"loc":{"start":{"line":71,"column":4},"end":{"line":77,"column":5}},"type":"if","locations":[{"start":{"line":71,"column":4},"end":{"line":77,"column":5}},{"start":{"line":71,"column":4},"end":{"line":77,"column":5}}],"line":71},"3":{"loc":{"start":{"line":130,"column":4},"end":{"line":139,"column":5}},"type":"if","locations":[{"start":{"line":130,"column":4},"end":{"line":139,"column":5}},{"start":{"line":130,"column":4},"end":{"line":139,"column":5}}],"line":130},"4":{"loc":{"start":{"line":139,"column":6},"end":{"line":148,"column":5}},"type":"if","locations":[{"start":{"line":139,"column":6},"end":{"line":148,"column":5}},{"start":{"line":139,"column":6},"end":{"line":148,"column":5}}],"line":139},"5":{"loc":{"start":{"line":151,"column":9},"end":{"line":153,"column":20}},"type":"cond-expr","locations":[{"start":{"line":152,"column":12},"end":{"line":152,"column":47}},{"start":{"line":153,"column":12},"end":{"line":153,"column":20}}],"line":151},"6":{"loc":{"start":{"line":159,"column":4},"end":{"line":161,"column":5}},"type":"if","locations":[{"start":{"line":159,"column":4},"end":{"line":161,"column":5}},{"start":{"line":159,"column":4},"end":{"line":161,"column":5}}],"line":159},"7":{"loc":{"start":{"line":177,"column":19},"end":{"line":184,"column":39}},"type":"cond-expr","locations":[{"start":{"line":178,"column":8},"end":{"line":183,"column":8}},{"start":{"line":184,"column":8},"end":{"line":184,"column":39}}],"line":177},"8":{"loc":{"start":{"line":179,"column":8},"end":{"line":182,"column":52}},"type":"binary-expr","locations":[{"start":{"line":179,"column":8},"end":{"line":179,"column":60}},{"start":{"line":180,"column":11},"end":{"line":182,"column":52}}],"line":179},"9":{"loc":{"start":{"line":196,"column":26},"end":{"line":196,"column":69}},"type":"cond-expr","locations":[{"start":{"line":196,"column":39},"end":{"line":196,"column":64}},{"start":{"line":196,"column":67},"end":{"line":196,"column":69}}],"line":196},"10":{"loc":{"start":{"line":207,"column":12},"end":{"line":276,"column":13}},"type":"if","locations":[{"start":{"line":207,"column":12},"end":{"line":276,"column":13}},{"start":{"line":207,"column":12},"end":{"line":276,"column":13}}],"line":207},"11":{"loc":{"start":{"line":219,"column":23},"end":{"line":224,"column":23}},"type":"binary-expr","locations":[{"start":{"line":219,"column":23},"end":{"line":219,"column":40}},{"start":{"line":220,"column":24},"end":{"line":223,"column":26}}],"line":219},"12":{"loc":{"start":{"line":225,"column":23},"end":{"line":232,"column":23}},"type":"binary-expr","locations":[{"start":{"line":225,"column":23},"end":{"line":225,"column":39}},{"start":{"line":226,"column":24},"end":{"line":231,"column":26}}],"line":225},"13":{"loc":{"start":{"line":248,"column":23},"end":{"line":271,"column":23}},"type":"binary-expr","locations":[{"start":{"line":248,"column":23},"end":{"line":248,"column":39}},{"start":{"line":249,"column":24},"end":{"line":270,"column":31}}],"line":248}},"s":{"0":0,"1":0,"2":10,"3":0,"4":0,"5":0,"6":0,"7":0,"8":0,"9":0,"10":0,"11":0,"12":0,"13":0,"14":0,"15":0,"16":0,"17":0,"18":0,"19":0,"20":0,"21":0,"22":0,"23":0,"24":0,"25":0,"26":0,"27":0,"28":0,"29":0,"30":0,"31":0,"32":0,"33":0,"34":0,"35":0,"36":0,"37":0,"38":0,"39":0,"40":0,"41":0,"42":0,"43":0,"44":0,"45":0,"46":0,"47":0,"48":0,"49":0,"50":0,"51":0,"52":0,"53":0,"54":0,"55":0,"56":0,"57":0,"58":0,"59":0,"60":0,"61":0,"62":0,"63":10,"64":0},"f":{"0":0,"1":0,"2":0,"3":0,"4":0,"5":0,"6":0,"7":0,"8":0,"9":0,"10":0,"11":0,"12":0,"13":0,"14":0,"15":0,"16":0,"17":0,"18":0,"19":0,"20":0,"21":0,"22":0},"b":{"0":[0,0],"1":[0,0],"2":[0,0],"3":[0,0],"4":[0,0],"5":[0,0],"6":[0,0],"7":[0,0],"8":[0,0],"9":[0,0],"10":[0,0],"11":[0,0],"12":[0,0],"13":[0,0]},"_coverageSchema":"1a1c01bbd47fc00a2c39e90264f33305004495a9","hash":"b1be797f81e05fec394cfd2117238a9ec32964da"}
,"/Users/kevinvelasco/Desktop/programacion/locha-mesh-chat/src/views/home/imagesView/index.js": {"path":"/Users/kevinvelasco/Desktop/programacion/locha-mesh-chat/src/views/home/imagesView/index.js","statementMap":{"0":{"start":{"line":17,"column":4},"end":{"line":17,"column":17}},"1":{"start":{"line":18,"column":4},"end":{"line":22,"column":6}},"2":{"start":{"line":25,"column":13},"end":{"line":34,"column":3}},"3":{"start":{"line":26,"column":16},"end":{"line":30,"column":5}},"4":{"start":{"line":31,"column":4},"end":{"line":33,"column":7}},"5":{"start":{"line":32,"column":6},"end":{"line":32,"column":25}},"6":{"start":{"line":37,"column":28},"end":{"line":37,"column":38}},"7":{"start":{"line":38,"column":4},"end":{"line":115,"column":6}},"8":{"start":{"line":42,"column":30},"end":{"line":42,"column":48}},"9":{"start":{"line":48,"column":12},"end":{"line":71,"column":21}},"10":{"start":{"line":61,"column":20},"end":{"line":61,"column":39}},"11":{"start":{"line":96,"column":38},"end":{"line":96,"column":70}},"12":{"start":{"line":98,"column":16},"end":{"line":100,"column":19}},"13":{"start":{"line":119,"column":15},"end":{"line":129,"column":2}}},"fnMap":{"0":{"name":"(anonymous_0)","decl":{"start":{"line":16,"column":2},"end":{"line":16,"column":3}},"loc":{"start":{"line":16,"column":21},"end":{"line":23,"column":3}},"line":16},"1":{"name":"(anonymous_1)","decl":{"start":{"line":25,"column":13},"end":{"line":25,"column":14}},"loc":{"start":{"line":25,"column":19},"end":{"line":34,"column":3}},"line":25},"2":{"name":"(anonymous_2)","decl":{"start":{"line":31,"column":38},"end":{"line":31,"column":39}},"loc":{"start":{"line":31,"column":44},"end":{"line":33,"column":5}},"line":31},"3":{"name":"(anonymous_3)","decl":{"start":{"line":36,"column":2},"end":{"line":36,"column":3}},"loc":{"start":{"line":36,"column":11},"end":{"line":116,"column":3}},"line":36},"4":{"name":"(anonymous_4)","decl":{"start":{"line":42,"column":24},"end":{"line":42,"column":25}},"loc":{"start":{"line":42,"column":30},"end":{"line":42,"column":48}},"line":42},"5":{"name":"(anonymous_5)","decl":{"start":{"line":47,"column":24},"end":{"line":47,"column":25}},"loc":{"start":{"line":48,"column":12},"end":{"line":71,"column":21}},"line":48},"6":{"name":"(anonymous_6)","decl":{"start":{"line":60,"column":27},"end":{"line":60,"column":28}},"loc":{"start":{"line":60,"column":33},"end":{"line":62,"column":19}},"line":60},"7":{"name":"(anonymous_7)","decl":{"start":{"line":96,"column":28},"end":{"line":96,"column":29}},"loc":{"start":{"line":96,"column":38},"end":{"line":96,"column":70}},"line":96},"8":{"name":"(anonymous_8)","decl":{"start":{"line":97,"column":35},"end":{"line":97,"column":36}},"loc":{"start":{"line":97,"column":46},"end":{"line":101,"column":15}},"line":97}},"branchMap":{"0":{"loc":{"start":{"line":75,"column":9},"end":{"line":113,"column":9}},"type":"binary-expr","locations":[{"start":{"line":75,"column":9},"end":{"line":75,"column":37}},{"start":{"line":76,"column":10},"end":{"line":112,"column":17}}],"line":75}},"s":{"0":0,"1":0,"2":0,"3":0,"4":0,"5":0,"6":0,"7":0,"8":0,"9":0,"10":0,"11":0,"12":0,"13":10},"f":{"0":0,"1":0,"2":0,"3":0,"4":0,"5":0,"6":0,"7":0,"8":0},"b":{"0":[0,0]},"_coverageSchema":"1a1c01bbd47fc00a2c39e90264f33305004495a9","hash":"ff11e9c09dabcf90a8a68e65b1aad499ea07056f"}
}
