TN:
SF:App.js
FN:15,(anonymous_0)
FN:17,(anonymous_1)
FN:35,(anonymous_2)
FN:39,(anonymous_3)
FNF:4
FNH:0
FNDA:0,(anonymous_0)
FNDA:0,(anonymous_1)
FNDA:0,(anonymous_2)
FNDA:0,(anonymous_3)
DA:15,10
DA:16,0
DA:18,0
DA:23,10
DA:28,10
DA:29,10
DA:30,10
DA:31,10
DA:36,0
DA:40,0
DA:42,0
LF:11
LH:6
BRF:0
BRH:0
end_of_record
TN:
SF:assetsTransformer.js
FN:5,(anonymous_0)
FNF:1
FNH:0
FNDA:0,(anonymous_0)
DA:2,10
DA:4,10
DA:6,0
LF:3
LH:2
BRF:0
BRH:0
end_of_record
TN:
SF:__Mocks__/dataMock.js
FNF:0
FNH:0
DA:2,2
DA:10,2
DA:18,2
DA:26,2
DA:33,2
DA:48,2
DA:60,2
DA:71,2
DA:83,2
DA:94,2
DA:102,2
DA:109,2
DA:116,2
LF:13
LH:13
BRF:0
BRH:0
end_of_record
TN:
SF:__Mocks__/index.js
FN:11,(anonymous_0)
FN:20,(anonymous_1)
FN:20,(anonymous_2)
FN:58,(anonymous_3)
FN:63,(anonymous_4)
FN:67,(anonymous_5)
FN:68,(anonymous_6)
FN:74,(anonymous_7)
FN:76,(anonymous_8)
FN:82,(anonymous_9)
FN:86,(anonymous_10)
FN:91,(anonymous_11)
FN:95,(anonymous_12)
FN:97,(anonymous_13)
FN:98,(anonymous_14)
FN:103,(anonymous_15)
FN:104,(anonymous_16)
FN:109,(anonymous_17)
FN:110,(anonymous_18)
FN:113,(anonymous_19)
FN:117,(anonymous_20)
FN:121,(anonymous_21)
FN:122,(anonymous_22)
FN:123,(anonymous_23)
FN:149,(anonymous_24)
FN:152,(anonymous_25)
FN:154,(anonymous_26)
FN:157,(anonymous_27)
FN:171,(anonymous_28)
FN:172,(anonymous_29)
FN:176,(anonymous_30)
FNF:31
FNH:23
FNDA:11,(anonymous_0)
FNDA:3,(anonymous_1)
FNDA:3,(anonymous_2)
FNDA:42,(anonymous_3)
FNDA:10,(anonymous_4)
FNDA:11,(anonymous_5)
FNDA:3,(anonymous_6)
FNDA:1,(anonymous_7)
FNDA:1,(anonymous_8)
FNDA:10,(anonymous_9)
FNDA:0,(anonymous_10)
FNDA:10,(anonymous_11)
FNDA:0,(anonymous_12)
FNDA:11,(anonymous_13)
FNDA:1,(anonymous_14)
FNDA:10,(anonymous_15)
FNDA:0,(anonymous_16)
FNDA:0,(anonymous_17)
FNDA:0,(anonymous_18)
FNDA:0,(anonymous_19)
FNDA:10,(anonymous_20)
FNDA:10,(anonymous_21)
FNDA:0,(anonymous_22)
FNDA:0,(anonymous_23)
FNDA:17,(anonymous_24)
FNDA:39,(anonymous_25)
FNDA:8,(anonymous_26)
FNDA:38,(anonymous_27)
FNDA:441,(anonymous_28)
FNDA:3237,(anonymous_29)
FNDA:798,(anonymous_30)
DA:11,21
DA:20,3
DA:21,3
DA:58,21
DA:63,21
DA:67,21
DA:69,3
DA:70,3
DA:71,3
DA:74,3
DA:76,3
DA:77,1
DA:82,21
DA:86,21
DA:91,21
DA:95,21
DA:97,21
DA:98,11
DA:99,11
DA:103,21
DA:104,0
DA:109,0
DA:110,0
DA:113,0
DA:117,21
DA:121,21
DA:123,0
DA:136,21
DA:149,21
DA:152,39
DA:154,8
DA:157,21
DA:159,38
DA:171,441
DA:172,3237
DA:176,798
LF:36
LH:31
BRF:0
BRH:0
end_of_record
TN:
SF:src/index.js
FN:24,(anonymous_0)
FN:49,(anonymous_1)
FNF:2
FNH:0
FNDA:0,(anonymous_0)
FNDA:0,(anonymous_1)
DA:20,10
DA:25,0
DA:26,0
DA:49,10
DA:62,10
LF:5
LH:3
BRDA:25,0,0,0
BRDA:25,0,1,0
BRDA:28,1,0,0
BRDA:28,1,1,0
BRDA:30,2,0,0
BRDA:30,2,1,0
BRDA:34,3,0,0
BRDA:34,3,1,0
BRF:8
BRH:0
end_of_record
TN:
SF:src/routes.js
FNF:0
FNH:0
DA:14,10
DA:23,10
LF:2
LH:2
BRF:0
BRH:0
end_of_record
TN:
SF:src/components/Draggable.js
FN:9,(anonymous_0)
FN:23,(anonymous_1)
FN:25,(anonymous_2)
FN:28,(anonymous_3)
FN:29,(anonymous_4)
FN:37,(anonymous_5)
FN:39,(anonymous_6)
FN:49,(anonymous_7)
FN:61,(anonymous_8)
FN:62,(anonymous_9)
FN:73,(anonymous_10)
FN:78,(anonymous_11)
FN:85,(anonymous_12)
FNF:13
FNH:0
FNDA:0,(anonymous_0)
FNDA:0,(anonymous_1)
FNDA:0,(anonymous_2)
FNDA:0,(anonymous_3)
FNDA:0,(anonymous_4)
FNDA:0,(anonymous_5)
FNDA:0,(anonymous_6)
FNDA:0,(anonymous_7)
FNDA:0,(anonymous_8)
FNDA:0,(anonymous_9)
FNDA:0,(anonymous_10)
FNDA:0,(anonymous_11)
FNDA:0,(anonymous_12)
DA:10,0
DA:12,0
DA:20,0
DA:24,0
DA:25,0
DA:27,0
DA:28,0
DA:30,0
DA:34,0
DA:37,0
DA:40,0
DA:41,0
DA:46,0
DA:50,0
DA:52,0
DA:53,0
DA:54,0
DA:56,0
DA:57,0
DA:61,0
DA:63,0
DA:65,0
DA:74,0
DA:79,0
DA:86,0
DA:89,0
DA:90,0
LF:27
LH:0
BRDA:52,0,0,0
BRDA:52,0,1,0
BRDA:89,1,0,0
BRDA:89,1,1,0
BRF:4
BRH:0
end_of_record
TN:
SF:src/components/Drawer.js
FN:28,(anonymous_0)
FN:35,(anonymous_1)
FN:40,(anonymous_2)
FN:44,(anonymous_3)
FN:51,(anonymous_4)
FN:57,(anonymous_5)
FN:85,(anonymous_6)
FN:96,(anonymous_7)
FN:114,(anonymous_8)
FN:149,(anonymous_9)
FNF:10
FNH:0
FNDA:0,(anonymous_0)
FNDA:0,(anonymous_1)
FNDA:0,(anonymous_2)
FNDA:0,(anonymous_3)
FNDA:0,(anonymous_4)
FNDA:0,(anonymous_5)
FNDA:0,(anonymous_6)
FNDA:0,(anonymous_7)
FNDA:0,(anonymous_8)
FNDA:0,(anonymous_9)
DA:29,0
DA:30,0
DA:35,0
DA:36,0
DA:40,0
DA:41,0
DA:44,0
DA:45,0
DA:46,0
DA:50,0
DA:51,0
DA:52,0
DA:58,0
DA:59,0
DA:85,0
DA:96,0
DA:114,0
DA:149,10
DA:165,10
LF:19
LH:2
BRDA:50,0,0,0
BRDA:50,0,1,0
BRDA:67,1,0,0
BRDA:67,1,1,0
BRDA:76,2,0,0
BRDA:76,2,1,0
BRDA:107,3,0,0
BRDA:107,3,1,0
BRF:8
BRH:0
end_of_record
TN:
SF:src/components/FloatButton.js
FN:14,(anonymous_0)
FN:19,(anonymous_1)
FN:23,(anonymous_2)
FNF:3
FNH:3
FNDA:6,(anonymous_0)
FNDA:6,(anonymous_1)
FNDA:2,(anonymous_2)
DA:15,6
DA:16,6
DA:20,6
DA:23,2
DA:34,11
LF:5
LH:5
BRDA:26,0,0,6
BRDA:26,0,1,3
BRDA:27,1,0,6
BRDA:27,1,1,3
BRF:4
BRH:4
end_of_record
TN:
SF:src/components/Header.js
FN:21,(anonymous_0)
FN:35,(anonymous_1)
FN:42,(anonymous_2)
FN:46,(anonymous_3)
FN:51,(anonymous_4)
FN:78,(anonymous_5)
FN:94,(anonymous_6)
FN:159,(anonymous_7)
FN:182,(anonymous_8)
FN:193,(anonymous_9)
FN:286,(anonymous_10)
FNF:11
FNH:8
FNDA:22,(anonymous_0)
FNDA:50,(anonymous_1)
FNDA:0,(anonymous_2)
FNDA:14,(anonymous_3)
FNDA:50,(anonymous_4)
FNDA:0,(anonymous_5)
FNDA:7,(anonymous_6)
FNDA:7,(anonymous_7)
FNDA:7,(anonymous_8)
FNDA:0,(anonymous_9)
FNDA:22,(anonymous_10)
DA:22,22
DA:23,22
DA:35,22
DA:36,50
DA:37,50
DA:39,0
DA:42,22
DA:43,0
DA:46,22
DA:47,14
DA:48,14
DA:54,50
DA:55,50
DA:56,50
DA:59,50
DA:60,43
DA:78,0
DA:95,7
DA:159,7
DA:182,7
DA:193,0
DA:209,7
DA:286,22
DA:294,10
LF:24
LH:20
BRDA:36,0,0,50
BRDA:36,0,1,0
BRDA:56,1,0,8
BRDA:56,1,1,42
BRDA:59,2,0,43
BRDA:59,2,1,7
BRDA:65,3,0,0
BRDA:65,3,1,43
BRDA:67,4,0,43
BRDA:67,4,1,43
BRDA:67,4,2,0
BRDA:67,4,3,0
BRDA:84,5,0,43
BRDA:84,5,1,43
BRDA:102,6,0,43
BRDA:102,6,1,36
BRDA:104,7,0,36
BRDA:104,7,1,36
BRDA:108,8,0,36
BRDA:108,8,1,0
BRDA:111,9,0,36
BRDA:111,9,1,0
BRDA:117,10,0,36
BRDA:117,10,1,0
BRDA:123,11,0,36
BRDA:123,11,1,0
BRDA:125,12,0,0
BRDA:125,12,1,0
BRDA:125,12,2,0
BRDA:134,13,0,0
BRDA:134,13,1,0
BRDA:134,13,2,0
BRDA:143,14,0,0
BRDA:143,14,1,0
BRDA:150,15,0,43
BRDA:150,15,1,0
BRDA:151,16,0,43
BRDA:151,16,1,36
BRDA:151,16,2,22
BRDA:166,17,0,43
BRDA:166,17,1,7
BRDA:174,18,0,0
BRDA:174,18,1,7
BRDA:198,19,0,43
BRDA:198,19,1,43
BRDA:198,19,2,0
BRDA:198,19,3,0
BRDA:198,19,4,0
BRDA:212,20,0,0
BRDA:212,20,1,7
BRDA:228,21,0,0
BRDA:228,21,1,7
BRDA:235,22,0,7
BRDA:235,22,1,0
BRDA:266,23,0,7
BRDA:266,23,1,0
BRDA:266,23,2,0
BRF:57
BRH:31
end_of_record
TN:
SF:src/components/Menu.js
FN:17,(anonymous_0)
FN:22,(anonymous_1)
FN:27,(anonymous_2)
FN:32,(anonymous_3)
FN:37,(anonymous_4)
FN:49,(anonymous_5)
FN:52,(anonymous_6)
FNF:7
FNH:3
FNDA:1,(anonymous_0)
FNDA:0,(anonymous_1)
FNDA:0,(anonymous_2)
FNDA:0,(anonymous_3)
FNDA:1,(anonymous_4)
FNDA:1,(anonymous_5)
FNDA:0,(anonymous_6)
DA:18,1
DA:19,1
DA:22,1
DA:24,0
DA:27,1
DA:29,0
DA:32,1
DA:34,0
DA:38,1
DA:50,1
DA:53,0
LF:11
LH:7
BRDA:44,0,0,1
BRDA:44,0,1,1
BRDA:45,1,0,1
BRDA:45,1,1,0
BRF:4
BRH:3
end_of_record
TN:
SF:src/components/Player .js
FN:10,(anonymous_0)
FN:21,(anonymous_1)
FN:22,(anonymous_2)
FN:23,(anonymous_3)
FN:35,(anonymous_4)
FN:36,(anonymous_5)
FN:48,(anonymous_6)
FN:50,(anonymous_7)
FN:56,(anonymous_8)
FN:58,(anonymous_9)
FN:61,(anonymous_10)
FN:71,(anonymous_11)
FN:79,(anonymous_12)
FN:86,(anonymous_13)
FN:92,(anonymous_14)
FN:97,(anonymous_15)
FNF:16
FNH:10
FNDA:2,(anonymous_0)
FNDA:3,(anonymous_1)
FNDA:3,(anonymous_2)
FNDA:3,(anonymous_3)
FNDA:0,(anonymous_4)
FNDA:0,(anonymous_5)
FNDA:3,(anonymous_6)
FNDA:0,(anonymous_7)
FNDA:1,(anonymous_8)
FNDA:0,(anonymous_9)
FNDA:0,(anonymous_10)
FNDA:1,(anonymous_11)
FNDA:0,(anonymous_12)
FNDA:5,(anonymous_13)
FNDA:1,(anonymous_14)
FNDA:1,(anonymous_15)
DA:11,2
DA:12,2
DA:18,2
DA:21,2
DA:22,3
DA:23,3
DA:24,3
DA:25,3
DA:26,1
DA:35,2
DA:36,0
DA:37,0
DA:39,0
DA:41,0
DA:48,2
DA:49,3
DA:50,1
DA:51,0
DA:56,2
DA:57,1
DA:58,0
DA:59,0
DA:60,0
DA:61,0
DA:62,0
DA:66,0
DA:71,2
DA:72,1
DA:73,1
DA:76,1
DA:79,2
DA:80,0
DA:81,0
DA:82,0
DA:87,5
DA:92,1
DA:97,1
LF:37
LH:23
BRDA:24,0,0,3
BRDA:24,0,1,0
BRDA:25,1,0,1
BRDA:25,1,1,2
BRDA:37,2,0,0
BRDA:37,2,1,0
BRDA:49,3,0,1
BRDA:49,3,1,2
BRDA:59,4,0,0
BRDA:59,4,1,0
BRDA:72,5,0,1
BRDA:72,5,1,0
BRDA:80,6,0,0
BRDA:80,6,1,0
BRDA:91,7,0,5
BRDA:91,7,1,4
BRDA:96,8,0,5
BRDA:96,8,1,1
BRDA:112,9,0,5
BRDA:112,9,1,4
BRDA:112,9,2,1
BRDA:120,10,0,5
BRDA:120,10,1,4
BRDA:120,10,2,4
BRF:24
BRH:16
end_of_record
TN:
SF:src/components/Spinner.js
FN:10,(anonymous_0)
FN:15,(anonymous_1)
FNF:2
FNH:1
FNDA:1,(anonymous_0)
FNDA:0,(anonymous_1)
DA:10,11
DA:11,1
LF:2
LH:2
BRF:0
BRH:0
end_of_record
TN:
SF:src/database/index.js
FN:61,(anonymous_0)
FN:77,(anonymous_1)
FN:77,(anonymous_2)
FN:99,(anonymous_3)
FN:99,(anonymous_4)
FN:120,(anonymous_5)
FN:120,(anonymous_6)
FN:123,(anonymous_7)
FN:144,(anonymous_8)
FN:144,(anonymous_9)
FN:145,(anonymous_10)
FN:146,(anonymous_11)
FN:158,(anonymous_12)
FN:158,(anonymous_13)
FN:169,(anonymous_14)
FN:188,(anonymous_15)
FN:188,(anonymous_16)
FN:189,(anonymous_17)
FN:219,(anonymous_18)
FN:219,(anonymous_19)
FN:238,(anonymous_20)
FN:238,(anonymous_21)
FN:239,(anonymous_22)
FN:240,(anonymous_23)
FNF:24
FNH:1
FNDA:0,(anonymous_0)
FNDA:0,(anonymous_1)
FNDA:0,(anonymous_2)
FNDA:0,(anonymous_3)
FNDA:0,(anonymous_4)
FNDA:0,(anonymous_5)
FNDA:0,(anonymous_6)
FNDA:0,(anonymous_7)
FNDA:0,(anonymous_8)
FNDA:0,(anonymous_9)
FNDA:0,(anonymous_10)
FNDA:0,(anonymous_11)
FNDA:0,(anonymous_12)
FNDA:0,(anonymous_13)
FNDA:1,(anonymous_14)
FNDA:0,(anonymous_15)
FNDA:0,(anonymous_16)
FNDA:0,(anonymous_17)
FNDA:0,(anonymous_18)
FNDA:0,(anonymous_19)
FNDA:0,(anonymous_20)
FNDA:0,(anonymous_21)
FNDA:0,(anonymous_22)
FNDA:0,(anonymous_23)
DA:20,10
DA:21,0
DA:22,0
DA:24,10
DA:25,10
DA:29,10
DA:37,10
DA:62,0
DA:63,0
DA:64,0
DA:66,0
DA:77,10
DA:78,0
DA:79,0
DA:81,0
DA:82,0
DA:83,0
DA:84,0
DA:85,0
DA:88,0
DA:99,10
DA:100,0
DA:101,0
DA:102,0
DA:103,0
DA:104,0
DA:105,0
DA:106,0
DA:107,0
DA:108,0
DA:110,0
DA:120,10
DA:121,0
DA:122,0
DA:123,0
DA:124,0
DA:129,0
DA:133,0
DA:144,10
DA:145,0
DA:146,0
DA:147,0
DA:158,10
DA:159,0
DA:160,0
DA:162,0
DA:163,0
DA:165,0
DA:170,1
DA:171,0
DA:173,1
DA:174,0
DA:176,1
DA:177,0
DA:188,10
DA:189,0
DA:190,0
DA:191,0
DA:193,0
DA:194,0
DA:195,0
DA:198,0
DA:199,0
DA:200,0
DA:205,0
DA:208,0
DA:219,10
DA:220,0
DA:221,0
DA:223,0
DA:224,0
DA:225,0
DA:227,0
DA:238,10
DA:239,0
DA:240,0
DA:241,0
DA:242,0
LF:78
LH:16
BRDA:20,0,0,0
BRDA:20,0,1,10
BRDA:170,1,0,0
BRDA:170,1,1,1
BRDA:173,2,0,0
BRDA:173,2,1,1
BRDA:176,3,0,0
BRDA:176,3,1,1
BRF:8
BRH:4
end_of_record
TN:
SF:src/database/realmDatabase.js
FN:13,(anonymous_0)
FN:17,(anonymous_1)
FN:17,(anonymous_2)
FN:23,(anonymous_3)
FN:23,(anonymous_4)
FN:25,(anonymous_5)
FN:52,(anonymous_6)
FN:52,(anonymous_7)
FN:54,(anonymous_8)
FN:71,(anonymous_9)
FN:71,(anonymous_10)
FN:73,(anonymous_11)
FN:90,(anonymous_12)
FN:100,(anonymous_13)
FN:100,(anonymous_14)
FN:101,(anonymous_15)
FN:114,(anonymous_16)
FN:114,(anonymous_17)
FN:115,(anonymous_18)
FN:116,(anonymous_19)
FN:124,(anonymous_20)
FN:133,(anonymous_21)
FN:133,(anonymous_22)
FN:134,(anonymous_23)
FN:165,(anonymous_24)
FN:165,(anonymous_25)
FN:166,(anonymous_26)
FN:196,(anonymous_27)
FN:196,(anonymous_28)
FN:197,(anonymous_29)
FN:205,(anonymous_30)
FN:205,(anonymous_31)
FN:206,(anonymous_32)
FN:210,(anonymous_33)
FN:210,(anonymous_34)
FN:219,(anonymous_35)
FN:219,(anonymous_36)
FN:221,(anonymous_37)
FN:223,(anonymous_38)
FN:232,(anonymous_39)
FN:244,(anonymous_40)
FN:244,(anonymous_41)
FN:245,(anonymous_42)
FN:247,(anonymous_43)
FN:248,(anonymous_44)
FN:255,(anonymous_45)
FN:256,(anonymous_46)
FN:272,(anonymous_47)
FN:272,(anonymous_48)
FN:273,(anonymous_49)
FN:285,(anonymous_50)
FN:286,(anonymous_51)
FN:293,(anonymous_52)
FN:299,(anonymous_53)
FN:299,(anonymous_54)
FN:300,(anonymous_55)
FN:302,(anonymous_56)
FN:303,(anonymous_57)
FN:310,(anonymous_58)
FN:319,(anonymous_59)
FN:319,(anonymous_60)
FN:320,(anonymous_61)
FN:329,(anonymous_62)
FN:329,(anonymous_63)
FN:330,(anonymous_64)
FN:333,(anonymous_65)
FN:334,(anonymous_66)
FN:348,(anonymous_67)
FN:348,(anonymous_68)
FN:349,(anonymous_69)
FN:363,(anonymous_70)
FN:363,(anonymous_71)
FN:364,(anonymous_72)
FN:376,(anonymous_73)
FN:386,(anonymous_74)
FN:386,(anonymous_75)
FN:387,(anonymous_76)
FN:406,(anonymous_77)
FN:406,(anonymous_78)
FN:416,(anonymous_79)
FN:416,(anonymous_80)
FN:417,(anonymous_81)
FN:418,(anonymous_82)
FNF:83
FNH:5
FNDA:10,(anonymous_0)
FNDA:0,(anonymous_1)
FNDA:0,(anonymous_2)
FNDA:0,(anonymous_3)
FNDA:0,(anonymous_4)
FNDA:0,(anonymous_5)
FNDA:0,(anonymous_6)
FNDA:0,(anonymous_7)
FNDA:0,(anonymous_8)
FNDA:0,(anonymous_9)
FNDA:0,(anonymous_10)
FNDA:0,(anonymous_11)
FNDA:0,(anonymous_12)
FNDA:0,(anonymous_13)
FNDA:0,(anonymous_14)
FNDA:0,(anonymous_15)
FNDA:0,(anonymous_16)
FNDA:0,(anonymous_17)
FNDA:0,(anonymous_18)
FNDA:0,(anonymous_19)
FNDA:0,(anonymous_20)
FNDA:0,(anonymous_21)
FNDA:0,(anonymous_22)
FNDA:0,(anonymous_23)
FNDA:0,(anonymous_24)
FNDA:0,(anonymous_25)
FNDA:0,(anonymous_26)
FNDA:0,(anonymous_27)
FNDA:0,(anonymous_28)
FNDA:0,(anonymous_29)
FNDA:0,(anonymous_30)
FNDA:0,(anonymous_31)
FNDA:0,(anonymous_32)
FNDA:0,(anonymous_33)
FNDA:0,(anonymous_34)
FNDA:0,(anonymous_35)
FNDA:0,(anonymous_36)
FNDA:0,(anonymous_37)
FNDA:0,(anonymous_38)
FNDA:0,(anonymous_39)
FNDA:1,(anonymous_40)
FNDA:1,(anonymous_41)
FNDA:0,(anonymous_42)
FNDA:0,(anonymous_43)
FNDA:0,(anonymous_44)
FNDA:0,(anonymous_45)
FNDA:0,(anonymous_46)
FNDA:1,(anonymous_47)
FNDA:1,(anonymous_48)
FNDA:0,(anonymous_49)
FNDA:0,(anonymous_50)
FNDA:0,(anonymous_51)
FNDA:0,(anonymous_52)
FNDA:0,(anonymous_53)
FNDA:0,(anonymous_54)
FNDA:0,(anonymous_55)
FNDA:0,(anonymous_56)
FNDA:0,(anonymous_57)
FNDA:0,(anonymous_58)
FNDA:0,(anonymous_59)
FNDA:0,(anonymous_60)
FNDA:0,(anonymous_61)
FNDA:0,(anonymous_62)
FNDA:0,(anonymous_63)
FNDA:0,(anonymous_64)
FNDA:0,(anonymous_65)
FNDA:0,(anonymous_66)
FNDA:0,(anonymous_67)
FNDA:0,(anonymous_68)
FNDA:0,(anonymous_69)
FNDA:0,(anonymous_70)
FNDA:0,(anonymous_71)
FNDA:0,(anonymous_72)
FNDA:0,(anonymous_73)
FNDA:0,(anonymous_74)
FNDA:0,(anonymous_75)
FNDA:0,(anonymous_76)
FNDA:0,(anonymous_77)
FNDA:0,(anonymous_78)
FNDA:0,(anonymous_79)
FNDA:0,(anonymous_80)
FNDA:0,(anonymous_81)
FNDA:0,(anonymous_82)
DA:8,10
DA:9,0
DA:14,10
DA:17,10
DA:18,0
DA:20,0
DA:23,10
DA:24,0
DA:25,0
DA:26,0
DA:35,0
DA:40,0
DA:43,0
DA:52,10
DA:53,0
DA:54,0
DA:55,0
DA:59,0
DA:64,0
DA:67,0
DA:71,10
DA:72,0
DA:73,0
DA:74,0
DA:82,0
DA:85,0
DA:90,10
DA:91,0
DA:92,0
DA:93,0
DA:95,0
DA:100,10
DA:101,0
DA:102,0
DA:103,0
DA:104,0
DA:105,0
DA:106,0
DA:108,0
DA:114,10
DA:115,0
DA:116,0
DA:117,0
DA:118,0
DA:123,0
DA:124,0
DA:125,0
DA:127,0
DA:128,0
DA:133,10
DA:134,0
DA:135,0
DA:136,0
DA:137,0
DA:145,0
DA:146,0
DA:153,0
DA:160,0
DA:165,10
DA:166,0
DA:167,0
DA:168,0
DA:169,0
DA:171,0
DA:172,0
DA:178,0
DA:186,0
DA:187,0
DA:190,0
DA:196,10
DA:197,0
DA:198,0
DA:201,0
DA:205,10
DA:206,0
DA:207,0
DA:210,10
DA:211,0
DA:212,0
DA:213,0
DA:215,0
DA:219,10
DA:220,0
DA:221,0
DA:222,0
DA:223,0
DA:224,0
DA:225,0
DA:227,0
DA:228,0
DA:229,0
DA:232,0
DA:233,0
DA:234,0
DA:237,0
DA:238,0
DA:239,0
DA:244,10
DA:245,1
DA:247,0
DA:248,0
DA:250,0
DA:251,0
DA:255,0
DA:256,0
DA:257,0
DA:260,0
DA:261,0
DA:266,0
DA:267,0
DA:268,0
DA:272,10
DA:273,1
DA:274,0
DA:281,0
DA:285,10
DA:286,0
DA:287,0
DA:288,0
DA:289,0
DA:293,10
DA:294,0
DA:296,0
DA:299,10
DA:300,0
DA:302,0
DA:303,0
DA:305,0
DA:306,0
DA:310,0
DA:311,0
DA:314,0
DA:319,10
DA:320,0
DA:321,0
DA:323,0
DA:324,0
DA:329,10
DA:330,0
DA:331,0
DA:332,0
DA:333,0
DA:334,0
DA:336,0
DA:339,0
DA:340,0
DA:348,10
DA:349,0
DA:350,0
DA:351,0
DA:352,0
DA:353,0
DA:354,0
DA:355,0
DA:358,0
DA:363,10
DA:364,0
DA:365,0
DA:366,0
DA:370,0
DA:372,0
DA:374,0
DA:376,0
DA:377,0
DA:378,0
DA:380,0
DA:386,10
DA:387,0
DA:388,0
DA:389,0
DA:397,0
DA:398,0
DA:401,0
DA:406,10
DA:407,0
DA:408,0
DA:409,0
DA:410,0
DA:412,0
DA:416,10
DA:417,0
DA:418,0
DA:419,0
DA:420,0
DA:421,0
LF:185
LH:29
BRDA:8,0,0,0
BRDA:8,0,1,10
BRDA:33,1,0,0
BRDA:33,1,1,0
BRDA:78,2,0,0
BRDA:78,2,1,0
BRDA:119,3,0,0
BRDA:119,3,1,0
BRDA:127,4,0,0
BRDA:127,4,1,0
BRDA:145,5,0,0
BRDA:145,5,1,0
BRDA:172,6,0,0
BRDA:172,6,1,0
BRDA:212,7,0,0
BRDA:212,7,1,0
BRDA:227,8,0,0
BRDA:227,8,1,0
BRDA:250,9,0,0
BRDA:250,9,1,0
BRDA:260,10,0,0
BRDA:260,10,1,0
BRDA:305,11,0,0
BRDA:305,11,1,0
BRDA:374,12,0,0
BRDA:374,12,1,0
BRF:26
BRH:1
end_of_record
TN:
SF:src/database/schemas.js
FNF:0
FNH:0
DA:1,10
DA:14,10
DA:22,10
DA:40,10
DA:50,10
DA:62,10
DA:77,10
LF:7
LH:7
BRF:0
BRH:0
end_of_record
TN:
SF:src/i18n/index.js
FN:30,(anonymous_0)
FN:35,(anonymous_1)
FNF:2
FNH:1
FNDA:0,(anonymous_0)
FNDA:11,(anonymous_1)
DA:11,11
DA:12,11
DA:13,11
DA:14,11
DA:16,11
DA:24,11
DA:26,11
DA:31,0
DA:32,0
DA:33,0
DA:38,11
LF:11
LH:8
BRDA:32,0,0,0
BRDA:32,0,1,0
BRF:2
BRH:0
end_of_record
TN:
SF:src/i18n/languages.js
FNF:0
FNH:0
DA:3,11
DA:12,11
DA:21,11
DA:30,11
LF:4
LH:4
BRF:0
BRH:0
end_of_record
TN:
SF:src/store/constants.js
FNF:0
FNH:0
DA:2,10
LF:1
LH:1
BRF:0
BRH:0
end_of_record
TN:
SF:src/store/index.js
FNF:0
FNH:0
DA:7,10
DA:8,10
DA:10,0
LF:3
LH:2
BRDA:7,0,0,10
BRDA:7,0,1,0
BRF:2
BRH:1
end_of_record
TN:
SF:src/store/root.js
FNF:0
FNH:0
DA:9,10
LF:1
LH:1
BRF:0
BRH:0
end_of_record
TN:
SF:src/store/aplication/aplicationAction.js
FN:27,(anonymous_0)
FN:27,(anonymous_1)
FN:49,(anonymous_2)
FN:49,(anonymous_3)
FN:51,(anonymous_4)
FN:56,(anonymous_5)
FN:62,(anonymous_6)
FN:62,(anonymous_7)
FN:77,(anonymous_8)
FN:87,(anonymous_9)
FN:87,(anonymous_10)
FN:88,(anonymous_11)
FN:99,(anonymous_12)
FN:115,(anonymous_13)
FN:127,(anonymous_14)
FN:127,(anonymous_15)
FN:143,(anonymous_16)
FN:143,(anonymous_17)
FN:144,(anonymous_18)
FN:145,(anonymous_19)
FN:156,(anonymous_20)
FN:164,(anonymous_21)
FN:164,(anonymous_22)
FN:180,(anonymous_23)
FN:180,(anonymous_24)
FN:194,(anonymous_25)
FN:194,(anonymous_26)
FNF:27
FNH:4
FNDA:1,(anonymous_0)
FNDA:1,(anonymous_1)
FNDA:0,(anonymous_2)
FNDA:0,(anonymous_3)
FNDA:0,(anonymous_4)
FNDA:0,(anonymous_5)
FNDA:0,(anonymous_6)
FNDA:0,(anonymous_7)
FNDA:0,(anonymous_8)
FNDA:0,(anonymous_9)
FNDA:0,(anonymous_10)
FNDA:0,(anonymous_11)
FNDA:0,(anonymous_12)
FNDA:0,(anonymous_13)
FNDA:1,(anonymous_14)
FNDA:1,(anonymous_15)
FNDA:0,(anonymous_16)
FNDA:0,(anonymous_17)
FNDA:0,(anonymous_18)
FNDA:0,(anonymous_19)
FNDA:0,(anonymous_20)
FNDA:0,(anonymous_21)
FNDA:0,(anonymous_22)
FNDA:0,(anonymous_23)
FNDA:0,(anonymous_24)
FNDA:0,(anonymous_25)
FNDA:0,(anonymous_26)
DA:27,10
DA:29,1
DA:30,0
DA:32,1
DA:34,1
DA:35,1
DA:49,10
DA:50,0
DA:51,0
DA:52,0
DA:53,0
DA:54,0
DA:55,0
DA:57,0
DA:58,0
DA:62,10
DA:63,0
DA:64,0
DA:65,0
DA:66,0
DA:67,0
DA:68,0
DA:69,0
DA:70,0
DA:78,0
DA:79,0
DA:80,0
DA:82,0
DA:87,10
DA:88,0
DA:89,0
DA:90,0
DA:91,0
DA:92,0
DA:100,0
DA:101,0
DA:102,0
DA:115,10
DA:127,10
DA:128,1
DA:143,10
DA:144,0
DA:145,0
DA:146,0
DA:156,10
DA:164,10
DA:165,0
DA:166,0
DA:167,0
DA:168,0
DA:173,0
DA:180,10
DA:181,0
DA:182,0
DA:183,0
DA:184,0
DA:189,0
DA:194,10
DA:195,0
DA:197,0
DA:198,0
LF:61
LH:16
BRDA:29,0,0,0
BRDA:29,0,1,1
BRDA:34,1,0,1
BRDA:34,1,1,0
BRDA:79,2,0,0
BRDA:79,2,1,0
BRDA:101,3,0,0
BRDA:101,3,1,0
BRDA:197,4,0,0
BRDA:197,4,1,0
BRF:10
BRH:2
end_of_record
TN:
SF:src/store/aplication/aplicationReducer.js
FN:15,(anonymous_0)
FNF:1
FNH:1
FNDA:32,(anonymous_0)
DA:4,10
DA:15,10
DA:16,32
DA:18,0
DA:22,1
DA:26,0
DA:30,0
DA:33,0
DA:37,1
DA:41,0
DA:45,0
DA:49,0
DA:53,0
DA:57,0
DA:65,30
LF:15
LH:6
BRDA:15,0,0,30
BRDA:16,1,0,0
BRDA:16,1,1,1
BRDA:16,1,2,0
BRDA:16,1,3,0
BRDA:16,1,4,0
BRDA:16,1,5,1
BRDA:16,1,6,0
BRDA:16,1,7,0
BRDA:16,1,8,0
BRDA:16,1,9,0
BRDA:16,1,10,0
BRDA:16,1,11,30
BRDA:59,2,0,0
BRDA:59,2,1,0
BRF:15
BRH:4
end_of_record
TN:
SF:src/store/aplication/index.js
FNF:0
FNH:0
LF:0
LH:0
BRF:0
BRH:0
end_of_record
TN:
SF:src/store/chats/chatAction.js
FN:27,(anonymous_0)
FN:27,(anonymous_1)
FN:28,(anonymous_2)
FN:59,(anonymous_3)
FN:59,(anonymous_4)
FN:69,(anonymous_5)
FN:85,(anonymous_6)
FN:85,(anonymous_7)
FN:86,(anonymous_8)
FN:99,(anonymous_9)
FN:99,(anonymous_10)
FN:106,(anonymous_11)
FN:108,(anonymous_12)
FN:116,(anonymous_13)
FN:135,(anonymous_14)
FN:135,(anonymous_15)
FN:152,(anonymous_16)
FN:164,(anonymous_17)
FN:164,(anonymous_18)
FN:165,(anonymous_19)
FN:180,(anonymous_20)
FN:180,(anonymous_21)
FN:181,(anonymous_22)
FN:198,(anonymous_23)
FN:198,(anonymous_24)
FN:202,(anonymous_25)
FN:220,(anonymous_26)
FN:220,(anonymous_27)
FN:221,(anonymous_28)
FN:237,(anonymous_29)
FN:237,(anonymous_30)
FN:238,(anonymous_31)
FN:249,(anonymous_32)
FN:266,(anonymous_33)
FN:285,(anonymous_34)
FN:285,(anonymous_35)
FN:297,(anonymous_36)
FN:303,(anonymous_37)
FN:329,(anonymous_38)
FN:329,(anonymous_39)
FN:333,(anonymous_40)
FN:333,(anonymous_41)
FN:334,(anonymous_42)
FN:354,(anonymous_43)
FN:363,(anonymous_44)
FN:363,(anonymous_45)
FN:381,(anonymous_46)
FN:381,(anonymous_47)
FN:398,(anonymous_48)
FN:398,(anonymous_49)
FN:399,(anonymous_50)
FN:412,(anonymous_51)
FN:412,(anonymous_52)
FN:413,(anonymous_53)
FN:420,(anonymous_54)
FN:420,(anonymous_55)
FNF:56
FNH:0
FNDA:0,(anonymous_0)
FNDA:0,(anonymous_1)
FNDA:0,(anonymous_2)
FNDA:0,(anonymous_3)
FNDA:0,(anonymous_4)
FNDA:0,(anonymous_5)
FNDA:0,(anonymous_6)
FNDA:0,(anonymous_7)
FNDA:0,(anonymous_8)
FNDA:0,(anonymous_9)
FNDA:0,(anonymous_10)
FNDA:0,(anonymous_11)
FNDA:0,(anonymous_12)
FNDA:0,(anonymous_13)
FNDA:0,(anonymous_14)
FNDA:0,(anonymous_15)
FNDA:0,(anonymous_16)
FNDA:0,(anonymous_17)
FNDA:0,(anonymous_18)
FNDA:0,(anonymous_19)
FNDA:0,(anonymous_20)
FNDA:0,(anonymous_21)
FNDA:0,(anonymous_22)
FNDA:0,(anonymous_23)
FNDA:0,(anonymous_24)
FNDA:0,(anonymous_25)
FNDA:0,(anonymous_26)
FNDA:0,(anonymous_27)
FNDA:0,(anonymous_28)
FNDA:0,(anonymous_29)
FNDA:0,(anonymous_30)
FNDA:0,(anonymous_31)
FNDA:0,(anonymous_32)
FNDA:0,(anonymous_33)
FNDA:0,(anonymous_34)
FNDA:0,(anonymous_35)
FNDA:0,(anonymous_36)
FNDA:0,(anonymous_37)
FNDA:0,(anonymous_38)
FNDA:0,(anonymous_39)
FNDA:0,(anonymous_40)
FNDA:0,(anonymous_41)
FNDA:0,(anonymous_42)
FNDA:0,(anonymous_43)
FNDA:0,(anonymous_44)
FNDA:0,(anonymous_45)
FNDA:0,(anonymous_46)
FNDA:0,(anonymous_47)
FNDA:0,(anonymous_48)
FNDA:0,(anonymous_49)
FNDA:0,(anonymous_50)
FNDA:0,(anonymous_51)
FNDA:0,(anonymous_52)
FNDA:0,(anonymous_53)
FNDA:0,(anonymous_54)
FNDA:0,(anonymous_55)
DA:27,10
DA:28,0
DA:29,0
DA:30,0
DA:32,0
DA:59,10
DA:61,0
DA:62,0
DA:64,0
DA:65,0
DA:67,0
DA:68,0
DA:69,0
DA:70,0
DA:85,10
DA:86,0
DA:87,0
DA:99,10
DA:100,0
DA:101,0
DA:102,0
DA:103,0
DA:105,0
DA:106,0
DA:107,0
DA:110,0
DA:113,0
DA:114,0
DA:115,0
DA:116,0
DA:117,0
DA:135,10
DA:136,0
DA:137,0
DA:139,0
DA:152,10
DA:164,10
DA:165,0
DA:166,0
DA:170,0
DA:180,10
DA:181,0
DA:182,0
DA:198,10
DA:199,0
DA:200,0
DA:201,0
DA:202,0
DA:203,0
DA:204,0
DA:205,0
DA:220,10
DA:221,0
DA:222,0
DA:227,0
DA:237,10
DA:238,0
DA:239,0
DA:249,10
DA:251,0
DA:252,0
DA:254,0
DA:264,0
DA:265,0
DA:266,0
DA:267,0
DA:268,0
DA:269,0
DA:274,0
DA:285,10
DA:286,0
DA:287,0
DA:290,0
DA:291,0
DA:295,0
DA:297,0
DA:298,0
DA:300,0
DA:301,0
DA:302,0
DA:303,0
DA:305,0
DA:315,0
DA:318,0
DA:329,10
DA:330,0
DA:333,10
DA:334,0
DA:335,0
DA:346,0
DA:347,0
DA:354,10
DA:363,10
DA:364,0
DA:365,0
DA:366,0
DA:367,0
DA:372,0
DA:381,10
DA:382,0
DA:383,0
DA:384,0
DA:385,0
DA:390,0
DA:398,10
DA:399,0
DA:400,0
DA:401,0
DA:412,10
DA:413,0
DA:414,0
DA:420,10
DA:421,0
DA:422,0
DA:423,0
DA:425,0
LF:116
LH:21
BRDA:29,0,0,0
BRDA:29,0,1,0
BRDA:61,1,0,0
BRDA:61,1,1,0
BRDA:64,2,0,0
BRDA:64,2,1,0
BRDA:68,3,0,0
BRDA:68,3,1,0
BRDA:100,4,0,0
BRDA:100,4,1,0
BRDA:101,5,0,0
BRDA:101,5,1,0
BRDA:136,6,0,0
BRDA:136,6,1,0
BRDA:199,7,0,0
BRDA:199,7,1,0
BRDA:267,8,0,0
BRDA:267,8,1,0
BRDA:286,9,0,0
BRDA:286,9,1,0
BRDA:290,10,0,0
BRDA:290,10,1,0
BRDA:298,11,0,0
BRDA:298,11,1,0
BRDA:302,12,0,0
BRDA:302,12,1,0
BRDA:302,13,0,0
BRDA:302,13,1,0
BRDA:400,14,0,0
BRDA:400,14,1,0
BRF:30
BRH:0
end_of_record
TN:
SF:src/store/chats/chatReducers.js
FN:11,(anonymous_0)
FN:28,(anonymous_1)
FN:29,(anonymous_2)
FN:42,(anonymous_3)
FN:63,(anonymous_4)
FN:73,(anonymous_5)
FN:74,(anonymous_6)
FN:85,(anonymous_7)
FN:94,(anonymous_8)
FN:95,(anonymous_9)
FN:118,(anonymous_10)
FN:136,(anonymous_11)
FN:141,(anonymous_12)
FN:144,(anonymous_13)
FN:151,(anonymous_14)
FN:159,(anonymous_15)
FN:172,(anonymous_16)
FN:176,(anonymous_17)
FNF:18
FNH:1
FNDA:32,(anonymous_0)
FNDA:0,(anonymous_1)
FNDA:0,(anonymous_2)
FNDA:0,(anonymous_3)
FNDA:0,(anonymous_4)
FNDA:0,(anonymous_5)
FNDA:0,(anonymous_6)
FNDA:0,(anonymous_7)
FNDA:0,(anonymous_8)
FNDA:0,(anonymous_9)
FNDA:0,(anonymous_10)
FNDA:0,(anonymous_11)
FNDA:0,(anonymous_12)
FNDA:0,(anonymous_13)
FNDA:0,(anonymous_14)
FNDA:0,(anonymous_15)
FNDA:0,(anonymous_16)
FNDA:0,(anonymous_17)
DA:5,10
DA:11,10
DA:12,32
DA:14,0
DA:18,0
DA:22,0
DA:24,0
DA:28,0
DA:29,0
DA:31,0
DA:34,0
DA:38,0
DA:39,0
DA:40,0
DA:41,0
DA:42,0
DA:46,0
DA:48,0
DA:52,0
DA:56,0
DA:60,0
DA:63,0
DA:65,0
DA:72,0
DA:73,0
DA:74,0
DA:75,0
DA:76,0
DA:81,0
DA:85,0
DA:86,0
DA:87,0
DA:90,0
DA:93,0
DA:94,0
DA:95,0
DA:97,0
DA:100,0
DA:102,0
DA:106,0
DA:114,0
DA:118,0
DA:120,0
DA:121,0
DA:126,0
DA:128,0
DA:132,0
DA:133,0
DA:136,0
DA:139,0
DA:141,0
DA:142,0
DA:144,0
DA:146,0
DA:149,0
DA:151,0
DA:153,0
DA:156,0
DA:158,0
DA:159,0
DA:162,0
DA:164,0
DA:169,0
DA:172,0
DA:174,0
DA:175,0
DA:176,0
DA:178,0
DA:179,0
DA:180,0
DA:184,0
DA:188,0
DA:192,0
DA:199,0
DA:203,32
LF:75
LH:4
BRDA:11,0,0,30
BRDA:12,1,0,0
BRDA:12,1,1,0
BRDA:12,1,2,0
BRDA:12,1,3,0
BRDA:12,1,4,0
BRDA:12,1,5,0
BRDA:12,1,6,0
BRDA:12,1,7,0
BRDA:12,1,8,0
BRDA:12,1,9,0
BRDA:12,1,10,0
BRDA:12,1,11,0
BRDA:12,1,12,0
BRDA:12,1,13,0
BRDA:12,1,14,0
BRDA:12,1,15,0
BRDA:12,1,16,0
BRDA:12,1,17,0
BRDA:12,1,18,32
BRDA:39,2,0,0
BRDA:39,2,1,0
BRDA:42,3,0,0
BRDA:42,3,1,0
BRDA:48,4,0,0
BRDA:48,4,1,0
BRDA:75,5,0,0
BRDA:75,5,1,0
BRDA:86,6,0,0
BRDA:86,6,1,0
BRDA:109,7,0,0
BRDA:109,7,1,0
BRDA:120,8,0,0
BRDA:120,8,1,0
BRDA:139,9,0,0
BRDA:139,9,1,0
BRDA:174,10,0,0
BRDA:174,10,1,0
BRF:38
BRH:2
end_of_record
TN:
SF:src/store/chats/index.js
FNF:0
FNH:0
LF:0
LH:0
BRF:0
BRH:0
end_of_record
TN:
SF:src/store/configuration/congurationAction.js
FN:19,(anonymous_0)
FN:19,(anonymous_1)
FN:23,(anonymous_2)
FN:26,(anonymous_3)
FN:28,(anonymous_4)
FN:47,(anonymous_5)
FN:58,(anonymous_6)
FN:59,(anonymous_7)
FN:62,(anonymous_8)
FN:77,(anonymous_9)
FN:77,(anonymous_10)
FN:82,(anonymous_11)
FN:85,(anonymous_12)
FN:90,(anonymous_13)
FN:112,(anonymous_14)
FN:112,(anonymous_15)
FN:113,(anonymous_16)
FN:127,(anonymous_17)
FN:127,(anonymous_18)
FN:130,(anonymous_19)
FNF:20
FNH:0
FNDA:0,(anonymous_0)
FNDA:0,(anonymous_1)
FNDA:0,(anonymous_2)
FNDA:0,(anonymous_3)
FNDA:0,(anonymous_4)
FNDA:0,(anonymous_5)
FNDA:0,(anonymous_6)
FNDA:0,(anonymous_7)
FNDA:0,(anonymous_8)
FNDA:0,(anonymous_9)
FNDA:0,(anonymous_10)
FNDA:0,(anonymous_11)
FNDA:0,(anonymous_12)
FNDA:0,(anonymous_13)
FNDA:0,(anonymous_14)
FNDA:0,(anonymous_15)
FNDA:0,(anonymous_16)
FNDA:0,(anonymous_17)
FNDA:0,(anonymous_18)
FNDA:0,(anonymous_19)
DA:19,10
DA:20,0
DA:24,0
DA:25,0
DA:26,0
DA:27,0
DA:28,0
DA:29,0
DA:30,0
DA:47,10
DA:48,0
DA:49,0
DA:58,10
DA:59,0
DA:60,0
DA:61,0
DA:62,0
DA:63,0
DA:64,0
DA:77,10
DA:78,0
DA:83,0
DA:84,0
DA:85,0
DA:86,0
DA:87,0
DA:91,0
DA:92,0
DA:112,10
DA:113,0
DA:114,0
DA:115,0
DA:127,10
DA:128,0
DA:129,0
DA:130,0
DA:131,0
LF:37
LH:6
BRDA:61,0,0,0
BRDA:61,0,1,0
BRDA:63,1,0,0
BRDA:63,1,1,0
BRDA:129,2,0,0
BRDA:129,2,1,0
BRF:6
BRH:0
end_of_record
TN:
SF:src/store/configuration/congurationReducer.js
FN:13,(anonymous_0)
FNF:1
FNH:1
FNDA:32,(anonymous_0)
DA:4,10
DA:13,10
DA:14,32
DA:16,0
DA:21,0
DA:26,0
DA:29,0
DA:35,0
DA:38,0
DA:41,32
LF:10
LH:4
BRDA:13,0,0,30
BRDA:14,1,0,0
BRDA:14,1,1,0
BRDA:14,1,2,0
BRDA:14,1,3,0
BRDA:14,1,4,0
BRDA:14,1,5,0
BRDA:14,1,6,32
BRF:8
BRH:2
end_of_record
TN:
SF:src/store/configuration/index.js
FNF:0
FNH:0
LF:0
LH:0
BRF:0
BRH:0
end_of_record
TN:
SF:src/store/contacts/contactsActions.js
FN:23,(anonymous_0)
FN:28,(anonymous_1)
FN:40,(anonymous_2)
FN:65,(anonymous_3)
FN:65,(anonymous_4)
FN:66,(anonymous_5)
FN:83,(anonymous_6)
FN:83,(anonymous_7)
FN:84,(anonymous_8)
FNF:9
FNH:4
FNDA:0,(anonymous_0)
FNDA:0,(anonymous_1)
FNDA:0,(anonymous_2)
FNDA:1,(anonymous_3)
FNDA:1,(anonymous_4)
FNDA:0,(anonymous_5)
FNDA:1,(anonymous_6)
FNDA:1,(anonymous_7)
FNDA:0,(anonymous_8)
DA:23,10
DA:28,0
DA:29,0
DA:30,0
DA:31,0
DA:33,0
DA:40,0
DA:41,0
DA:42,0
DA:47,0
DA:65,10
DA:66,1
DA:67,0
DA:71,0
DA:83,10
DA:84,1
DA:85,0
DA:86,0
LF:18
LH:5
BRDA:30,0,0,0
BRDA:30,0,1,0
BRDA:36,1,0,0
BRDA:36,1,1,0
BRF:4
BRH:0
end_of_record
TN:
SF:src/store/contacts/contactsReducer.js
FN:8,(anonymous_0)
FN:25,(anonymous_1)
FN:26,(anonymous_2)
FN:36,(anonymous_3)
FN:45,(anonymous_4)
FNF:5
FNH:1
FNDA:32,(anonymous_0)
FNDA:0,(anonymous_1)
FNDA:0,(anonymous_2)
FNDA:0,(anonymous_3)
FNDA:0,(anonymous_4)
DA:4,10
DA:8,10
DA:9,32
DA:11,0
DA:15,0
DA:20,0
DA:24,0
DA:25,0
DA:26,0
DA:28,0
DA:31,0
DA:35,0
DA:36,0
DA:38,0
DA:40,0
DA:44,0
DA:45,0
DA:46,0
DA:47,0
DA:48,0
DA:51,32
LF:21
LH:4
BRDA:8,0,0,30
BRDA:9,1,0,0
BRDA:9,1,1,0
BRDA:9,1,2,0
BRDA:9,1,3,0
BRDA:9,1,4,0
BRDA:9,1,5,0
BRDA:9,1,6,32
BRF:8
BRH:2
end_of_record
TN:
SF:src/store/contacts/index.js
FNF:0
FNH:0
LF:0
LH:0
BRF:0
BRH:0
end_of_record
TN:
SF:src/store/deviceSettins/deviceSettingsAction.js
FN:24,(anonymous_0)
FN:24,(anonymous_1)
FN:28,(anonymous_2)
FN:33,(anonymous_3)
FN:38,(anonymous_4)
FN:59,(anonymous_5)
FN:59,(anonymous_6)
FN:68,(anonymous_7)
FN:86,(anonymous_8)
FN:98,(anonymous_9)
FN:98,(anonymous_10)
FN:106,(anonymous_11)
FN:112,(anonymous_12)
FN:130,(anonymous_13)
FN:130,(anonymous_14)
FN:138,(anonymous_15)
FN:144,(anonymous_16)
FN:161,(anonymous_17)
FN:161,(anonymous_18)
FN:169,(anonymous_19)
FN:175,(anonymous_20)
FN:184,(anonymous_21)
FN:184,(anonymous_22)
FNF:23
FNH:2
FNDA:1,(anonymous_0)
FNDA:1,(anonymous_1)
FNDA:0,(anonymous_2)
FNDA:0,(anonymous_3)
FNDA:0,(anonymous_4)
FNDA:0,(anonymous_5)
FNDA:0,(anonymous_6)
FNDA:0,(anonymous_7)
FNDA:0,(anonymous_8)
FNDA:0,(anonymous_9)
FNDA:0,(anonymous_10)
FNDA:0,(anonymous_11)
FNDA:0,(anonymous_12)
FNDA:0,(anonymous_13)
FNDA:0,(anonymous_14)
FNDA:0,(anonymous_15)
FNDA:0,(anonymous_16)
FNDA:0,(anonymous_17)
FNDA:0,(anonymous_18)
FNDA:0,(anonymous_19)
FNDA:0,(anonymous_20)
FNDA:0,(anonymous_21)
FNDA:0,(anonymous_22)
DA:14,10
DA:15,10
DA:16,10
DA:17,10
DA:18,10
DA:19,10
DA:24,10
DA:25,1
DA:29,0
DA:34,0
DA:38,10
DA:41,0
DA:42,0
DA:43,0
DA:44,0
DA:45,0
DA:46,0
DA:48,0
DA:51,0
DA:56,0
DA:59,10
DA:60,0
DA:61,0
DA:63,0
DA:69,0
DA:70,0
DA:71,0
DA:76,0
DA:77,0
DA:81,0
DA:86,10
DA:98,10
DA:99,0
DA:107,0
DA:108,0
DA:113,0
DA:130,10
DA:131,0
DA:139,0
DA:140,0
DA:145,0
DA:161,10
DA:162,0
DA:170,0
DA:171,0
DA:176,0
DA:184,10
DA:185,0
DA:186,0
DA:187,0
DA:191,0
DA:196,0
LF:52
LH:15
BRDA:42,0,0,0
BRDA:42,0,1,0
BRDA:70,1,0,0
BRDA:70,1,1,0
BRDA:187,2,0,0
BRDA:187,2,1,0
BRDA:187,3,0,0
BRDA:187,3,1,0
BRDA:187,3,2,0
BRF:9
BRH:0
end_of_record
TN:
SF:src/store/deviceSettins/deviceSettingsReducer.js
FN:26,(anonymous_0)
FNF:1
FNH:1
FNDA:32,(anonymous_0)
DA:5,10
DA:26,10
DA:27,32
DA:29,0
DA:32,0
DA:36,0
DA:37,0
DA:44,0
DA:48,0
DA:49,0
DA:56,0
DA:57,0
DA:68,0
DA:77,0
DA:86,0
DA:94,32
LF:16
LH:4
BRDA:26,0,0,30
BRDA:27,1,0,0
BRDA:27,1,1,0
BRDA:27,1,2,0
BRDA:27,1,3,0
BRDA:27,1,4,0
BRDA:27,1,5,0
BRDA:27,1,6,0
BRDA:27,1,7,32
BRDA:36,2,0,0
BRDA:36,2,1,0
BRDA:48,3,0,0
BRDA:48,3,1,0
BRDA:56,4,0,0
BRDA:56,4,1,0
BRF:15
BRH:2
end_of_record
TN:
SF:src/store/deviceSettins/index.js
FNF:0
FNH:0
LF:0
LH:0
BRF:0
BRH:0
end_of_record
TN:
SF:src/utils/Bitcoin.js
FN:11,(anonymous_0)
FN:21,(anonymous_1)
FN:30,(anonymous_2)
FN:39,(anonymous_3)
FN:48,(anonymous_4)
FN:57,(anonymous_5)
FN:67,(anonymous_6)
FN:72,(anonymous_7)
FNF:8
FNH:2
FNDA:10,(anonymous_0)
FNDA:0,(anonymous_1)
FNDA:0,(anonymous_2)
FNDA:0,(anonymous_3)
FNDA:0,(anonymous_4)
FNDA:1,(anonymous_5)
FNDA:0,(anonymous_6)
FNDA:0,(anonymous_7)
DA:12,10
DA:13,10
DA:14,10
DA:21,10
DA:22,0
DA:23,0
DA:30,10
DA:31,0
DA:32,0
DA:39,10
DA:40,0
DA:41,0
DA:48,10
DA:49,0
DA:50,0
DA:57,10
DA:58,1
DA:59,0
DA:60,0
DA:62,1
DA:63,1
DA:67,10
DA:68,0
DA:69,0
DA:72,10
DA:73,0
DA:74,0
LF:27
LH:13
BRDA:58,0,0,0
BRDA:58,0,1,1
BRF:2
BRH:1
end_of_record
TN:
SF:src/utils/chatService.js
FN:8,(anonymous_0)
FN:26,(anonymous_1)
FN:30,(anonymous_2)
FN:34,(anonymous_3)
FN:38,(anonymous_4)
FN:39,(anonymous_5)
FN:54,(anonymous_6)
FN:59,(anonymous_7)
FN:60,(anonymous_8)
FN:65,(anonymous_9)
FN:66,(anonymous_10)
FN:67,(anonymous_11)
FN:76,(anonymous_12)
FN:83,(anonymous_13)
FN:85,(anonymous_14)
FN:88,(anonymous_15)
FN:89,(anonymous_16)
FN:97,(anonymous_17)
FN:98,(anonymous_18)
FNF:19
FNH:6
FNDA:10,(anonymous_0)
FNDA:0,(anonymous_1)
FNDA:0,(anonymous_2)
FNDA:0,(anonymous_3)
FNDA:10,(anonymous_4)
FNDA:0,(anonymous_5)
FNDA:0,(anonymous_6)
FNDA:10,(anonymous_7)
FNDA:0,(anonymous_8)
FNDA:10,(anonymous_9)
FNDA:0,(anonymous_10)
FNDA:0,(anonymous_11)
FNDA:0,(anonymous_12)
FNDA:0,(anonymous_13)
FNDA:0,(anonymous_14)
FNDA:10,(anonymous_15)
FNDA:0,(anonymous_16)
FNDA:10,(anonymous_17)
FNDA:0,(anonymous_18)
DA:9,10
DA:10,0
DA:13,10
DA:14,10
DA:15,10
DA:16,10
DA:17,10
DA:18,10
DA:19,10
DA:20,10
DA:21,10
DA:23,10
DA:26,10
DA:27,0
DA:30,10
DA:31,0
DA:34,10
DA:35,0
DA:38,10
DA:39,10
DA:40,0
DA:41,0
DA:42,0
DA:43,0
DA:44,0
DA:46,0
DA:47,0
DA:49,0
DA:54,10
DA:55,0
DA:56,0
DA:59,10
DA:60,10
DA:61,0
DA:65,10
DA:66,10
DA:67,0
DA:68,0
DA:70,0
DA:71,0
DA:76,10
DA:77,0
DA:78,0
DA:80,0
DA:83,10
DA:85,10
DA:88,10
DA:89,10
DA:90,0
DA:97,10
DA:98,10
DA:99,0
LF:52
LH:28
BRDA:9,0,0,0
BRDA:9,0,1,10
BRDA:42,1,0,0
BRDA:42,1,1,0
BRDA:42,1,2,0
BRDA:70,2,0,0
BRDA:70,2,1,0
BRF:7
BRH:1
end_of_record
TN:
SF:src/utils/constans.js
FNF:0
FNH:0
DA:3,10
DA:12,10
DA:14,10
DA:22,10
DA:29,10
DA:37,10
LF:6
LH:6
BRF:0
BRH:0
end_of_record
TN:
SF:src/utils/navigationService.js
FN:17,setTopLevelNavigator
FN:28,navigate
FNF:2
FNH:0
FNDA:0,setTopLevelNavigator
FNDA:0,navigate
DA:18,0
DA:29,0
LF:2
LH:0
BRF:0
BRH:0
end_of_record
TN:
SF:src/utils/notificationService.js
FN:12,(anonymous_0)
FN:19,(anonymous_1)
FN:21,(anonymous_2)
FN:27,(anonymous_3)
FN:38,(anonymous_4)
FN:42,(anonymous_5)
FNF:6
FNH:2
FNDA:20,(anonymous_0)
FNDA:20,(anonymous_1)
FNDA:0,(anonymous_2)
FNDA:0,(anonymous_3)
FNDA:0,(anonymous_4)
FNDA:0,(anonymous_5)
DA:13,20
DA:14,20
DA:16,20
DA:19,20
DA:20,20
DA:21,20
DA:22,0
DA:23,0
DA:27,20
DA:28,0
DA:39,0
DA:43,0
LF:12
LH:7
BRDA:16,0,0,20
BRDA:16,0,1,0
BRDA:22,1,0,0
BRDA:22,1,1,0
BRF:4
BRH:1
end_of_record
TN:
SF:src/utils/utils.js
FN:28,requestStoragePermission
FN:39,(anonymous_1)
FN:40,(anonymous_2)
FN:41,(anonymous_3)
FN:48,(anonymous_4)
FN:49,(anonymous_5)
FN:59,(anonymous_6)
FN:72,(anonymous_7)
FN:89,(anonymous_8)
FN:107,(anonymous_9)
FN:122,(anonymous_10)
FN:123,(anonymous_11)
FN:138,(anonymous_12)
FN:142,(anonymous_13)
FN:168,(anonymous_14)
FN:169,(anonymous_15)
FN:179,(anonymous_16)
FN:181,(anonymous_17)
FN:187,(anonymous_18)
FN:197,(anonymous_19)
FN:208,(anonymous_20)
FN:216,(anonymous_21)
FN:230,(anonymous_22)
FN:256,(anonymous_23)
FN:257,(anonymous_24)
FN:262,(anonymous_25)
FNF:26
FNH:6
FNDA:0,requestStoragePermission
FNDA:0,(anonymous_1)
FNDA:0,(anonymous_2)
FNDA:0,(anonymous_3)
FNDA:10,(anonymous_4)
FNDA:0,(anonymous_5)
FNDA:0,(anonymous_6)
FNDA:0,(anonymous_7)
FNDA:0,(anonymous_8)
FNDA:0,(anonymous_9)
FNDA:0,(anonymous_10)
FNDA:0,(anonymous_11)
FNDA:4,(anonymous_12)
FNDA:3,(anonymous_13)
FNDA:2,(anonymous_14)
FNDA:0,(anonymous_15)
FNDA:0,(anonymous_16)
FNDA:0,(anonymous_17)
FNDA:0,(anonymous_18)
FNDA:0,(anonymous_19)
FNDA:0,(anonymous_20)
FNDA:0,(anonymous_21)
FNDA:2,(anonymous_22)
FNDA:0,(anonymous_23)
FNDA:0,(anonymous_24)
FNDA:4,(anonymous_25)
DA:21,10
DA:29,0
DA:30,0
DA:35,0
DA:39,10
DA:40,0
DA:41,0
DA:42,0
DA:47,10
DA:48,10
DA:49,0
DA:59,10
DA:60,0
DA:61,0
DA:72,10
DA:73,0
DA:74,0
DA:76,0
DA:77,0
DA:78,0
DA:79,0
DA:80,0
DA:89,10
DA:90,0
DA:91,0
DA:92,0
DA:98,0
DA:107,10
DA:108,0
DA:109,0
DA:110,0
DA:111,0
DA:112,0
DA:114,0
DA:116,0
DA:117,0
DA:118,0
DA:122,10
DA:123,0
DA:125,0
DA:126,0
DA:138,10
DA:139,4
DA:140,1
DA:142,3
DA:143,3
DA:144,0
DA:146,3
DA:149,3
DA:168,10
DA:169,2
DA:170,0
DA:171,0
DA:173,0
DA:176,2
DA:179,10
DA:180,0
DA:181,0
DA:182,0
DA:183,0
DA:185,0
DA:187,0
DA:189,0
DA:197,10
DA:198,0
DA:208,10
DA:209,0
DA:216,10
DA:217,0
DA:218,0
DA:220,0
DA:230,10
DA:231,2
DA:232,2
DA:233,2
DA:235,10
DA:238,2
DA:239,2
DA:241,6
DA:242,6
DA:244,2
DA:246,0
DA:256,10
DA:257,0
DA:258,0
DA:262,10
DA:263,4
DA:264,4
DA:269,4
DA:271,0
LF:90
LH:38
BRDA:73,0,0,0
BRDA:73,0,1,0
BRDA:112,1,0,0
BRDA:112,1,1,0
BRDA:112,2,0,0
BRDA:112,2,1,0
BRDA:125,3,0,0
BRDA:125,3,1,0
BRDA:139,4,0,1
BRDA:139,4,1,3
BRDA:143,5,0,0
BRDA:143,5,1,3
BRDA:149,6,0,1
BRDA:149,6,1,2
BRDA:170,7,0,0
BRDA:170,7,1,0
BRDA:176,8,0,0
BRDA:176,8,1,2
BRDA:217,9,0,0
BRDA:217,9,1,0
BRF:20
BRH:6
end_of_record
TN:
SF:src/views/LoadWallet/AddName.js
FN:8,(anonymous_0)
FN:15,(anonymous_1)
FN:35,(anonymous_2)
FNF:3
FNH:0
FNDA:0,(anonymous_0)
FNDA:0,(anonymous_1)
FNDA:0,(anonymous_2)
DA:9,0
DA:10,0
DA:16,0
DA:17,0
DA:35,0
LF:5
LH:0
BRF:0
BRH:0
end_of_record
TN:
SF:src/views/LoadWallet/CreateAccount.js
FN:23,(anonymous_0)
FN:33,(anonymous_1)
FN:38,(anonymous_2)
FN:42,(anonymous_3)
FN:50,(anonymous_4)
FN:53,(anonymous_5)
FN:75,(anonymous_6)
FN:88,(anonymous_7)
FN:93,(anonymous_8)
FN:98,(anonymous_9)
FN:102,(anonymous_10)
FN:121,(anonymous_11)
FN:123,(anonymous_12)
FN:128,(anonymous_13)
FN:137,(anonymous_14)
FN:150,(anonymous_15)
FN:154,(anonymous_16)
FN:159,(anonymous_17)
FN:175,(anonymous_18)
FN:178,(anonymous_19)
FN:325,(anonymous_20)
FNF:21
FNH:9
FNDA:2,(anonymous_0)
FNDA:0,(anonymous_1)
FNDA:2,(anonymous_2)
FNDA:1,(anonymous_3)
FNDA:1,(anonymous_4)
FNDA:12,(anonymous_5)
FNDA:1,(anonymous_6)
FNDA:0,(anonymous_7)
FNDA:0,(anonymous_8)
FNDA:0,(anonymous_9)
FNDA:0,(anonymous_10)
FNDA:0,(anonymous_11)
FNDA:0,(anonymous_12)
FNDA:0,(anonymous_13)
FNDA:0,(anonymous_14)
FNDA:0,(anonymous_15)
FNDA:0,(anonymous_16)
FNDA:5,(anonymous_17)
FNDA:22,(anonymous_18)
FNDA:0,(anonymous_19)
FNDA:1,(anonymous_20)
DA:24,2
DA:25,2
DA:33,2
DA:34,0
DA:38,2
DA:39,2
DA:42,2
DA:43,1
DA:44,1
DA:46,0
DA:50,2
DA:51,1
DA:52,1
DA:53,12
DA:54,0
DA:55,0
DA:57,1
DA:58,0
DA:60,1
DA:62,0
DA:63,0
DA:64,0
DA:65,0
DA:66,0
DA:69,0
DA:70,0
DA:71,0
DA:75,2
DA:76,1
DA:77,0
DA:79,1
DA:80,13
DA:81,0
DA:82,0
DA:85,1
DA:88,2
DA:89,0
DA:94,0
DA:98,2
DA:99,0
DA:102,2
DA:104,0
DA:106,0
DA:107,0
DA:111,0
DA:113,0
DA:116,0
DA:121,2
DA:122,0
DA:123,0
DA:124,0
DA:125,0
DA:126,0
DA:127,0
DA:129,0
DA:133,0
DA:137,2
DA:139,0
DA:140,0
DA:141,0
DA:144,0
DA:147,0
DA:150,2
DA:151,0
DA:154,2
DA:155,0
DA:156,0
DA:162,5
DA:163,5
DA:164,5
DA:165,5
DA:166,5
DA:167,5
DA:168,5
DA:169,5
DA:176,22
DA:178,0
DA:325,1
DA:361,10
LF:79
LH:37
BRDA:39,0,0,0
BRDA:39,0,1,2
BRDA:43,1,0,1
BRDA:43,1,1,0
BRDA:43,2,0,1
BRDA:43,2,1,0
BRDA:52,3,0,1
BRDA:52,3,1,0
BRDA:57,4,0,0
BRDA:57,4,1,1
BRDA:62,5,0,0
BRDA:62,5,1,0
BRDA:64,6,0,0
BRDA:64,6,1,0
BRDA:70,7,0,0
BRDA:70,7,1,0
BRDA:76,8,0,0
BRDA:76,8,1,1
BRDA:80,9,0,0
BRDA:80,9,1,13
BRDA:113,10,0,0
BRDA:113,10,1,0
BRDA:140,11,0,0
BRDA:140,11,1,0
BRDA:163,12,0,0
BRDA:163,12,1,5
BRDA:164,13,0,2
BRDA:164,13,1,3
BRDA:164,14,0,5
BRDA:164,14,1,3
BRDA:165,15,0,5
BRDA:165,15,1,3
BRDA:165,15,2,2
BRDA:167,16,0,1
BRDA:167,16,1,4
BRDA:168,17,0,5
BRDA:168,17,1,1
BRDA:196,18,0,22
BRDA:196,18,1,2
BRDA:208,19,0,22
BRDA:208,19,1,17
BRDA:220,20,0,22
BRDA:220,20,1,0
BRDA:232,21,0,22
BRDA:232,21,1,0
BRDA:244,22,0,22
BRDA:244,22,1,3
BRDA:260,23,0,22
BRDA:260,23,1,22
BRDA:260,23,2,22
BRDA:264,24,0,22
BRDA:264,24,1,3
BRDA:288,25,0,22
BRDA:288,25,1,0
BRDA:298,26,0,22
BRDA:298,26,1,0
BRDA:307,27,0,22
BRDA:307,27,1,22
BRDA:321,28,0,22
BRDA:321,28,1,5
BRDA:337,29,0,22
BRDA:337,29,1,17
BRF:62
BRH:40
end_of_record
TN:
SF:src/views/LoadWallet/Phrases.js
FN:6,(anonymous_0)
FN:11,(anonymous_1)
FN:23,(anonymous_2)
FNF:3
FNH:2
FNDA:3,(anonymous_0)
FNDA:36,(anonymous_1)
FNDA:0,(anonymous_2)
DA:6,12
DA:10,3
DA:12,36
DA:24,0
DA:33,12
LF:5
LH:4
BRF:0
BRH:0
end_of_record
TN:
SF:src/views/LoadWallet/PinView.js
FN:9,(anonymous_0)
FN:19,(anonymous_1)
FN:30,(anonymous_2)
FN:34,(anonymous_3)
FN:40,(anonymous_4)
FN:49,(anonymous_5)
FN:52,(anonymous_6)
FN:63,(anonymous_7)
FN:72,(anonymous_8)
FN:95,(anonymous_9)
FN:99,(anonymous_10)
FN:126,(anonymous_11)
FN:128,(anonymous_12)
FNF:13
FNH:8
FNDA:3,(anonymous_0)
FNDA:3,(anonymous_1)
FNDA:5,(anonymous_2)
FNDA:12,(anonymous_3)
FNDA:0,(anonymous_4)
FNDA:0,(anonymous_5)
FNDA:0,(anonymous_6)
FNDA:0,(anonymous_7)
FNDA:3,(anonymous_8)
FNDA:8,(anonymous_9)
FNDA:48,(anonymous_10)
FNDA:90,(anonymous_11)
FNDA:0,(anonymous_12)
DA:10,3
DA:11,3
DA:19,3
DA:20,3
DA:21,3
DA:22,3
DA:23,3
DA:24,3
DA:26,3
DA:30,3
DA:31,5
DA:32,5
DA:34,2
DA:35,12
DA:37,2
DA:38,1
DA:40,1
DA:41,0
DA:43,1
DA:49,3
DA:50,0
DA:51,0
DA:52,0
DA:54,0
DA:55,0
DA:56,0
DA:59,0
DA:61,0
DA:63,0
DA:64,0
DA:65,0
DA:67,0
DA:72,3
DA:73,3
DA:77,3
DA:79,30
DA:80,30
DA:81,30
DA:84,30
DA:85,30
DA:86,30
DA:88,0
DA:92,3
DA:96,8
DA:100,48
DA:127,90
DA:128,0
DA:146,11
LF:48
LH:33
BRDA:32,0,0,2
BRDA:32,0,1,3
BRDA:37,1,0,1
BRDA:37,1,1,1
BRDA:51,2,0,0
BRDA:51,2,1,0
BRDA:54,3,0,0
BRDA:54,3,1,0
BRDA:54,4,0,0
BRDA:54,4,1,0
BRDA:56,5,0,0
BRDA:56,5,1,0
BRDA:64,6,0,0
BRDA:64,6,1,0
BRDA:80,7,0,30
BRDA:80,7,1,0
BRDA:111,8,0,36
BRDA:111,8,1,12
BRDA:129,9,0,90
BRDA:129,9,1,85
BRDA:136,10,0,90
BRDA:136,10,1,5
BRF:22
BRH:11
end_of_record
TN:
SF:src/views/LoadWallet/RestoreWithPin.js
FN:32,(anonymous_0)
FN:34,(anonymous_1)
FN:46,(anonymous_2)
FN:55,(anonymous_3)
FN:64,(anonymous_4)
FN:66,(anonymous_5)
FN:72,(anonymous_6)
FN:85,(anonymous_7)
FN:92,(anonymous_8)
FN:124,(anonymous_9)
FN:145,(anonymous_10)
FN:156,(anonymous_11)
FNF:12
FNH:2
FNDA:0,(anonymous_0)
FNDA:0,(anonymous_1)
FNDA:0,(anonymous_2)
FNDA:0,(anonymous_3)
FNDA:0,(anonymous_4)
FNDA:0,(anonymous_5)
FNDA:1,(anonymous_6)
FNDA:1,(anonymous_7)
FNDA:0,(anonymous_8)
FNDA:0,(anonymous_9)
FNDA:0,(anonymous_10)
FNDA:0,(anonymous_11)
DA:20,1
DA:32,1
DA:33,0
DA:34,0
DA:35,0
DA:36,0
DA:37,0
DA:39,0
DA:42,0
DA:46,1
DA:47,0
DA:55,1
DA:57,0
DA:58,0
DA:59,0
DA:61,0
DA:64,0
DA:65,0
DA:68,0
DA:75,1
DA:76,1
DA:77,1
DA:78,1
DA:79,1
DA:81,1
DA:86,1
DA:92,0
DA:124,0
DA:145,0
DA:156,0
DA:181,10
LF:31
LH:12
BRDA:33,0,0,0
BRDA:33,0,1,0
BRDA:35,1,0,0
BRDA:35,1,1,0
BRDA:58,2,0,0
BRDA:58,2,1,0
BRDA:76,3,0,1
BRDA:76,3,1,0
BRDA:77,4,0,0
BRDA:77,4,1,1
BRDA:79,5,0,1
BRDA:79,5,1,0
BRDA:92,6,0,0
BRDA:92,6,1,0
BRDA:98,7,0,1
BRDA:98,7,1,1
BRDA:101,8,0,1
BRDA:101,8,1,0
BRDA:101,8,2,0
BRDA:107,9,0,1
BRDA:107,9,1,0
BRDA:107,9,2,0
BRDA:113,10,0,1
BRDA:113,10,1,1
BRDA:121,11,0,1
BRDA:121,11,1,0
BRDA:121,11,2,0
BRDA:131,12,0,1
BRDA:131,12,1,0
BRF:29
BRH:11
end_of_record
TN:
SF:src/views/LoadWallet/index.js
FN:23,(anonymous_0)
FN:32,(anonymous_1)
FN:36,(anonymous_2)
FN:41,(anonymous_3)
FN:46,(anonymous_4)
FN:89,(anonymous_5)
FN:143,(anonymous_6)
FNF:7
FNH:4
FNDA:2,(anonymous_0)
FNDA:0,(anonymous_1)
FNDA:0,(anonymous_2)
FNDA:2,(anonymous_3)
FNDA:5,(anonymous_4)
FNDA:0,(anonymous_5)
FNDA:2,(anonymous_6)
DA:24,2
DA:25,2
DA:32,2
DA:33,0
DA:36,2
DA:37,0
DA:38,0
DA:41,2
DA:42,2
DA:43,2
DA:47,5
DA:49,5
DA:89,0
DA:143,10
DA:151,10
LF:15
LH:11
BRDA:52,0,0,5
BRDA:52,0,1,2
BRF:2
BRH:2
end_of_record
TN:
SF:src/views/config/AddManualAddress.js
FN:9,(anonymous_0)
FN:16,(anonymous_1)
FN:17,(anonymous_2)
FN:24,(anonymous_3)
FN:40,(anonymous_4)
FN:52,(anonymous_5)
FN:65,(anonymous_6)
FN:78,(anonymous_7)
FNF:8
FNH:0
FNDA:0,(anonymous_0)
FNDA:0,(anonymous_1)
FNDA:0,(anonymous_2)
FNDA:0,(anonymous_3)
FNDA:0,(anonymous_4)
FNDA:0,(anonymous_5)
FNDA:0,(anonymous_6)
FNDA:0,(anonymous_7)
DA:10,0
DA:11,0
DA:16,0
DA:17,0
DA:18,0
DA:27,0
DA:28,0
DA:29,0
DA:40,0
DA:52,0
DA:65,0
DA:78,0
DA:92,10
LF:13
LH:1
BRDA:28,0,0,0
BRDA:28,0,1,0
BRF:2
BRH:0
end_of_record
TN:
SF:src/views/config/AdministrativeComponent.js
FN:21,(anonymous_0)
FN:34,(anonymous_1)
FN:36,(anonymous_2)
FN:40,(anonymous_3)
FN:46,(anonymous_4)
FN:48,(anonymous_5)
FN:52,(anonymous_6)
FN:58,(anonymous_7)
FN:71,(anonymous_8)
FN:72,(anonymous_9)
FN:83,(anonymous_10)
FN:122,(anonymous_11)
FN:126,(anonymous_12)
FN:134,(anonymous_13)
FN:149,(anonymous_14)
FN:160,(anonymous_15)
FNF:16
FNH:0
FNDA:0,(anonymous_0)
FNDA:0,(anonymous_1)
FNDA:0,(anonymous_2)
FNDA:0,(anonymous_3)
FNDA:0,(anonymous_4)
FNDA:0,(anonymous_5)
FNDA:0,(anonymous_6)
FNDA:0,(anonymous_7)
FNDA:0,(anonymous_8)
FNDA:0,(anonymous_9)
FNDA:0,(anonymous_10)
FNDA:0,(anonymous_11)
FNDA:0,(anonymous_12)
FNDA:0,(anonymous_13)
FNDA:0,(anonymous_14)
FNDA:0,(anonymous_15)
DA:22,0
DA:23,0
DA:29,10
DA:34,0
DA:35,0
DA:36,0
DA:37,0
DA:40,0
DA:41,0
DA:46,0
DA:47,0
DA:48,0
DA:49,0
DA:52,0
DA:53,0
DA:58,0
DA:59,0
DA:60,0
DA:64,0
DA:71,0
DA:72,0
DA:73,0
DA:74,0
DA:75,0
DA:77,0
DA:78,0
DA:84,0
DA:122,0
DA:126,0
DA:134,0
DA:149,0
DA:160,10
LF:32
LH:2
BRDA:35,0,0,0
BRDA:35,0,1,0
BRDA:47,1,0,0
BRDA:47,1,1,0
BRDA:59,2,0,0
BRDA:59,2,1,0
BRDA:73,3,0,0
BRDA:73,3,1,0
BRF:8
BRH:0
end_of_record
TN:
SF:src/views/config/EditName.js
FN:16,(anonymous_0)
FN:23,(anonymous_1)
FN:26,(anonymous_2)
FN:32,(anonymous_3)
FN:47,(anonymous_4)
FN:68,(anonymous_5)
FN:80,(anonymous_6)
FN:93,(anonymous_7)
FNF:8
FNH:2
FNDA:2,(anonymous_0)
FNDA:0,(anonymous_1)
FNDA:0,(anonymous_2)
FNDA:3,(anonymous_3)
FNDA:0,(anonymous_4)
FNDA:0,(anonymous_5)
FNDA:0,(anonymous_6)
FNDA:0,(anonymous_7)
DA:17,2
DA:18,2
DA:23,2
DA:24,0
DA:27,0
DA:33,3
DA:34,3
DA:35,3
DA:47,0
DA:68,0
DA:80,0
DA:93,0
DA:106,11
LF:13
LH:7
BRF:0
BRH:0
end_of_record
TN:
SF:src/views/config/EditPhoto.js
FN:18,(anonymous_0)
FN:23,(anonymous_1)
FN:24,(anonymous_2)
FN:29,(anonymous_3)
FN:30,(anonymous_4)
FN:35,(anonymous_5)
FN:48,(anonymous_6)
FN:62,(anonymous_7)
FN:71,(anonymous_8)
FNF:9
FNH:0
FNDA:0,(anonymous_0)
FNDA:0,(anonymous_1)
FNDA:0,(anonymous_2)
FNDA:0,(anonymous_3)
FNDA:0,(anonymous_4)
FNDA:0,(anonymous_5)
FNDA:0,(anonymous_6)
FNDA:0,(anonymous_7)
FNDA:0,(anonymous_8)
DA:19,0
DA:20,0
DA:23,0
DA:24,0
DA:25,0
DA:29,0
DA:30,0
DA:31,0
DA:36,0
DA:37,0
DA:48,0
DA:63,0
DA:72,0
LF:13
LH:0
BRF:0
BRH:0
end_of_record
TN:
SF:src/views/config/Language.js
FN:27,(anonymous_0)
FN:34,(anonymous_1)
FN:46,(anonymous_2)
FN:49,(anonymous_3)
FN:55,(anonymous_4)
FN:87,(anonymous_5)
FN:103,(anonymous_6)
FN:112,(anonymous_7)
FNF:8
FNH:3
FNDA:1,(anonymous_0)
FNDA:0,(anonymous_1)
FNDA:0,(anonymous_2)
FNDA:0,(anonymous_3)
FNDA:2,(anonymous_4)
FNDA:0,(anonymous_5)
FNDA:8,(anonymous_6)
FNDA:0,(anonymous_7)
DA:28,1
DA:29,1
DA:35,0
DA:36,0
DA:37,0
DA:40,0
DA:43,0
DA:46,1
DA:47,0
DA:50,0
DA:56,2
DA:58,2
DA:60,2
DA:75,2
DA:87,0
DA:104,8
DA:112,0
DA:126,11
LF:18
LH:9
BRF:0
BRH:0
end_of_record
TN:
SF:src/views/config/ViewQR.js
FN:16,(anonymous_0)
FN:24,(anonymous_1)
FN:32,(anonymous_2)
FN:38,(anonymous_3)
FN:53,(anonymous_4)
FN:85,(anonymous_5)
FNF:6
FNH:4
FNDA:1,(anonymous_0)
FNDA:1,(anonymous_1)
FNDA:0,(anonymous_2)
FNDA:3,(anonymous_3)
FNDA:0,(anonymous_4)
FNDA:3,(anonymous_5)
DA:17,1
DA:18,1
DA:24,1
DA:25,1
DA:26,1
DA:32,1
DA:33,0
DA:39,3
DA:40,3
DA:53,0
DA:85,3
DA:109,11
LF:12
LH:10
BRDA:25,0,0,1
BRDA:25,0,1,0
BRF:2
BRH:1
end_of_record
TN:
SF:src/views/config/index.js
FN:31,(anonymous_0)
FN:44,(anonymous_1)
FN:55,(anonymous_2)
FN:61,(anonymous_3)
FN:62,(anonymous_4)
FN:70,(anonymous_5)
FN:72,(anonymous_6)
FN:77,(anonymous_7)
FN:82,(anonymous_8)
FN:86,(anonymous_9)
FN:147,(anonymous_10)
FN:164,(anonymous_11)
FN:206,(anonymous_12)
FN:224,(anonymous_13)
FN:250,(anonymous_14)
FN:296,(anonymous_15)
FN:313,(anonymous_16)
FN:353,(anonymous_17)
FN:394,(anonymous_18)
FNF:19
FNH:8
FNDA:1,(anonymous_0)
FNDA:0,(anonymous_1)
FNDA:0,(anonymous_2)
FNDA:0,(anonymous_3)
FNDA:0,(anonymous_4)
FNDA:0,(anonymous_5)
FNDA:0,(anonymous_6)
FNDA:0,(anonymous_7)
FNDA:0,(anonymous_8)
FNDA:7,(anonymous_9)
FNDA:1,(anonymous_10)
FNDA:0,(anonymous_11)
FNDA:1,(anonymous_12)
FNDA:1,(anonymous_13)
FNDA:0,(anonymous_14)
FNDA:1,(anonymous_15)
FNDA:1,(anonymous_16)
FNDA:0,(anonymous_17)
FNDA:1,(anonymous_18)
DA:32,1
DA:33,1
DA:44,1
DA:45,0
DA:51,10
DA:55,1
DA:56,0
DA:57,0
DA:61,1
DA:62,0
DA:63,0
DA:64,0
DA:65,0
DA:66,0
DA:67,0
DA:71,0
DA:73,0
DA:74,0
DA:82,1
DA:83,0
DA:87,7
DA:88,7
DA:148,1
DA:165,0
DA:207,1
DA:224,1
DA:251,0
DA:297,1
DA:313,1
DA:353,0
DA:394,10
DA:406,10
LF:32
LH:16
BRDA:73,0,0,0
BRDA:73,0,1,0
BRDA:91,1,0,7
BRDA:91,1,1,1
BRDA:113,2,0,7
BRDA:113,2,1,7
BRDA:128,3,0,7
BRDA:128,3,1,0
BRDA:143,4,0,7
BRDA:143,4,1,7
BRF:10
BRH:7
end_of_record
TN:
SF:src/views/contacts/AddContact.js
FN:28,(anonymous_0)
FN:41,(anonymous_1)
FN:53,(anonymous_2)
FN:57,(anonymous_3)
FN:62,(anonymous_4)
FN:68,(anonymous_5)
FN:73,(anonymous_6)
FN:79,(anonymous_7)
FN:98,(anonymous_8)
FN:107,(anonymous_9)
FN:117,(anonymous_10)
FN:122,(anonymous_11)
FN:138,(anonymous_12)
FN:140,(anonymous_13)
FN:147,(anonymous_14)
FN:157,(anonymous_15)
FN:168,(anonymous_16)
FN:195,(anonymous_17)
FN:241,(anonymous_18)
FN:258,(anonymous_19)
FN:267,(anonymous_20)
FN:276,(anonymous_21)
FN:326,(anonymous_22)
FNF:23
FNH:6
FNDA:2,(anonymous_0)
FNDA:2,(anonymous_1)
FNDA:0,(anonymous_2)
FNDA:0,(anonymous_3)
FNDA:0,(anonymous_4)
FNDA:0,(anonymous_5)
FNDA:0,(anonymous_6)
FNDA:1,(anonymous_7)
FNDA:0,(anonymous_8)
FNDA:0,(anonymous_9)
FNDA:0,(anonymous_10)
FNDA:0,(anonymous_11)
FNDA:1,(anonymous_12)
FNDA:0,(anonymous_13)
FNDA:0,(anonymous_14)
FNDA:5,(anonymous_15)
FNDA:0,(anonymous_16)
FNDA:0,(anonymous_17)
FNDA:1,(anonymous_18)
FNDA:0,(anonymous_19)
FNDA:0,(anonymous_20)
FNDA:0,(anonymous_21)
FNDA:0,(anonymous_22)
DA:29,2
DA:30,2
DA:41,2
DA:42,2
DA:43,2
DA:44,0
DA:53,2
DA:54,0
DA:57,2
DA:58,0
DA:63,0
DA:64,0
DA:68,2
DA:69,0
DA:74,0
DA:75,0
DA:79,2
DA:80,1
DA:81,1
DA:83,1
DA:84,1
DA:85,1
DA:93,1
DA:94,1
DA:99,0
DA:102,0
DA:107,0
DA:108,0
DA:111,0
DA:117,2
DA:118,0
DA:119,0
DA:120,0
DA:121,0
DA:122,0
DA:123,0
DA:131,0
DA:134,0
DA:138,2
DA:139,1
DA:140,1
DA:142,1
DA:143,0
DA:144,0
DA:147,1
DA:149,1
DA:150,0
DA:151,0
DA:154,1
DA:158,5
DA:159,5
DA:160,5
DA:162,5
DA:169,0
DA:196,0
DA:241,1
DA:258,0
DA:267,0
DA:276,0
DA:327,0
DA:372,10
LF:61
LH:30
BRDA:43,0,0,0
BRDA:43,0,1,2
BRDA:84,1,0,1
BRDA:84,1,1,0
BRDA:93,2,0,1
BRDA:93,2,1,0
BRDA:121,3,0,0
BRDA:121,3,1,0
BRDA:121,4,0,0
BRDA:121,4,1,0
BRDA:121,4,2,0
BRDA:139,5,0,1
BRDA:139,5,1,0
BRDA:142,6,0,0
BRDA:142,6,1,1
BRDA:149,7,0,0
BRDA:149,7,1,1
BRDA:160,8,0,5
BRDA:160,8,1,1
BRDA:173,9,0,5
BRDA:173,9,1,0
BRDA:183,10,0,5
BRDA:183,10,1,4
BRDA:193,11,0,5
BRDA:193,11,1,1
BRDA:202,12,0,5
BRDA:202,12,1,5
BRDA:207,13,0,5
BRDA:207,13,1,0
BRDA:223,14,0,5
BRDA:223,14,1,4
BRDA:289,15,0,4
BRDA:289,15,1,4
BRDA:301,16,0,4
BRDA:301,16,1,0
BRDA:342,17,0,5
BRDA:342,17,1,1
BRDA:344,18,0,1
BRDA:344,18,1,1
BRF:39
BRH:25
end_of_record
TN:
SF:src/views/contacts/index.js
FN:39,(anonymous_0)
FN:52,(anonymous_1)
FN:56,(anonymous_2)
FN:60,(anonymous_3)
FN:79,(anonymous_4)
FN:80,(anonymous_5)
FN:85,(anonymous_6)
FN:89,(anonymous_7)
FN:96,(anonymous_8)
FN:101,(anonymous_9)
FN:101,(anonymous_10)
FN:110,(anonymous_11)
FN:114,(anonymous_12)
FN:124,(anonymous_13)
FN:128,(anonymous_14)
FN:130,(anonymous_15)
FN:150,(anonymous_16)
FN:161,(anonymous_17)
FN:162,(anonymous_18)
FN:215,(anonymous_19)
FNF:20
FNH:6
FNDA:2,(anonymous_0)
FNDA:1,(anonymous_1)
FNDA:0,(anonymous_2)
FNDA:0,(anonymous_3)
FNDA:2,(anonymous_4)
FNDA:0,(anonymous_5)
FNDA:0,(anonymous_6)
FNDA:0,(anonymous_7)
FNDA:0,(anonymous_8)
FNDA:0,(anonymous_9)
FNDA:0,(anonymous_10)
FNDA:0,(anonymous_11)
FNDA:0,(anonymous_12)
FNDA:0,(anonymous_13)
FNDA:4,(anonymous_14)
FNDA:0,(anonymous_15)
FNDA:2,(anonymous_16)
FNDA:0,(anonymous_17)
FNDA:0,(anonymous_18)
FNDA:2,(anonymous_19)
DA:40,2
DA:41,2
DA:48,10
DA:52,2
DA:53,1
DA:56,2
DA:57,0
DA:60,2
DA:61,0
DA:62,0
DA:63,0
DA:66,0
DA:69,0
DA:70,0
DA:71,0
DA:73,0
DA:79,2
DA:80,2
DA:82,2
DA:85,2
DA:86,0
DA:89,2
DA:90,0
DA:96,0
DA:101,0
DA:102,0
DA:110,2
DA:111,0
DA:114,2
DA:115,0
DA:117,0
DA:118,0
DA:124,2
DA:125,0
DA:129,4
DA:130,0
DA:134,4
DA:151,2
DA:152,2
DA:156,2
DA:161,0
DA:162,0
DA:215,10
DA:233,10
LF:44
LH:22
BRDA:61,0,0,0
BRDA:61,0,1,0
BRDA:70,1,0,0
BRDA:70,1,1,0
BRDA:117,2,0,0
BRDA:117,2,1,0
BRDA:129,3,0,0
BRDA:129,3,1,4
BRDA:145,4,0,4
BRDA:145,4,1,1
BRDA:169,5,0,2
BRDA:169,5,1,0
BRDA:175,6,0,2
BRDA:175,6,1,0
BRDA:184,7,0,2
BRDA:184,7,1,2
BRDA:198,8,0,4
BRDA:198,8,1,4
BRF:18
BRH:9
end_of_record
TN:
SF:src/views/deviceSettings/errorInfo.js
FN:12,(anonymous_0)
FNF:1
FNH:1
FNDA:1,(anonymous_0)
DA:12,11
DA:13,1
DA:25,11
LF:3
LH:3
BRF:0
BRH:0
end_of_record
TN:
SF:src/views/deviceSettings/index.js
FN:21,(anonymous_0)
FN:33,(anonymous_1)
FN:37,(anonymous_2)
FN:42,(anonymous_3)
FN:71,(anonymous_4)
FNF:5
FNH:4
FNDA:1,(anonymous_0)
FNDA:1,(anonymous_1)
FNDA:0,(anonymous_2)
FNDA:3,(anonymous_3)
FNDA:2,(anonymous_4)
DA:22,1
DA:23,1
DA:29,10
DA:34,1
DA:37,1
DA:38,0
DA:39,0
DA:43,3
DA:44,3
DA:71,10
LF:10
LH:8
BRDA:47,0,0,3
BRDA:47,0,1,1
BRDA:48,1,0,3
BRDA:48,1,1,1
BRDA:55,2,0,3
BRDA:55,2,1,1
BRF:6
BRH:6
end_of_record
TN:
SF:src/views/deviceSettings/settingsPanel.js
FN:15,(anonymous_0)
FN:31,(anonymous_1)
FN:41,(anonymous_2)
FN:57,(anonymous_3)
FN:73,(anonymous_4)
FN:88,(anonymous_5)
FN:102,(anonymous_6)
FN:119,(anonymous_7)
FN:136,(anonymous_8)
FN:148,(anonymous_9)
FN:154,(anonymous_10)
FN:214,(anonymous_11)
FN:242,(anonymous_12)
FN:267,(anonymous_13)
FNF:14
FNH:6
FNDA:2,(anonymous_0)
FNDA:0,(anonymous_1)
FNDA:1,(anonymous_2)
FNDA:1,(anonymous_3)
FNDA:1,(anonymous_4)
FNDA:1,(anonymous_5)
FNDA:0,(anonymous_6)
FNDA:0,(anonymous_7)
FNDA:0,(anonymous_8)
FNDA:0,(anonymous_9)
FNDA:2,(anonymous_10)
FNDA:0,(anonymous_11)
FNDA:0,(anonymous_12)
FNDA:0,(anonymous_13)
DA:16,2
DA:17,2
DA:31,2
DA:32,0
DA:41,2
DA:42,1
DA:46,1
DA:47,1
DA:57,2
DA:58,1
DA:62,1
DA:63,1
DA:73,2
DA:74,1
DA:78,1
DA:79,1
DA:88,2
DA:89,1
DA:93,1
DA:94,1
DA:102,2
DA:103,0
DA:109,0
DA:110,0
DA:112,0
DA:119,2
DA:120,0
DA:121,0
DA:122,0
DA:124,0
DA:126,0
DA:128,0
DA:130,0
DA:132,0
DA:136,2
DA:137,0
DA:138,0
DA:139,0
DA:142,0
DA:143,0
DA:144,0
DA:148,2
DA:149,0
DA:155,2
DA:156,2
DA:215,0
DA:243,0
DA:268,0
DA:294,10
LF:49
LH:26
BRDA:109,0,0,0
BRDA:109,0,1,0
BRDA:122,1,0,0
BRDA:122,1,1,0
BRDA:122,1,2,0
BRDA:122,1,3,0
BRDA:122,1,4,0
BRDA:137,2,0,0
BRDA:137,2,1,0
BRDA:142,3,0,0
BRDA:142,3,1,0
BRF:11
BRH:0
end_of_record
TN:
SF:src/views/home/Chat.js
FN:29,(anonymous_0)
FN:30,(anonymous_1)
FN:44,(anonymous_2)
FN:57,(anonymous_3)
FN:64,(anonymous_4)
FN:65,(anonymous_5)
FN:79,(anonymous_6)
FN:80,(anonymous_7)
FN:95,(anonymous_8)
FN:96,(anonymous_9)
FN:103,(anonymous_10)
FN:105,(anonymous_11)
FN:112,(anonymous_12)
FN:120,(anonymous_13)
FN:145,(anonymous_14)
FN:154,(anonymous_15)
FN:159,(anonymous_16)
FN:183,(anonymous_17)
FN:185,(anonymous_18)
FN:221,(anonymous_19)
FN:229,(anonymous_20)
FN:233,(anonymous_21)
FN:240,(anonymous_22)
FN:242,(anonymous_23)
FN:255,(anonymous_24)
FN:265,(anonymous_25)
FN:279,(anonymous_26)
FN:284,(anonymous_27)
FN:296,(anonymous_28)
FN:333,(anonymous_29)
FN:337,(anonymous_30)
FN:343,(anonymous_31)
FN:397,(anonymous_32)
FNF:33
FNH:1
FNDA:10,(anonymous_0)
FNDA:0,(anonymous_1)
FNDA:0,(anonymous_2)
FNDA:0,(anonymous_3)
FNDA:0,(anonymous_4)
FNDA:0,(anonymous_5)
FNDA:0,(anonymous_6)
FNDA:0,(anonymous_7)
FNDA:0,(anonymous_8)
FNDA:0,(anonymous_9)
FNDA:0,(anonymous_10)
FNDA:0,(anonymous_11)
FNDA:0,(anonymous_12)
FNDA:0,(anonymous_13)
FNDA:0,(anonymous_14)
FNDA:0,(anonymous_15)
FNDA:0,(anonymous_16)
FNDA:0,(anonymous_17)
FNDA:0,(anonymous_18)
FNDA:0,(anonymous_19)
FNDA:0,(anonymous_20)
FNDA:0,(anonymous_21)
FNDA:0,(anonymous_22)
FNDA:0,(anonymous_23)
FNDA:0,(anonymous_24)
FNDA:0,(anonymous_25)
FNDA:0,(anonymous_26)
FNDA:0,(anonymous_27)
FNDA:0,(anonymous_28)
FNDA:0,(anonymous_29)
FNDA:0,(anonymous_30)
FNDA:0,(anonymous_31)
FNDA:0,(anonymous_32)
DA:28,10
DA:29,10
DA:30,0
DA:45,0
DA:47,0
DA:48,0
DA:57,0
DA:64,0
DA:65,0
DA:66,0
DA:67,0
DA:71,0
DA:74,0
DA:79,0
DA:80,0
DA:81,0
DA:82,0
DA:86,0
DA:89,0
DA:95,0
DA:96,0
DA:97,0
DA:98,0
DA:103,0
DA:104,0
DA:105,0
DA:106,0
DA:107,0
DA:111,0
DA:112,0
DA:113,0
DA:120,0
DA:121,0
DA:122,0
DA:123,0
DA:124,0
DA:125,0
DA:126,0
DA:136,10
DA:145,0
DA:146,0
DA:147,0
DA:148,0
DA:154,0
DA:159,0
DA:183,0
DA:184,0
DA:185,0
DA:187,0
DA:188,0
DA:192,0
DA:194,0
DA:195,0
DA:221,0
DA:222,0
DA:229,0
DA:230,0
DA:233,0
DA:234,0
DA:236,0
DA:237,0
DA:240,0
DA:241,0
DA:242,0
DA:243,0
DA:255,0
DA:256,0
DA:265,0
DA:266,0
DA:279,0
DA:280,0
DA:281,0
DA:284,0
DA:285,0
DA:286,0
DA:287,0
DA:296,0
DA:297,0
DA:301,0
DA:302,0
DA:304,0
DA:309,0
DA:315,0
DA:316,0
DA:317,0
DA:318,0
DA:319,0
DA:326,0
DA:327,0
DA:328,0
DA:333,0
DA:334,0
DA:338,0
DA:339,0
DA:340,0
DA:342,0
DA:345,0
DA:347,0
DA:397,10
LF:99
LH:4
BRDA:67,0,0,0
BRDA:67,0,1,0
BRDA:68,1,0,0
BRDA:68,1,1,0
BRDA:82,2,0,0
BRDA:82,2,1,0
BRDA:83,3,0,0
BRDA:83,3,1,0
BRDA:97,4,0,0
BRDA:97,4,1,0
BRDA:106,5,0,0
BRDA:106,5,1,0
BRDA:184,6,0,0
BRDA:184,6,1,0
BRDA:187,7,0,0
BRDA:187,7,1,0
BRDA:187,8,0,0
BRDA:187,8,1,0
BRDA:194,9,0,0
BRDA:194,9,1,0
BRDA:194,10,0,0
BRDA:194,10,1,0
BRDA:301,11,0,0
BRDA:301,11,1,0
BRDA:326,12,0,0
BRDA:326,12,1,0
BRDA:342,13,0,0
BRDA:342,13,1,0
BRDA:349,14,0,0
BRDA:349,14,1,0
BRF:30
BRH:0
end_of_record
TN:
SF:src/views/home/ChatBody.js
FN:19,(anonymous_0)
FN:27,(anonymous_1)
FN:28,(anonymous_2)
FN:36,(anonymous_3)
FN:65,(anonymous_4)
FN:66,(anonymous_5)
FN:71,(anonymous_6)
FN:77,(anonymous_7)
FN:78,(anonymous_8)
FN:86,(anonymous_9)
FN:93,(anonymous_10)
FN:94,(anonymous_11)
FN:99,(anonymous_12)
FN:103,(anonymous_13)
FN:131,(anonymous_14)
FN:132,(anonymous_15)
FNF:16
FNH:0
FNDA:0,(anonymous_0)
FNDA:0,(anonymous_1)
FNDA:0,(anonymous_2)
FNDA:0,(anonymous_3)
FNDA:0,(anonymous_4)
FNDA:0,(anonymous_5)
FNDA:0,(anonymous_6)
FNDA:0,(anonymous_7)
FNDA:0,(anonymous_8)
FNDA:0,(anonymous_9)
FNDA:0,(anonymous_10)
FNDA:0,(anonymous_11)
FNDA:0,(anonymous_12)
FNDA:0,(anonymous_13)
FNDA:0,(anonymous_14)
FNDA:0,(anonymous_15)
DA:20,0
DA:21,0
DA:27,0
DA:28,0
DA:29,0
DA:31,0
DA:36,0
DA:37,0
DA:38,0
DA:42,0
DA:43,0
DA:44,0
DA:45,0
DA:46,0
DA:57,0
DA:58,0
DA:65,0
DA:66,0
DA:68,0
DA:71,0
DA:72,0
DA:77,0
DA:78,0
DA:80,0
DA:81,0
DA:83,0
DA:86,0
DA:88,0
DA:90,0
DA:93,0
DA:94,0
DA:95,0
DA:99,0
DA:100,0
DA:104,0
DA:105,0
DA:106,0
DA:107,0
DA:131,0
DA:133,0
DA:134,0
DA:135,0
DA:136,0
DA:138,0
DA:140,0
DA:141,0
DA:151,0
DA:152,0
DA:162,0
DA:180,10
LF:50
LH:1
BRDA:29,0,0,0
BRDA:29,0,1,0
BRDA:37,1,0,0
BRDA:37,1,1,0
BRDA:38,2,0,0
BRDA:38,2,1,0
BRDA:43,3,0,0
BRDA:43,3,1,0
BRDA:44,4,0,0
BRDA:44,4,1,0
BRDA:57,5,0,0
BRDA:57,5,1,0
BRDA:80,6,0,0
BRDA:80,6,1,0
BRDA:109,7,0,0
BRDA:109,7,1,0
BRDA:134,8,0,0
BRDA:134,8,1,0
BRDA:135,9,0,0
BRDA:135,9,1,0
BRDA:136,10,0,0
BRDA:136,10,1,0
BRDA:140,11,0,0
BRDA:140,11,1,0
BRDA:140,12,0,0
BRDA:140,12,1,0
BRDA:151,13,0,0
BRDA:151,13,1,0
BRDA:151,14,0,0
BRDA:151,14,1,0
BRF:30
BRH:0
end_of_record
TN:
SF:src/views/home/ChatForm.js
FN:33,(anonymous_0)
FN:48,(anonymous_1)
FN:54,(anonymous_2)
FN:71,(anonymous_3)
FN:78,(anonymous_4)
FN:92,(anonymous_5)
FN:95,(anonymous_6)
FN:96,(anonymous_7)
FN:125,(anonymous_8)
FN:131,(anonymous_9)
FN:152,(anonymous_10)
FN:157,(anonymous_11)
FN:180,(anonymous_12)
FN:187,(anonymous_13)
FN:199,(anonymous_14)
FN:210,(anonymous_15)
FN:211,(anonymous_16)
FN:270,(anonymous_17)
FN:271,(anonymous_18)
FNF:19
FNH:0
FNDA:0,(anonymous_0)
FNDA:0,(anonymous_1)
FNDA:0,(anonymous_2)
FNDA:0,(anonymous_3)
FNDA:0,(anonymous_4)
FNDA:0,(anonymous_5)
FNDA:0,(anonymous_6)
FNDA:0,(anonymous_7)
FNDA:0,(anonymous_8)
FNDA:0,(anonymous_9)
FNDA:0,(anonymous_10)
FNDA:0,(anonymous_11)
FNDA:0,(anonymous_12)
FNDA:0,(anonymous_13)
FNDA:0,(anonymous_14)
FNDA:0,(anonymous_15)
FNDA:0,(anonymous_16)
FNDA:0,(anonymous_17)
FNDA:0,(anonymous_18)
DA:34,0
DA:35,0
DA:48,0
DA:49,0
DA:50,0
DA:51,0
DA:54,0
DA:55,0
DA:56,0
DA:67,0
DA:71,0
DA:72,0
DA:73,0
DA:75,0
DA:76,0
DA:78,0
DA:79,0
DA:82,0
DA:83,0
DA:88,0
DA:90,0
DA:92,0
DA:93,0
DA:94,0
DA:95,0
DA:96,0
DA:97,0
DA:108,0
DA:115,0
DA:125,0
DA:126,0
DA:131,0
DA:132,0
DA:133,0
DA:135,0
DA:138,0
DA:139,0
DA:140,0
DA:141,0
DA:144,0
DA:147,0
DA:154,0
DA:157,0
DA:158,0
DA:159,0
DA:160,0
DA:170,0
DA:176,0
DA:177,0
DA:180,0
DA:181,0
DA:182,0
DA:184,0
DA:188,0
DA:189,0
DA:199,0
DA:210,0
DA:212,0
DA:270,0
DA:271,0
DA:302,10
LF:61
LH:1
BRDA:63,0,0,0
BRDA:63,0,1,0
BRDA:73,1,0,0
BRDA:73,1,1,0
BRDA:75,2,0,0
BRDA:75,2,1,0
BRDA:93,3,0,0
BRDA:93,3,1,0
BRDA:93,4,0,0
BRDA:93,4,1,0
BRDA:132,5,0,0
BRDA:132,5,1,0
BRDA:140,6,0,0
BRDA:140,6,1,0
BRDA:181,7,0,0
BRDA:181,7,1,0
BRDA:181,8,0,0
BRDA:181,8,1,0
BRDA:197,9,0,0
BRDA:197,9,1,0
BRDA:221,10,0,0
BRDA:221,10,1,0
BRDA:267,11,0,0
BRDA:267,11,1,0
BRDA:276,12,0,0
BRDA:276,12,1,0
BRDA:287,13,0,0
BRDA:287,13,1,0
BRF:28
BRH:0
end_of_record
TN:
SF:src/views/home/Messages.js
FN:18,(anonymous_0)
FN:19,(anonymous_1)
FN:22,(anonymous_2)
FN:31,(anonymous_3)
FN:32,(anonymous_4)
FN:97,(anonymous_5)
FN:123,(anonymous_6)
FN:124,(anonymous_7)
FN:167,(anonymous_8)
FN:184,(anonymous_9)
FN:201,(anonymous_10)
FN:202,(anonymous_11)
FN:278,(anonymous_12)
FN:279,(anonymous_13)
FNF:14
FNH:1
FNDA:10,(anonymous_0)
FNDA:0,(anonymous_1)
FNDA:0,(anonymous_2)
FNDA:0,(anonymous_3)
FNDA:0,(anonymous_4)
FNDA:0,(anonymous_5)
FNDA:0,(anonymous_6)
FNDA:0,(anonymous_7)
FNDA:0,(anonymous_8)
FNDA:0,(anonymous_9)
FNDA:0,(anonymous_10)
FNDA:0,(anonymous_11)
FNDA:0,(anonymous_12)
FNDA:0,(anonymous_13)
DA:17,10
DA:18,10
DA:19,0
DA:22,10
DA:30,0
DA:31,0
DA:32,0
DA:97,10
DA:104,0
DA:105,0
DA:108,0
DA:110,0
DA:112,0
DA:113,0
DA:114,0
DA:123,0
DA:124,0
DA:167,0
DA:184,10
DA:196,0
DA:197,0
DA:201,0
DA:202,0
DA:266,0
DA:267,0
DA:278,0
DA:279,0
DA:302,10
LF:28
LH:6
BRDA:41,0,0,0
BRDA:41,0,1,0
BRDA:41,0,2,0
BRDA:55,1,0,0
BRDA:55,1,1,0
BRDA:66,2,0,0
BRDA:66,2,1,0
BRDA:105,3,0,0
BRDA:105,3,1,0
BRDA:105,3,2,0
BRDA:108,4,0,0
BRDA:108,4,1,0
BRDA:110,5,0,0
BRDA:110,5,1,0
BRDA:112,6,0,0
BRDA:112,6,1,0
BRDA:113,7,0,0
BRDA:113,7,1,0
BRDA:128,8,0,0
BRDA:128,8,1,0
BRDA:147,9,0,0
BRDA:147,9,1,0
BRDA:147,9,2,0
BRDA:153,10,0,0
BRDA:153,10,1,0
BRDA:160,11,0,0
BRDA:160,11,1,0
BRDA:166,12,0,0
BRDA:166,12,1,0
BRDA:196,13,0,0
BRDA:196,13,1,0
BRDA:211,14,0,0
BRDA:211,14,1,0
BRDA:211,14,2,0
BRDA:223,15,0,0
BRDA:223,15,1,0
BRDA:223,15,2,0
BRDA:230,16,0,0
BRDA:230,16,1,0
BRDA:238,17,0,0
BRDA:238,17,1,0
BRDA:266,18,0,0
BRDA:266,18,1,0
BRF:43
BRH:0
end_of_record
TN:
SF:src/views/home/fileModal.js
FN:22,(anonymous_0)
FN:35,(anonymous_1)
FN:41,(anonymous_2)
FN:42,(anonymous_3)
FN:60,(anonymous_4)
FN:67,(anonymous_5)
FN:70,(anonymous_6)
FN:86,(anonymous_7)
FN:97,(anonymous_8)
FN:114,(anonymous_9)
FN:123,(anonymous_10)
FNF:11
FNH:0
FNDA:0,(anonymous_0)
FNDA:0,(anonymous_1)
FNDA:0,(anonymous_2)
FNDA:0,(anonymous_3)
FNDA:0,(anonymous_4)
FNDA:0,(anonymous_5)
FNDA:0,(anonymous_6)
FNDA:0,(anonymous_7)
FNDA:0,(anonymous_8)
FNDA:0,(anonymous_9)
FNDA:0,(anonymous_10)
DA:23,0
DA:24,0
DA:35,0
DA:36,0
DA:38,0
DA:42,0
DA:43,0
DA:49,0
DA:50,0
DA:60,0
DA:61,0
DA:62,0
DA:68,0
DA:70,0
DA:71,0
DA:78,0
DA:79,0
DA:87,0
DA:88,0
DA:97,0
DA:115,0
DA:124,0
LF:22
LH:0
BRF:0
BRH:0
end_of_record
TN:
SF:src/views/home/index.js
FN:43,(anonymous_0)
FN:55,(anonymous_1)
FN:60,(anonymous_2)
FN:80,(anonymous_3)
FN:88,(anonymous_4)
FN:93,(anonymous_5)
FN:93,(anonymous_6)
FN:102,(anonymous_7)
FN:103,(anonymous_8)
FN:108,(anonymous_9)
FN:117,(anonymous_10)
FN:128,(anonymous_11)
FN:158,(anonymous_12)
FN:165,(anonymous_13)
FN:169,(anonymous_14)
FN:170,(anonymous_15)
FN:176,(anonymous_16)
FN:178,(anonymous_17)
FN:195,(anonymous_18)
FN:213,(anonymous_19)
FN:216,(anonymous_20)
FN:280,(anonymous_21)
FN:294,(anonymous_22)
FNF:23
FNH:0
FNDA:0,(anonymous_0)
FNDA:0,(anonymous_1)
FNDA:0,(anonymous_2)
FNDA:0,(anonymous_3)
FNDA:0,(anonymous_4)
FNDA:0,(anonymous_5)
FNDA:0,(anonymous_6)
FNDA:0,(anonymous_7)
FNDA:0,(anonymous_8)
FNDA:0,(anonymous_9)
FNDA:0,(anonymous_10)
FNDA:0,(anonymous_11)
FNDA:0,(anonymous_12)
FNDA:0,(anonymous_13)
FNDA:0,(anonymous_14)
FNDA:0,(anonymous_15)
FNDA:0,(anonymous_16)
FNDA:0,(anonymous_17)
FNDA:0,(anonymous_18)
FNDA:0,(anonymous_19)
FNDA:0,(anonymous_20)
FNDA:0,(anonymous_21)
FNDA:0,(anonymous_22)
DA:44,0
DA:45,0
DA:51,10
DA:55,0
DA:56,0
DA:60,0
DA:61,0
DA:62,0
DA:63,0
DA:64,0
DA:65,0
DA:66,0
DA:69,0
DA:71,0
DA:72,0
DA:74,0
DA:80,0
DA:81,0
DA:82,0
DA:88,0
DA:93,0
DA:94,0
DA:102,0
DA:103,0
DA:105,0
DA:108,0
DA:109,0
DA:110,0
DA:112,0
DA:117,0
DA:118,0
DA:128,0
DA:129,0
DA:130,0
DA:131,0
DA:139,0
DA:140,0
DA:149,0
DA:158,0
DA:159,0
DA:160,0
DA:162,0
DA:165,0
DA:166,0
DA:169,0
DA:170,0
DA:171,0
DA:173,0
DA:177,0
DA:179,0
DA:185,0
DA:196,0
DA:198,0
DA:202,0
DA:203,0
DA:204,0
DA:206,0
DA:207,0
DA:208,0
DA:214,0
DA:216,0
DA:280,0
DA:294,10
LF:63
LH:2
BRDA:61,0,0,0
BRDA:61,0,1,0
BRDA:63,1,0,0
BRDA:63,1,1,0
BRDA:71,2,0,0
BRDA:71,2,1,0
BRDA:130,3,0,0
BRDA:130,3,1,0
BRDA:139,4,0,0
BRDA:139,4,1,0
BRDA:151,5,0,0
BRDA:151,5,1,0
BRDA:159,6,0,0
BRDA:159,6,1,0
BRDA:177,7,0,0
BRDA:177,7,1,0
BRDA:179,8,0,0
BRDA:179,8,1,0
BRDA:196,9,0,0
BRDA:196,9,1,0
BRDA:207,10,0,0
BRDA:207,10,1,0
BRDA:219,11,0,0
BRDA:219,11,1,0
BRDA:225,12,0,0
BRDA:225,12,1,0
BRDA:248,13,0,0
BRDA:248,13,1,0
BRF:28
BRH:0
end_of_record
TN:
SF:src/views/home/imagesView/index.js
FN:16,(anonymous_0)
FN:25,(anonymous_1)
FN:31,(anonymous_2)
FN:36,(anonymous_3)
FN:42,(anonymous_4)
FN:47,(anonymous_5)
FN:60,(anonymous_6)
FN:96,(anonymous_7)
FN:97,(anonymous_8)
FNF:9
FNH:0
FNDA:0,(anonymous_0)
FNDA:0,(anonymous_1)
FNDA:0,(anonymous_2)
FNDA:0,(anonymous_3)
FNDA:0,(anonymous_4)
FNDA:0,(anonymous_5)
FNDA:0,(anonymous_6)
FNDA:0,(anonymous_7)
FNDA:0,(anonymous_8)
DA:17,0
DA:18,0
DA:25,0
DA:26,0
DA:31,0
DA:32,0
DA:37,0
DA:38,0
DA:42,0
DA:48,0
DA:61,0
DA:96,0
DA:98,0
DA:119,10
LF:14
LH:1
BRDA:75,0,0,0
BRDA:75,0,1,0
BRF:2
BRH:0
end_of_record
